1
                 Chemistry at HARvard Macromolecular Mechanics
           (CHARMM) - Developmental Version 41b1     August 15, 2016            
       Copyright(c) 1984-2014  President and Fellows of Harvard College
                              All Rights Reserved
        Current operating system: Linux-3.2.0-2-amd64(x86_64)@n112[+  7]        
                 Created on  4/29/19 at 14:25:49 by user: fylin       

            Maximum number of ATOMS:    360720, and RESidues:      120240
 RDTITL> * GENERATED BY CHARMM-GUI (HTTP://WWW.CHARMM-GUI.ORG) V1.8 ON APR, 20. 2017. JOBID=1492717725
 RDTITL> * SETUP PERIODIC BOUNDARY CONDITION
 RDTITL> *
  
 CHARMM>     
  
 CHARMM>    DIMENS CHSIZE 3000000 MAXRES 3000000
Size      Original         New
MAXA        360720     3000000
MAXB        360720     3000000
MAXT        721440     6000000
MAXP       1082160     9000000
MAXIMP      180360     1500000
MAXNB        90180      750000
MAXPAD      360720     3000000
MAXRES      120240     3000000
MAXSEG       45090      375000
MAXATC        1400
MAXCB         3000
MAXCT        11000
MAXCP        20000
MAXCI         1200
MAXCH         6400
MAXCN       502503
MAXCRT      120240     1000000
  
 CHARMM>     
  
 CHARMM>    ! Read topology and parameter files
 CHARMM>    stream toppar.str
 VOPEN> Attempting to open::toppar.str::
 OPNLGU> Unit 99 opened for READONLY access to toppar.str

                    INPUT STREAM SWITCHING TO UNIT    99
 RDTITL> * GENERATED BY CHARMM-GUI (HTTP://WWW.CHARMM-GUI.ORG) VERSION ON MAY, 27. 2015.
 RDTITL> * STREAM FILE FOR TOPOLOGY AND PARAMETER READING
 RDTITL> *
 Parameter: IN1 <- "" <empty>
  
 CHARMM>     
  
 CHARMM>    set toppar ../add_toppar
 Parameter: TOPPAR <- "../ADD_TOPPAR"
  
 CHARMM>     
  
 CHARMM>    ! protein topology and parameter
 CHARMM>    open read card unit 10 name @toppar/top_all36_prot.rtf
 Parameter: TOPPAR -> "../ADD_TOPPAR"
 VOPEN> Attempting to open::../add_toppar/top_all36_prot.rtf::
 OPNLGU> Unit 10 opened for READONLY access to ../add_toppar/top_all36_prot.rtf
  
 CHARMM>    read  rtf card unit 10
 MAINIO> Residue topology file being read from unit  10.
 TITLE> *>>>>>>>>CHARMM36 ALL-HYDROGEN TOPOLOGY FILE FOR PROTEINS <<<<<<
 TITLE> *>>>>> INCLUDES PHI, PSI CROSS TERM MAP (CMAP) CORRECTION <<<<<<<
 TITLE> *>>>>>>>>>>>>>>>>>>>>>>>>>> MAY 2011 <<<<<<<<<<<<<<<<<<<<<<<<<<<<
 TITLE> * ALL COMMENTS TO THE CHARMM WEB SITE: WWW.CHARMM.ORG
 TITLE> *             PARAMETER SET DISCUSSION FORUM
 TITLE> *
  
 CHARMM>     
  
 CHARMM>    open read card unit 20 name @toppar/par_all36_prot.prm
 Parameter: TOPPAR -> "../ADD_TOPPAR"
 VOPEN> Attempting to open::../add_toppar/par_all36_prot.prm::
 OPNLGU> Unit 20 opened for READONLY access to ../add_toppar/par_all36_prot.prm
  
 CHARMM>    read para card unit 20 flex

          PARAMETER FILE BEING READ FROM UNIT 20
 TITLE> *>>>> CHARMM36 ALL-HYDROGEN PARAMETER FILE FOR PROTEINS <<<<<<<<<<
 TITLE> *>>>>> INCLUDES PHI, PSI CROSS TERM MAP (CMAP) CORRECTION <<<<<<<<
 TITLE> *>>>>>>>>>>>>>>>>>>>>>>>>>> FEB. 2012 <<<<<<<<<<<<<<<<<<<<<<<<<<<<
 TITLE> * ALL COMMENTS TO THE CHARMM WEB SITE: WWW.CHARMM.ORG
 TITLE> *             PARAMETER SET DISCUSSION FORUM
 TITLE> *
 PARMIO> NONBOND, HBOND lists and IMAGE atoms cleared.
  
 CHARMM>     
  
 CHARMM>    !!
 CHARMM>    open read card unit 10 name @toppar/top_all36_na.rtf
 Parameter: TOPPAR -> "../ADD_TOPPAR"
 OPNLGU> Unit already open. The old file will be closed first.
 VCLOSE: Closing unit   10 with status "KEEP"
 VOPEN> Attempting to open::../add_toppar/top_all36_na.rtf::
 OPNLGU> Unit 10 opened for READONLY access to ../add_toppar/top_all36_na.rtf
  
 CHARMM>    read  rtf card unit 10 append
 MAINIO> Residue topology file being read from unit  10.
 TITLE> *  \\\\ CHARMM36 ALL-HYDROGEN NUCLEIC ACID TOPOLOGY FILE ////
 TITLE> *   ALEXANDER D. MACKERELL JR. AND COWORKERS
 TITLE> *                      APRIL 2011
 TITLE> * ALL COMMENTS TO THE CHARMM WEB SITE: WWW.CHARMM.ORG
 TITLE> *           PARAMETER SET DISCUSSION FORUM
 TITLE> *
  
 CHARMM>     
  
 CHARMM>    open read card unit 20 name @toppar/par_all36_na.prm
 Parameter: TOPPAR -> "../ADD_TOPPAR"
 OPNLGU> Unit already open. The old file will be closed first.
 VCLOSE: Closing unit   20 with status "KEEP"
 VOPEN> Attempting to open::../add_toppar/par_all36_na.prm::
 OPNLGU> Unit 20 opened for READONLY access to ../add_toppar/par_all36_na.prm
  
 CHARMM>    read para card unit 20 append flex

          PARAMETER FILE BEING READ FROM UNIT 20
 TITLE> * \\\\ CHARMM36 ALL-HYDROGEN NUCLEIC ACID PARAMETER FILE ////
 TITLE> *         ALEXANDER D. MACKERELL JR. AND COWORKERS
 TITLE> *                        APRIL 2011
 TITLE> * ALL COMMENTS TO THE CHARMM WEB SITE: WWW.CHARMM.ORG PARAMETER
 TITLE> *                     SET DISCUSSION FORUM
 TITLE> *
 PARMIO> NONBOND, HBOND lists and IMAGE atoms cleared.
  
 CHARMM>     
  
 CHARMM>    ! carbohydrates
 CHARMM>    open read card unit 10 name @toppar/top_all36_carb.rtf
 Parameter: TOPPAR -> "../ADD_TOPPAR"
 OPNLGU> Unit already open. The old file will be closed first.
 VCLOSE: Closing unit   10 with status "KEEP"
 VOPEN> Attempting to open::../add_toppar/top_all36_carb.rtf::
 OPNLGU> Unit 10 opened for READONLY access to ../add_toppar/top_all36_carb.rtf
  
 CHARMM>    read  rtf card unit 10 append
 MAINIO> Residue topology file being read from unit  10.
 TITLE> * $ID: TOP_ALLXX_SUGAR.INP,V 1.106 2014/08/19 19:07:43 ALEX EXP $
 TITLE> *>>>>>>>>>>>> ALL-HYDROGEN TOPOLOGIES USED IN THE <<<<<<<<<<<<<<<<
 TITLE> *>>>>> DEVELOPMENT OF THE CHARMM CARBOHYDRATE  FORCE FIELD<<<<<<<<
 TITLE> *>>>>>>>>>>>>>>>>>>>>>>>>> JUNE 2009 <<<<<<<<<<<<<<<<<<<<<<<<<<<<<
 TITLE> *>>>>>>>> DIRECT COMMENTS TO ALEXANDER D. MACKERELL JR. <<<<<<<<<<
 TITLE> *>>>>>>>>>> VIA THE CHARMM WEB SITE: WWW.CHARMM.ORG <<<<<<<<<<<<<<
 TITLE> *>>>>>>>>>>>>>>> PARAMETER SET DISCUSSION FORUM <<<<<<<<<<<<<<<<<<
 TITLE> *
  
 CHARMM>     
  
 CHARMM>    open read card unit 20 name @toppar/par_all36_carb.prm
 Parameter: TOPPAR -> "../ADD_TOPPAR"
 OPNLGU> Unit already open. The old file will be closed first.
 VCLOSE: Closing unit   20 with status "KEEP"
 VOPEN> Attempting to open::../add_toppar/par_all36_carb.prm::
 OPNLGU> Unit 20 opened for READONLY access to ../add_toppar/par_all36_carb.prm
  
 CHARMM>    read para card unit 20 append flex

          PARAMETER FILE BEING READ FROM UNIT 20
 TITLE> * $ID: PAR_ALLXX_SUGAR.INP,V 1.132 2014/08/19 19:03:21 ALEX EXP $
 TITLE> *>>>>>>>>>>>> ALL-HYDROGEN PARAMETERS USED IN THE <<<<<<<<<<<<<<<<
 TITLE> *>>>>> DEVELOPMENT OF THE CHARMM CARBOHYDRATE  FORCE FIELD<<<<<<<<
 TITLE> *>>>>>>>>>>>>>>>>>>>>>>>>> JUNE 2009 <<<<<<<<<<<<<<<<<<<<<<<<<<<<<
 TITLE> *>>>>>>>> DIRECT COMMENTS TO ALEXANDER D. MACKERELL JR. <<<<<<<<<<
 TITLE> *>>>>>>>>>> VIA THE CHARMM WEB SITE: WWW.CHARMM.ORG <<<<<<<<<<<<<<
 TITLE> *>>>>>>>>>>>>>>> PARAMETER SET DISCUSSION FORUM <<<<<<<<<<<<<<<<<<
 TITLE> *
 PARMIO> NONBOND, HBOND lists and IMAGE atoms cleared.
  
 CHARMM>     
  
 CHARMM>    ! lipids
 CHARMM>    open read card unit 10 name @toppar/top_all36_lipid.rtf
 Parameter: TOPPAR -> "../ADD_TOPPAR"
 OPNLGU> Unit already open. The old file will be closed first.
 VCLOSE: Closing unit   10 with status "KEEP"
 VOPEN> Attempting to open::../add_toppar/top_all36_lipid.rtf::
 OPNLGU> Unit 10 opened for READONLY access to ../add_toppar/top_all36_lipid.rtf
  
 CHARMM>    read  rtf card unit 10 append
 MAINIO> Residue topology file being read from unit  10.
 TITLE> *  \\\\\\\ CHARMM36 ALL-HYDROGEN LIPID TOPOLOGY FILE ///////
 TITLE> *  ALL COMMENTS AND QUESTIONS SHOULD BE SUBMITTED TO THE
 TITLE> *  PARAMETER FORUM AT THE CHARMM WEBSITE: WWW.CHARMM.ORG
 TITLE> *
  
 CHARMM>     
  
 CHARMM>    open read card unit 20 name @toppar/par_all36_lipid.prm
 Parameter: TOPPAR -> "../ADD_TOPPAR"
 OPNLGU> Unit already open. The old file will be closed first.
 VCLOSE: Closing unit   20 with status "KEEP"
 VOPEN> Attempting to open::../add_toppar/par_all36_lipid.prm::
 OPNLGU> Unit 20 opened for READONLY access to ../add_toppar/par_all36_lipid.prm
  
 CHARMM>    read para card unit 20 append flex

          PARAMETER FILE BEING READ FROM UNIT 20
 TITLE> *  \\\\\\\ CHARMM36 ALL-HYDROGEN LIPID PARAMETER FILE ///////
 TITLE> *  ALL COMMENTS AND QUESTIONS SHOULD BE SUBMITTED TO THE
 TITLE> *  PARAMETER FORUM AT THE CHARMM WEBSITE: WWW.CHARMM.ORG
 TITLE> *
 PARMIO> NONBOND, HBOND lists and IMAGE atoms cleared.
  
 CHARMM>     
  
 CHARMM>     
  
 CHARMM>     
  
 CHARMM>    stream @toppar/stream/prot/toppar_all36_prot_fluoro_alkanes.str
 Parameter: TOPPAR -> "../ADD_TOPPAR"
 VOPEN> Attempting to open::../add_toppar/stream/prot/toppar_all36_prot_fluoro_alkanes.str::
 OPNLGU> Unit 98 opened for READONLY access to ../add_toppar/stream/prot/toppar_all36_prot_fluoro_alkanes.str

                    INPUT STREAM SWITCHING TO UNIT    98
 RDTITL> * TOPOLOGY AND PARAMETERS FOR FLUORINATED ALKANES.
 RDTITL> *
 Parameter: IN1 <- "" <empty>
  
 CHARMM>     
  
 CHARMM>    !Parent files that have to be read prior to streaming this file
 CHARMM>    !top_all36_prot.rtf
 CHARMM>    !par_all36_prot.prm
 CHARMM>     
  
 CHARMM>    !Testcase
 CHARMM>    !test_all36_prot_fluoro_alkanes.inp
 CHARMM>     
  
 CHARMM>    !Reference
 CHARMM>    !Chen, I.-J., Yin, D. and MacKerell, Jr., A.D., "Combined Ab
 CHARMM>    !initio/Empirical Approach for Optimization of Lennard-Jones Parameters
 CHARMM>    !for Polar-Neutral Compounds," Journal of Computational Chemistry,
 CHARMM>    !2002, 23:199-213.
 CHARMM>    !
 CHARMM>    !Note that these parameters are higly optimized to reproduce the
 CHARMM>    !corresponding condensed phase properties and have not been incorporated
 CHARMM>    !into the CHARMM22 or CHARMM27 biomolecular force fields
 CHARMM>     
  
 CHARMM>    read rtf card append
 MAINIO> Residue topology file being read from unit  98.
 RDTITL> * TOPOLOGY FOR FLUOROALKANES
 RDTITL> *
  
 CHARMM>     
  
 CHARMM>    read para card flex append

          PARAMETER FILE BEING READ FROM UNIT 98
 RDTITL> * FLUOROALKANE PARAMETERS
 RDTITL> *
 PARMIO> NONBOND, HBOND lists and IMAGE atoms cleared.
  
 CHARMM>     
  
 CHARMM>    return
 VCLOSE: Closing unit   98 with status "KEEP"

                    RETURNING TO INPUT STREAM    99
  
 CHARMM>    stream @toppar/stream/prot/toppar_all36_prot_na_combined.str
 Parameter: TOPPAR -> "../ADD_TOPPAR"
 VOPEN> Attempting to open::../add_toppar/stream/prot/toppar_all36_prot_na_combined.str::
 OPNLGU> Unit 98 opened for READONLY access to ../add_toppar/stream/prot/toppar_all36_prot_na_combined.str

                    INPUT STREAM SWITCHING TO UNIT    98
 RDTITL> * TOPOLOGY AND PARAMETER STREAM FILE FOR PATCHES TO CREATE
 RDTITL> * MODEL COMPOUNDS AND PATCHES THAT REQUIRE BOTH PROTEIN AND
 RDTITL> * NUCLEIC ACID TOPOLOGY AND PARAMETER INFORMATION
 RDTITL> *
 Parameter: IN1 <- "" <empty>
  
 CHARMM>     
  
 CHARMM>    !Parent files that have to be read prior to streaming this file
 CHARMM>    !top_all36_prot.rtf
 CHARMM>    !par_all36_prot.prm
 CHARMM>    !top_all36_na.rtf
 CHARMM>    !par_all36_na.prm
 CHARMM>    !stream/toppar_all36_prot_fluoro_alkanes.str ! atom types an parameters for fluorinated compounds
 CHARMM>     
  
 CHARMM>    !Testcase
 CHARMM>    !test_all36_prot_na_combined.inp
 CHARMM>     
  
 CHARMM>    !all patches must be followed by AUTOGENERATE ANGLES DIHEDRALS
 CHARMM>     
  
 CHARMM>    !PHOSPHOTYROSINE
 CHARMM>    !
 CHARMM>    !Feng, M.-H., Philippopoulos, M., MacKerell, Jr., A.D. and Lim, C.
 CHARMM>    !Structural Characterization of the Phosphotyrosine Binding Region of a
 CHARMM>    !High-Affinity aSH2 Domain-Phosphopeptide Complex by Molecular Dynamics
 CHARMM>    !Simulation and Chemical Shift Calculations. Journal of the American
 CHARMM>    !Chemical Society, 1996, 118: 11265-11277.
 CHARMM>     
  
 CHARMM>    read rtf card append
 MAINIO> Residue topology file being read from unit  98.
 RDTITL> * TOPOLOGY FOR PHOSPHORYLATED AMINO ACIDS
 RDTITL> *
  
 CHARMM>     
  
 CHARMM>    read para card flex append

          PARAMETER FILE BEING READ FROM UNIT 98
 RDTITL> * ADDITIONAL PARAMETERS FOR PHOSPHORYLATED AMINO ACIDS
 RDTITL> *
 PARMIO> NONBOND, HBOND lists and IMAGE atoms cleared.
  
 VCLOSE: Closing unit   98 with status "KEEP"

                    RETURNING TO INPUT STREAM    99
  
 CHARMM>     
  
 CHARMM>     
  
 CHARMM>    ! glycopeptide
 CHARMM>    !stream @toppar/toppar_all36_carb_glycopeptide.str
 CHARMM>     
  
 CHARMM>    ! Extra Lipids
 CHARMM>    !stream @toppar/toppar_all36_lipid_bacterial.str
 CHARMM>     
  
 CHARMM>    ! Read additional topology and parameter file for water and ions
 CHARMM>    stream @toppar/toppar_water_ions.str
 Parameter: TOPPAR -> "../ADD_TOPPAR"
 VOPEN> Attempting to open::../add_toppar/toppar_water_ions.str::
 OPNLGU> Unit 98 opened for READONLY access to ../add_toppar/toppar_water_ions.str

                    INPUT STREAM SWITCHING TO UNIT    98
 RDTITL> * TOPLOGY AND PARAMETER INFORMATION FOR WATER AND IONS.
 RDTITL> *
 Parameter: IN1 <- "" <empty>
  
 CHARMM>     
  
 CHARMM>    !Testcase
 CHARMM>    !test_water_ions.inp
 CHARMM>     
  
 CHARMM>    ! IMPORTANT NOTE: this file contains NBFixes between carboxylates and sodium,
 CHARMM>    ! which will only apply if the main files containing carboxylate atom types
 CHARMM>    ! have been read in first!
 CHARMM>     
  
 CHARMM>    !references
 CHARMM>    !
 CHARMM>    !TIP3P water model
 CHARMM>    !
 CHARMM>    !W.L. Jorgensen; J.Chandrasekhar; J.D. Madura; R.W. Impey;
 CHARMM>    !M.L. Klein; "Comparison of simple potential functions for
 CHARMM>    !simulating liquid water", J. Chem. Phys. 79 926-935 (1983).
 CHARMM>    !
 CHARMM>    !IONS
 CHARMM>    !
 CHARMM>    !Ions from Roux and coworkers
 CHARMM>    !
 CHARMM>    !Beglov, D. and Roux, B., Finite Representation of an Infinite
 CHARMM>    !Bulk System: Solvent Boundary Potential for Computer Simulations,
 CHARMM>    !Journal of Chemical Physics, 1994, 100: 9050-9063
 CHARMM>    !
 CHARMM>    !ZINC
 CHARMM>    !
 CHARMM>    !Stote, R.H. and Karplus, M. Zinc Binding in Proteins and
 CHARMM>    !Solution: A Simple but Accurate Nonbonded Representation, PROTEINS:
 CHARMM>    !Structure, Function, and Genetics 23:12-31 (1995)
 CHARMM>     
  
 CHARMM>    !test "append" to determine if previous toppar files have been read and
 CHARMM>    !add append to "read rtf card" if true
 CHARMM>    set nat ?NATC
 RDCMND substituted energy or value "?NATC" to "191"
 Parameter: NAT <- "191"
  
 CHARMM>    set app
 Parameter: APP <- "" <empty>
  
 CHARMM>    !We're exploiting what is arguably a bug in the parser. On the left hand side,
 CHARMM>    !the quotes have priority, so NAT is correctly substituted. On the right hand
 CHARMM>    !side, the ? has priority and NATC" (sic) is not a valid substitution...
 CHARMM>    if "@NAT" ne "?NATC" if @nat ne 0 set app append
 Parameter: NAT -> "191"
 Parameter: NAT -> "191"
 RDCMND: can not substitute energy "?NATC""
 Comparing ""191"" and ""?NATC"".
 IF test evaluated as true.  Performing command
 Comparing "191" and "0".
 IF test evaluated as true.  Performing command
 Parameter: APP <- "APPEND"
  
 CHARMM>     
  
 CHARMM>    read rtf card @app
 Parameter: APP -> "APPEND"
 MAINIO> Residue topology file being read from unit  98.
 RDTITL> * TOPOLOGY FOR WATER AND IONS
 RDTITL> *
  
 CHARMM>     
  
 CHARMM>    read para card flex @app
 Parameter: APP -> "APPEND"

          PARAMETER FILE BEING READ FROM UNIT 98
 RDTITL> * PARAMETERS FOR WATER AND IONS
 RDTITL> *
 PARMIO> NONBOND, HBOND lists and IMAGE atoms cleared.
  
 CHARMM>     
  
 CHARMM>    ! The following section contains NBFixes for sodium interacting with
 CHARMM>    ! carboxylate oxygens of various CHARMM force fields. It will generate
 CHARMM>    ! level -1 warnings whenever any of these force fields have not been
 CHARMM>    ! read prior to the current stream file. Since we don't want to force
 CHARMM>    ! the user to always read all the force fields, we're suppressing the
 CHARMM>    ! warnings. The only side effect is that you will have "most severe
 CHARMM>    ! warning was at level 0" at the end of your output. Also note that
 CHARMM>    ! the user is responsible for reading the current file last if they
 CHARMM>    ! want the NBFixes to apply. A more elegant solution would require new
 CHARMM>    ! features to be added to CHARMM.
 CHARMM>    ! parallel fix, to avoid duplicated messages in the log
 CHARMM>    set para
 Parameter: PARA <- "" <empty>
  
 CHARMM>    if ?NUMNODE gt 1 set para node 0
 RDCMND substituted energy or value "?NUMNODE" to "8"
 Comparing "8" and "1".
 IF test evaluated as true.  Performing command
 Parameter: PARA <- "NODE 0"
  
 CHARMM>     
  
 CHARMM>    set wrn ?WRNLEV
 RDCMND substituted energy or value "?WRNLEV" to "5"
 Parameter: WRN <- "5"
  
 CHARMM>    ! Some versions of CHARMM don't seem to initialize wrnlev...
 CHARMM>    if "@WRN" eq "?WRNLEV" set wrn 5
 Parameter: WRN -> "5"
 RDCMND: can not substitute energy "?WRNLEV""
 Comparing ""5"" and ""?WRNLEV"".
 IF test evaluated as false.  Skipping command
  
 CHARMM>    set bom ?bomlev
 RDCMND substituted energy or value "?BOMLEV" to "0"
 Parameter: BOM <- "0"
  
 CHARMM>    WRNLEV -1 @PARA
 Parameter: PARA -> "NODE 0"
  
 CHARMM>    BOMLEV -1 @PARA
 Parameter: PARA -> "NODE 0"
  
 CHARMM>    read para card flex append

          PARAMETER FILE BEING READ FROM UNIT 98
 RDTITL> * NBFIX BETWEEN CARBOXYLATE AND SODIUM
 RDTITL> *
 PARMIO> NONBOND, HBOND lists and IMAGE atoms cleared.
  
 CHARMM>    BOMLEV @bom @PARA
 Parameter: BOM -> "0"
 Parameter: PARA -> "NODE 0"
  
 CHARMM>    WRNLEV @wrn @PARA
 Parameter: WRN -> "5"
 Parameter: PARA -> "NODE 0"
  
 CHARMM>     
  
 CHARMM>    return
 VCLOSE: Closing unit   98 with status "KEEP"

                    RETURNING TO INPUT STREAM    99
  
 CHARMM>     
  
 CHARMM>    !stream @toppar/toppar_dum_noble_gases.str
 CHARMM>     
  
 CHARMM>    ! Read additional topology and parameter
 CHARMM>    !stream @toppar/toppar_all36_na_nad_ppi.str
 CHARMM>     
  
 CHARMM>    ! cgenff
 CHARMM>    open read card unit 10 name @toppar/top_all36_cgenff.rtf
 Parameter: TOPPAR -> "../ADD_TOPPAR"
 OPNLGU> Unit already open. The old file will be closed first.
 VCLOSE: Closing unit   10 with status "KEEP"
 VOPEN> Attempting to open::../add_toppar/top_all36_cgenff.rtf::
 OPNLGU> Unit 10 opened for READONLY access to ../add_toppar/top_all36_cgenff.rtf
  
 CHARMM>    read  rtf card unit 10 append
 MAINIO> Residue topology file being read from unit  10.
 TITLE> *  --------------------------------------------------------------------------  *
 TITLE> *          CGENFF: TOPOLOGY FOR THE CHARMM GENERAL FORCE FIELD V. 4.0          *
 TITLE> *                    FOR SMALL MOLECULE DRUG DESIGN                            *
 TITLE> *  --------------------------------------------------------------------------  *
 TITLE> *

 DRUDES PARTICLES WILL BE GENERATED AUTOMATICALLY FOR ALL ATOMS WITH NON-ZERO ALPHA
 Thole-type dipole screening, Slater-Delta shape {S(u) = 1 - (1+u/2)*exp(-u)}, default radius =  1.300000
*** WARNING **** residue ETHA already exists (old one deleted)
          RESI ETHA          0.00
*** WARNING **** residue FETH already exists (old one deleted)
          RESI FETH          0.00
*** WARNING **** residue DFET already exists (old one deleted)
          RESI DFET          0.00
*** WARNING **** residue TFET already exists (old one deleted)
          RESI TFET          0.00
*** WARNING **** residue TFE  already exists (old one deleted)
          RESI TFE           0.00
*** WARNING **** residue THFI already exists (old one deleted)
          RESI THFI           0.00
*** WARNING **** residue THMI already exists (old one deleted)
          RESI THMI           0.00
*** WARNING **** residue THFA already exists (old one deleted)
          RESI THFA           0.00
*** WARNING **** residue THAO already exists (old one deleted)
          RESI THAO           0.00
*** WARNING **** residue RNUS already exists (old one deleted)
          RESI RNUS           0.00
*** WARNING **** residue NUCL already exists (old one deleted)
          RESI NUCL          -1.00
*** WARNING **** residue PPH1 already exists (old one deleted)
          RESI PPH1         -1.00
*** WARNING **** residue BMPH already exists (old one deleted)
          RESI BMPH         -1.00
*** WARNING **** residue BMPD already exists (old one deleted)
          RESI BMPD         -2.00
*** WARNING **** residue BDFP already exists (old one deleted)
          RESI BDFP         -1.00
*** WARNING **** residue BDFD already exists (old one deleted)
          RESI BDFD         -2.00
*** WARNING **** residue EP_2 already exists (old one deleted)
          RESI EP_2         -2.00
*** WARNING **** residue IP_2 already exists (old one deleted)
          RESI IP_2         -2.00
 There were  18 warning(s) from RTFRDR.
  
 CHARMM>     
  
 CHARMM>    open read card unit 20 name @toppar/par_all36_cgenff.prm
 Parameter: TOPPAR -> "../ADD_TOPPAR"
 OPNLGU> Unit already open. The old file will be closed first.
 VCLOSE: Closing unit   20 with status "KEEP"
 VOPEN> Attempting to open::../add_toppar/par_all36_cgenff.prm::
 OPNLGU> Unit 20 opened for READONLY access to ../add_toppar/par_all36_cgenff.prm
  
 CHARMM>    read para card unit 20 append flex

          PARAMETER FILE BEING READ FROM UNIT 20
 TITLE> *  --------------------------------------------------------------------------  *
 TITLE> *         CGENFF: PARAMETERS FOR THE CHARMM GENERAL FORCE FIELD V. 4.0         *
 TITLE> *                    FOR SMALL MOLECULE DRUG DESIGN                            *
 TITLE> *  --------------------------------------------------------------------------  *
 TITLE> *  2016/8: IF PROTEIN, NUCLEIC ACID AND CARBOHYDRATE TOPOLOGY AND PARAMETER FILES
 TITLE> *  ARE NOT READ PRIOR TO THE CGENFF FILES "WARNING: ATOMS IN NBFIX ' errors will
 TITLE> *  BE ENCOUNTERED.  THESE CAN BE PASSED BY SETTING BOMLEV ( -2) PRIOR TO READING
 TITLE> *  THIS FILE. IN ADDITION, WHEN GENERATING AROMATIC HALOGENS (CL, BR, I) WITH
 TITLE> *  PRE C41B/C42A VERSIONS OF CHARMM "MISSING PARAMETER" ERRORS WILL BE
 TITLE> *  ENCOUNTERED THAT ALSO REQUIRE SETTING BOMLEV ( -2).
 TITLE> *
 PARMIO> NONBOND, HBOND lists and IMAGE atoms cleared.
  
 CHARMM>     
  
 CHARMM>    stream @toppar/22u_lp_namd.str
 Parameter: TOPPAR -> "../ADD_TOPPAR"
 VOPEN> Attempting to open::../add_toppar/22u_lp_namd.str::
 OPNLGU> Unit 98 opened for READONLY access to ../add_toppar/22u_lp_namd.str

                    INPUT STREAM SWITCHING TO UNIT    98
 RDTITL> * TOPPAR STREAM FILE GENERATED BY
 RDTITL> * CHARMM GENERAL FORCE FIELD (CGENFF) PROGRAM VERSION 1.0.0
 RDTITL> * FOR USE WITH CGENFF VERSION 3.0.1
 RDTITL> *
 Parameter: IN1 <- "" <empty>
  
 CHARMM>     
  
 CHARMM>    read rtf card append
 MAINIO> Residue topology file being read from unit  98.
 RDTITL> * TOPOLOGIES GENERATED BY
 RDTITL> * CHARMM GENERAL FORCE FIELD (CGENFF) PROGRAM VERSION 1.0.0
 RDTITL> *
  
 CHARMM>     
  
 CHARMM>    read param card flex append

          PARAMETER FILE BEING READ FROM UNIT 98
 RDTITL> * PARAMETERS GENERATED BY ANALOGY BY
 RDTITL> * CHARMM GENERAL FORCE FIELD (CGENFF) PROGRAM VERSION 1.0.0
 RDTITL> *
 PARMIO> NONBOND, HBOND lists and IMAGE atoms cleared.
  
 CHARMM>    RETURN
 VCLOSE: Closing unit   98 with status "KEEP"

                    RETURNING TO INPUT STREAM    99
  
 VCLOSE: Closing unit   99 with status "KEEP"

                    RETURNING TO INPUT STREAM     5
  
 CHARMM>     
  
 CHARMM>    !Read PSF and Coordinates
 CHARMM>    open read unit 10 card name step3_crys_complex.psf
 OPNLGU> Unit already open. The old file will be closed first.
 VCLOSE: Closing unit   10 with status "KEEP"
 VOPEN> Attempting to open::step3_crys_complex.psf::
 OPNLGU> Unit 10 opened for READONLY access to step3_crys_complex.psf
  
 CHARMM>    read psf  unit 10 card
 MAINIO> Protein structure file being read from unit  10.
 PSFRD2> Reading PSF in the expanded format.
 TITLE>  * GENERATED BY CHARMM-GUI (HTTP://WWW.CHARMM-GUI.ORG) V1.8 ON APR, 19. 2017. JOB
 TITLE>  * SEPARATING OUT SEGMENTS FROM ADDITIVE CRD, WRITING INDIVIDUAL
 TITLE>  * CRD FILES AND GENERATING CORRESPONDING DRUDE INPUTS
 TITLE>  *  DATE:     4/29/19     14:17:19      CREATED BY USER: fylin
 TITLE>  *
 PSFSUM> PSF modified: NONBOND lists and IMAGE atoms cleared.
 PSFSUM> Summary of the structure file counters :
         Number of segments      =        4   Number of residues   =      291
         Number of atoms         =     4708   Number of groups     =     1351
         Number of bonds         =     4765   Number of angles     =     8610
         Number of dihedrals     =    12647   Number of impropers  =      782
         Number of cross-terms   =      284
         Number of HB acceptors  =      429   Number of HB donors  =      547
         Number of NB exclusions =        0   Total charge =    8.00000
  
 CHARMM>     
  
 CHARMM>    stream step4_solvator.str
 VOPEN> Attempting to open::step4_solvator.str::
 OPNLGU> Unit 99 opened for READONLY access to step4_solvator.str

                    INPUT STREAM SWITCHING TO UNIT    99
 RDTITL> READ SEQUENCE TIP3 11941
 RDTITL> No title read.
 Parameter: IN1 <- "" <empty>
  
 CHARMM>     READ SEQUENCE TIP3 11941
  
 CHARMM>     GENERATE SOLV SETUP NOANGLE NODIHEDRAL
 NO PATCHING WILL BE DONE ON THE FIRST RESIDUE
 NO PATCHING WILL BE DONE ON THE LAST  RESIDUE
 GENPSF> Segment   5 has been generated. Its identifier is SOLV.
 PSFSUM> PSF modified: NONBOND lists and IMAGE atoms cleared.
 PSFSUM> Summary of the structure file counters :
         Number of segments      =        5   Number of residues   =    12232
         Number of atoms         =    40531   Number of groups     =    13292
         Number of bonds         =    40588   Number of angles     =    20551
         Number of dihedrals     =    12647   Number of impropers  =      782
         Number of cross-terms   =      284
         Number of HB acceptors  =    12370   Number of HB donors  =    24429
         Number of NB exclusions =        0   Total charge =    8.00000
  
 CHARMM>     SET NPOS = 0
 Parameter: NPOS <- "0"
  
 CHARMM>     SET NNEG = 8
 Parameter: NNEG <- "8"
  
 CHARMM>     SET POSID = SOD
 Parameter: POSID <- "SOD"
  
 CHARMM>     SET NEGID = CLA
 Parameter: NEGID <- "CLA"
  
 CHARMM>     IF NPOS .GT. 0 THEN
 Comparing "0" and "0".
 IF test evaluated as false.  Skip to ELSE or ENDIF
  
 CHARMM>     IF NNEG .GT. 0 THEN
 Comparing "8" and "0".
 IF test evaluated as true.  Performing command
  
 CHARMM>      READ SEQUENCE CLA 8
  
 CHARMM>      GENERATE CLA WARN
 NO PATCHING WILL BE DONE ON THE FIRST RESIDUE
 NO PATCHING WILL BE DONE ON THE LAST  RESIDUE
 GENPSF> Segment   6 has been generated. Its identifier is CLA.
 PSFSUM> PSF modified: NONBOND lists and IMAGE atoms cleared.
 PSFSUM> Summary of the structure file counters :
         Number of segments      =        6   Number of residues   =    12240
         Number of atoms         =    40539   Number of groups     =    13300
         Number of bonds         =    40588   Number of angles     =    20551
         Number of dihedrals     =    12647   Number of impropers  =      782
         Number of cross-terms   =      284
         Number of HB acceptors  =    12370   Number of HB donors  =    24429
         Number of NB exclusions =        0   Total charge =   -0.00000
  
 CHARMM>     ENDIF
  
 VCLOSE: Closing unit   99 with status "KEEP"

                    RETURNING TO INPUT STREAM     5
  
 CHARMM>     
  
 CHARMM>    open read unit 10 card name step4_solvator.crd
 OPNLGU> Unit already open. The old file will be closed first.
 VCLOSE: Closing unit   10 with status "KEEP"
 VOPEN> Attempting to open::step4_solvator.crd::
 OPNLGU> Unit 10 opened for READONLY access to step4_solvator.crd
  
 CHARMM>    read coor unit 10 card
          SPATIAL COORDINATES BEING READ FROM UNIT 10
 TITLE> * GENERATED BY CHARMM-GUI (HTTP://WWW.CHARMM-GUI.ORG) V1.8 ON APR, 20. 2017. JOB
 TITLE> * SOLVATE PROTEIN IN WATER BOX
 TITLE> *  DATE:     4/29/19     14:25:47      CREATED BY USER: FYLIN
 TITLE> *
  
 CHARMM>     
  
 CHARMM>    !
 CHARMM>    ! Setup PBC (Periodic Boundary Condition)
 CHARMM>    !
 CHARMM>    stream step4.1_waterbox.prm
 VOPEN> Attempting to open::step4.1_waterbox.prm::
 OPNLGU> Unit 99 opened for READONLY access to step4.1_waterbox.prm

                    INPUT STREAM SWITCHING TO UNIT    99
 RDTITL> SET BOXTYPE  = RECT
 RDTITL> No title read.
 Parameter: IN1 <- "" <empty>
  
 CHARMM>     SET BOXTYPE  = RECT
 Parameter: BOXTYPE <- "RECT"
  
 CHARMM>     SET XTLTYPE  = TETRAGONAL
 Parameter: XTLTYPE <- "TETRAGONAL"
  
 CHARMM>     SET A = 75
 Parameter: A <- "75"
  
 CHARMM>     SET B = 75
 Parameter: B <- "75"
  
 CHARMM>     SET C = 76
 Parameter: C <- "76"
  
 CHARMM>     SET ALPHA = 90.0
 Parameter: ALPHA <- "90.0"
  
 CHARMM>     SET BETA  = 90.0
 Parameter: BETA <- "90.0"
  
 CHARMM>     SET GAMMA = 90.0
 Parameter: GAMMA <- "90.0"
  
 CHARMM>     SET XCEN = 0
 Parameter: XCEN <- "0"
  
 CHARMM>     SET YCEN = 0
 Parameter: YCEN <- "0"
  
 CHARMM>     SET ZCEN = 0
 Parameter: ZCEN <- "0"
  
 VCLOSE: Closing unit   99 with status "KEEP"

                    RETURNING TO INPUT STREAM     5
  
 CHARMM>    COOR CONVERT ALIGNED SYMMETRIC @A @B @C @alpha @beta @gamma
 Parameter: A -> "75"
 Parameter: B -> "75"
 Parameter: C -> "76"
 Parameter: ALPHA -> "90.0"
 Parameter: BETA -> "90.0"
 Parameter: GAMMA -> "90.0"
  
 CHARMM>    open read unit 10 card name crystal_image.str
 OPNLGU> Unit already open. The old file will be closed first.
 VCLOSE: Closing unit   10 with status "KEEP"
 VOPEN> Attempting to open::crystal_image.str::
 OPNLGU> Unit 10 opened for READONLY access to crystal_image.str
  
 CHARMM>    CRYSTAL DEFINE @XTLtype @A @B @C @alpha @beta @gamma
 Parameter: XTLTYPE -> "TETRAGONAL"
 Parameter: A -> "75"
 Parameter: B -> "75"
 Parameter: C -> "76"
 Parameter: ALPHA -> "90.0"
 Parameter: BETA -> "90.0"
 Parameter: GAMMA -> "90.0"
 Crystal Parameters : Crystal Type = TETR
           A     =   75.00000 B    =   75.00000 C     =   76.00000
           Alpha =   90.00000 Beta =   90.00000 Gamma =   90.00000
  
 CHARMM>    CRYSTAL READ UNIT 10 CARD
 CRYSTAL FILE BEING READ FROM UNIT    10
 TITLE> * GENERATED BY CHARMM-GUI (HTTP://WWW.CHARMM-GUI.ORG) V1.8 ON APR, 26. 2017. JOBID=1493217679
 TITLE> * STREAM FILE FOR CRYSTAL SYMMETRY OPERATION
 TITLE> *
 TITLE>  * GENERATED BY CHARMM-GUI (HTTP://WWW.CHARMM-GUI.ORG) V1.8 ON APR, 26. 2017. JOB
 TITLE>  * STREAM FILE FOR CRYSTAL SYMMETRY OPERATION
 TITLE>  *
                     THERE ARE NO ROTATIONS FOR THIS TRANSFORMATION SET
    26 Transformations have been processed.

  
 CHARMM>     
  
 CHARMM>    !Image centering by residue
 CHARMM>    IMAGE BYRESID XCEN @xcen YCEN @ycen ZCEN @zcen sele resname TIP3 end
 Parameter: XCEN -> "0"
 Parameter: YCEN -> "0"
 Parameter: ZCEN -> "0"
 SELRPN>  35823 atoms have been selected out of  40539
 IMAGE CENTERING ON FOR SOME ATOMS
  
 CHARMM>    IMAGE BYRESID XCEN @xcen YCEN @ycen ZCEN @zcen sele ( segid @posid .or. segid @negid ) end
 Parameter: XCEN -> "0"
 Parameter: YCEN -> "0"
 Parameter: ZCEN -> "0"
 Parameter: POSID -> "SOD"
 Parameter: NEGID -> "CLA"
 SELRPN>      8 atoms have been selected out of  40539
 IMAGE CENTERING ON FOR SOME ATOMS
  
 CHARMM>     
  
 CHARMM>    !
 CHARMM>    ! Nonbonded Options
 CHARMM>    !
 CHARMM>     
  
 CHARMM>    !system "python checkfft.py ?XTLA ?XTLB ?XTLC > checkfft.str"
 CHARMM>    !stream checkfft.str
 CHARMM>     
  
 CHARMM>     
  
 CHARMM>    !
 CHARMM>    ! Nonbonded Options
 CHARMM>    !
 CHARMM>    set 3 16.0  ! cutim
 Parameter: 3 <- "16.0"
  
 CHARMM>    set 4 16.0  ! cutnb
 Parameter: 4 <- "16.0"
  
 CHARMM>    set 5 10.0  ! ctonnb
 Parameter: 5 <- "10.0"
  
 CHARMM>    set 6 12.0  ! ctofnb
 Parameter: 6 <- "12.0"
  
 CHARMM>    set 7 switch
 Parameter: 7 <- "SWITCH"
  
 CHARMM>    set 8 atom
 Parameter: 8 <- "ATOM"
  
 CHARMM>    set 9 vatom
 Parameter: 9 <- "VATOM"
  
 CHARMM>    set 10 vfswitch   ! vfswitch
 Parameter: 10 <- "VFSWITCH"
  
 CHARMM>    set kap 0.34 ! epsilon for the PME
 Parameter: KAP <- "0.34"
  
 CHARMM>    set ord 6    ! spline order for PME
 Parameter: ORD <- "6"
  
 CHARMM>    ! fftx dimensions should correspond to 1 A or less; must
 CHARMM>    ! be power of 2, 3 or 5
 CHARMM>    set fftx 64
 Parameter: FFTX <- "64"
  
 CHARMM>    set ffty 64
 Parameter: FFTY <- "64"
  
 CHARMM>    set fftz 64
 Parameter: FFTZ <- "64"
  
 CHARMM>    update inbfrq -1 imgfrq -1 ihbfrq 0 -
 CHARMM>    ewald pmewald kappa @kap fftx @fftx ffty @ffty fftz @fftz order @ord lrc -
 CHARMM>    @7 @8 @9 @10 cutimg @3 cutnb @4 ctofnb @6 ctonnb @5
 Parameter: KAP -> "0.34"
 Parameter: FFTX -> "64"
 Parameter: FFTY -> "64"
 Parameter: FFTZ -> "64"
 Parameter: ORD -> "6"
 Parameter: 7 -> "SWITCH"
 Parameter: 8 -> "ATOM"
 Parameter: 9 -> "VATOM"
 Parameter: 10 -> "VFSWITCH"
 Parameter: 3 -> "16.0"
 Parameter: 4 -> "16.0"
 Parameter: 6 -> "12.0"
 Parameter: 5 -> "10.0"

 SELECTED IMAGES ATOMS BEING CENTERED ABOUT  0.000000  0.000000  0.000000

 <MKIMAT2>: updating the image atom lists and remapping
 Transformation   Atoms  Groups  Residues  Min-Distance
    1  C001 has     154      52      52        2.51
    2  C002 has    1316     440     440        0.58
    3  C003 has     163      55      55        2.76
    4  C004 has    1229     411     411        1.05
    5  C005 has    8904    2963    2962        0.00
    6  C006 has    1423     475     475        0.25
    7  C007 has    1324     442     442        0.76
    8  C008 has    8726    2901    2890        0.00
    9  C009 has    1408     470     470        0.59
   10  C010 has    8978    2989    2974        0.00
   12  C012 has     138      46      46        2.29
   13  C013 has    1293     431     431        0.58
   14  C014 has     165      55      55        1.84
 Total of75760 atoms and25030 groups and23943 residues were included

 <PME> Total heap storage needed =     1661863
 Fill Ewald table: Number of points=     10000 EWXmax=    4.250000
 fill erfc table: linear inter has rms error = 0.979220D-08 maximum error = 0.218740D-07
 fill erfc table: cubic spline has rms error = 0.360331D-11 maximum error = 0.108438D-10

 NONBOND OPTION FLAGS: 
     ELEC     VDW      ATOMs    CDIElec  SWITch   VATOm    VFSWIt  
     BYGRoup  NOEXtnd  EWALd   
 CUTNB  = 16.000 CTEXNB =999.000 CTONNB = 10.000 CTOFNB = 12.000
 CGONNB =  0.000 CGOFNB = 10.000
 WMIN   =  1.500 WRNMXD =  0.500 E14FAC =  1.000 EPS    =  1.000
 NBXMOD =      5
 PME EWALD OPTIONS: KAPPA  =  0.340  QCOR =  0.000  Bspline order = 6
 FFTX=  64  FFTY=  64  FFTZ=  64
                Using Pub FFT
                Real-to-Complex FFT
 There are        0 atom  pairs and        0 atom  exclusions.
 There are        0 group pairs and        0 group exclusions.
 <MAKINB> with mode   5 found  49201 exclusions and  12405 interactions(1-4)
 <MAKGRP> found   3935 group exclusions.
 <MAKGRP> found      0 image group exclusions.
 Generating nonbond list with Exclusion mode = 5
 == PRIMARY == SPACE FOR 17388519 ATOM PAIRS AND        0 GROUP PAIRS
 NBONDA>>  Maximum group spatial extent (12A) exceeded.
   Size is       13.31 Angstroms and starts with atom:    4654
   Please check group boundary definitions.

 General atom nonbond list generation found:
  3179235 ATOM PAIRS WERE FOUND FOR ATOM LIST
   155301 GROUP PAIRS REQUIRED ATOM SEARCHES

 SPACE FOR  2763830 ATOM PAIRS AND        0 GROUP PAIRS

 Image nonbond list generation found:
   907860 ATOM PAIRS WERE FOUND FOR ATOM LIST
        0 ATOM PAIRS WERE FOUND FOR ATOM SELF LIST
    64433 GROUP PAIRS REQUIRED ATOM SEARCHES

  
 CHARMM>     
  
 CHARMM>    energy

 SELECTED IMAGES ATOMS BEING CENTERED ABOUT  0.000000  0.000000  0.000000

 <MKIMAT2>: updating the image atom lists and remapping
 Transformation   Atoms  Groups  Residues  Min-Distance
    1  C001 has     154      52      52        2.51
    2  C002 has    1316     440     440        0.58
    3  C003 has     163      55      55        2.76
    4  C004 has    1229     411     411        1.05
    5  C005 has    8904    2963    2962        0.00
    6  C006 has    1423     475     475        0.25
    7  C007 has    1324     442     442        0.76
    8  C008 has    8726    2901    2890        0.00
    9  C009 has    1408     470     470        0.59
   10  C010 has    8978    2989    2974        0.00
   12  C012 has     138      46      46        2.29
   13  C013 has    1293     431     431        0.58
   14  C014 has     165      55      55        1.84
 Total of75760 atoms and25030 groups and23943 residues were included

 <MAKGRP> found      0 image group exclusions.

 NONBOND OPTION FLAGS: 
     ELEC     VDW      ATOMs    CDIElec  SWITch   VATOm    VFSWIt  
     BYGRoup  NOEXtnd  EWALd   
 CUTNB  = 16.000 CTEXNB =999.000 CTONNB = 10.000 CTOFNB = 12.000
 CGONNB =  0.000 CGOFNB = 10.000
 WMIN   =  1.500 WRNMXD =  0.500 E14FAC =  1.000 EPS    =  1.000
 NBXMOD =      5
 PME EWALD OPTIONS: KAPPA  =  0.340  QCOR =  0.000  Bspline order = 6
 FFTX=  64  FFTY=  64  FFTZ=  64
                Using Pub FFT
                Real-to-Complex FFT
 There are  3179235 atom  pairs and    61606 atom  exclusions.
 There are        0 group pairs and     3935 group exclusions.
 Generating nonbond list with Exclusion mode = 5
 == PRIMARY == SPACE FOR 17388519 ATOM PAIRS AND        0 GROUP PAIRS
 NBONDA>>  Maximum group spatial extent (12A) exceeded.
   Size is       13.31 Angstroms and starts with atom:    4654
   Please check group boundary definitions.

 General atom nonbond list generation found:
  3179235 ATOM PAIRS WERE FOUND FOR ATOM LIST
   155301 GROUP PAIRS REQUIRED ATOM SEARCHES

 SPACE FOR  2763830 ATOM PAIRS AND        0 GROUP PAIRS

 Image nonbond list generation found:
   907860 ATOM PAIRS WERE FOUND FOR ATOM LIST
        0 ATOM PAIRS WERE FOUND FOR ATOM SELF LIST
    64433 GROUP PAIRS REQUIRED ATOM SEARCHES

ENER ENR:  Eval#     ENERgy      Delta-E         GRMS
ENER INTERN:          BONDs       ANGLes       UREY-b    DIHEdrals    IMPRopers
ENER CROSS:           CMAPs        PMF1D        PMF2D        PRIMO
ENER EXTERN:        VDWaals         ELEC       HBONds          ASP         USER
ENER IMAGES:        IMNBvdw       IMELec       IMHBnd       RXNField    EXTElec
ENER EWALD:          EWKSum       EWSElf       EWEXcl       EWQCor       EWUTil
ENER LRCor:            EVDW         VIRI   
 ----------       ---------    ---------    ---------    ---------    ---------
ENER>        0 48937259706.           0.   389869765.
ENER INTERN>      302.56113    812.03522     44.68900   2697.04274     20.04793
ENER CROSS>      -125.15807      0.00000      0.00000      0.00000
ENER EXTERN>    16195.34937-110086.96149      0.00000      0.00000      0.00000
ENER IMAGES>   48937352919.       15400.           0.           0.           0.
ENER EWALD>      4739.08737-824625.68677 801727.37020      0.00000      0.00000
ENER LRCor>      -313.88496   -627.70028
 ----------       ---------    ---------    ---------    ---------    ---------
  
 CHARMM>     
  
 CHARMM>    !
 CHARMM>    ! cons fix all heavy atoms except generated water molecules and
 CHARMM>    ! short minimization
 CHARMM>    !
 CHARMM>     
  
 CHARMM>    cons fix sele .not. ( hydrogen .or. segid SOLV .or. segid @posid .or. segid @negid ) end
 Parameter: POSID -> "SOD"
 Parameter: NEGID -> "CLA"
 SELRPN>   2365 atoms have been selected out of  40539
  
 CHARMM>    !cons fix sele .not. ( segid SOLV .or. segid @posid .or. segid @negid ) end
 CHARMM>    cons harm force 0.1 sele segid @posid .or. segid @negid end
 Parameter: POSID -> "SOD"
 Parameter: NEGID -> "CLA"
 SELRPN>      8 atoms have been selected out of  40539
 CSTRAN: Harmonic Restraints
          ABSOlute type as set number  1.  Number of selected atoms:      8
          Reference coordinates set to main coordinates.
          Mass weighting will NOT be used for new restraints.
          The force constant of       0.10000 will be used.
          An exponent of  2 will be used.
          The XYZ scale factors are:       1.00000       1.00000       1.00000
          A total of      8 atoms are restrained.
  
 CHARMM>     
  
 CHARMM>    mini SD   nstep 10 nprint 5

 SELECTED IMAGES ATOMS BEING CENTERED ABOUT  0.000000  0.000000  0.000000

 <MKIMAT2>: updating the image atom lists and remapping
 Transformation   Atoms  Groups  Residues  Min-Distance
    1  C001 has     154      52      52        2.51
    2  C002 has    1316     440     440        0.58
    3  C003 has     163      55      55        2.76
    4  C004 has    1229     411     411        1.05
    5  C005 has    8904    2963    2962        0.00
    6  C006 has    1423     475     475        0.25
    7  C007 has    1324     442     442        0.76
    8  C008 has    8726    2901    2890        0.00
    9  C009 has    1408     470     470        0.59
   10  C010 has    8978    2989    2974        0.00
   12  C012 has     138      46      46        2.29
   13  C013 has    1293     431     431        0.58
   14  C014 has     165      55      55        1.84
 Total of75760 atoms and25030 groups and23943 residues were included

 <MAKGRP> found      0 image group exclusions.

 NONBOND OPTION FLAGS: 
     ELEC     VDW      ATOMs    CDIElec  SWITch   VATOm    VFSWIt  
     BYGRoup  NOEXtnd  EWALd   
 CUTNB  = 16.000 CTEXNB =999.000 CTONNB = 10.000 CTOFNB = 12.000
 CGONNB =  0.000 CGOFNB = 10.000
 WMIN   =  1.500 WRNMXD =  0.500 E14FAC =  1.000 EPS    =  1.000
 NBXMOD =      5
 PME EWALD OPTIONS: KAPPA  =  0.340  QCOR =  0.000  Bspline order = 6
 FFTX=  64  FFTY=  64  FFTZ=  64
                Using Pub FFT
                Real-to-Complex FFT
 There are  3179235 atom  pairs and    61606 atom  exclusions.
 There are        0 group pairs and     3935 group exclusions.
 Generating nonbond list with Exclusion mode = 5
 == PRIMARY == SPACE FOR 17388519 ATOM PAIRS AND        0 GROUP PAIRS
 NBONDA>>  Maximum group spatial extent (12A) exceeded.
   Size is       13.31 Angstroms and starts with atom:    4654
   Please check group boundary definitions.

 General atom nonbond list generation found:
  3107469 ATOM PAIRS WERE FOUND FOR ATOM LIST
   154987 GROUP PAIRS REQUIRED ATOM SEARCHES

 SPACE FOR  2763830 ATOM PAIRS AND        0 GROUP PAIRS

 Image nonbond list generation found:
   907860 ATOM PAIRS WERE FOUND FOR ATOM LIST
        0 ATOM PAIRS WERE FOUND FOR ATOM SELF LIST
    64433 GROUP PAIRS REQUIRED ATOM SEARCHES



 STEEPD> An energy minimization has been requested.

 NSTEP  =           10   NPRINT =            5
 STEP   =    0.0200000   TOLFUN =    0.0000000
 TOLGRD =    0.0000000   TOLSTP =    0.0000000

MINI MIN: Cycle      ENERgy      Delta-E         GRMS    Step-size
MINI INTERN:          BONDs       ANGLes       UREY-b    DIHEdrals    IMPRopers
MINI EXTERN:        VDWaals         ELEC       HBONds          ASP         USER
MINI IMAGES:        IMNBvdw       IMELec       IMHBnd       RXNField    EXTElec
MINI EWALD:          EWKSum       EWSElf       EWEXcl       EWQCor       EWUTil
MINI LRCor:            EVDW         VIRI   
 ----------       ---------    ---------    ---------    ---------    ---------
MINI>        0 48937247727.       11979.   401760171.           0.
MINI INTERN>        2.57371    227.36756     11.48695    334.44890      0.00000
MINI EXTERN>    12219.51906-114914.45572      0.00000      0.00000      0.00000
MINI IMAGES>   48937352919.       15400.           0.           0.           0.
MINI EWALD>      4739.08737-824625.68677 801727.37020      0.00000      0.00000
MINI LRCor>      -313.88496   -627.70028
 ----------       ---------    ---------    ---------    ---------    ---------
MINI>        5       17242. 48937230485.         281.           0.
MINI INTERN>    77298.78183   5697.55869     11.45541    334.25818      0.00010
MINI EXTERN>    52875.70733-116305.32171      0.00000      0.00000      0.00000
MINI IMAGES>    14182.03183   1753.61397      0.00000      0.00000      0.00000
MINI EWALD>      5404.34453-824625.68677 800928.95687      0.00000      0.00000
MINI CONSTR>        0.00028      0.00000      0.00000      0.00000      0.00000
MINI LRCor>      -313.88496   -627.70028
 ----------       ---------    ---------    ---------    ---------    ---------
MINI>       10-114879.04842 132120.86401     22.18474      0.02150
MINI INTERN>    11173.15377   2910.85066     13.00780    329.09345      0.09416
MINI EXTERN>    13392.43114-124417.35356      0.00000      0.00000      0.00000
MINI IMAGES>     5946.88313  -4045.81391      0.00000      0.00000      0.00000
MINI EWALD>      4325.01515-824625.68677 800433.15087      0.00000      0.00000
MINI CONSTR>        0.01065      0.00000      0.00000      0.00000      0.00000
MINI LRCor>      -313.88496   -627.70028
 ----------       ---------    ---------    ---------    ---------    ---------

 STEEPD> Minimization exiting with number of steps limit (        10) exceeded.

STPD MIN: Cycle      ENERgy      Delta-E         GRMS    Step-size
STPD INTERN:          BONDs       ANGLes       UREY-b    DIHEdrals    IMPRopers
STPD EXTERN:        VDWaals         ELEC       HBONds          ASP         USER
STPD IMAGES:        IMNBvdw       IMELec       IMHBnd       RXNField    EXTElec
STPD EWALD:          EWKSum       EWSElf       EWEXcl       EWQCor       EWUTil
STPD CONSTR:       HARMonic    CDIHedral          CIC     RESDistance       NOE
STPD LRCor:            EVDW         VIRI   
 ----------       ---------    ---------    ---------    ---------    ---------
STPD>       10-114879.04842 132120.86401     22.18474      0.02580
STPD INTERN>    11173.15377   2910.85066     13.00780    329.09345      0.09416
STPD EXTERN>    13392.43114-124417.35356      0.00000      0.00000      0.00000
STPD IMAGES>     5946.88313  -4045.81391      0.00000      0.00000      0.00000
STPD EWALD>      4325.01515-824625.68677 800433.15087      0.00000      0.00000
STPD CONSTR>        0.01065      0.00000      0.00000      0.00000      0.00000
STPD LRCor>      -313.88496   -627.70028
 ----------       ---------    ---------    ---------    ---------    ---------
  
 CHARMM>    mini ABNR nstep 10 nprint 5

 SELECTED IMAGES ATOMS BEING CENTERED ABOUT  0.000000  0.000000  0.000000

 <MKIMAT2>: updating the image atom lists and remapping
 Transformation   Atoms  Groups  Residues  Min-Distance
    1  C001 has     154      52      52        2.66
    2  C002 has    1316     440     440        0.58
    3  C003 has     163      55      55        2.89
    4  C004 has    1217     407     407        1.27
    5  C005 has    8645    2876    2875        0.00
    6  C006 has    1399     467     467        0.46
    7  C007 has    1321     441     441        0.73
    8  C008 has    8726    2901    2890        0.00
    9  C009 has    1408     470     470        0.58
   10  C010 has    8978    2989    2974        0.00
   12  C012 has     138      46      46        2.47
   13  C013 has    1293     431     431        1.09
   14  C014 has     165      55      55        2.07
 Total of75462 atoms and24930 groups and23843 residues were included

 <MAKGRP> found      0 image group exclusions.

 NONBOND OPTION FLAGS: 
     ELEC     VDW      ATOMs    CDIElec  SWITch   VATOm    VFSWIt  
     BYGRoup  NOEXtnd  EWALd   
 CUTNB  = 16.000 CTEXNB =999.000 CTONNB = 10.000 CTOFNB = 12.000
 CGONNB =  0.000 CGOFNB = 10.000
 WMIN   =  1.500 WRNMXD =  0.500 E14FAC =  1.000 EPS    =  1.000
 NBXMOD =      5
 PME EWALD OPTIONS: KAPPA  =  0.340  QCOR =  0.000  Bspline order = 6
 FFTX=  64  FFTY=  64  FFTZ=  64
                Using Pub FFT
                Real-to-Complex FFT
 There are  3107469 atom  pairs and    61606 atom  exclusions.
 There are        0 group pairs and     3935 group exclusions.
 Generating nonbond list with Exclusion mode = 5
 == PRIMARY == SPACE FOR 17388519 ATOM PAIRS AND        0 GROUP PAIRS
 NBONDA>>  Maximum group spatial extent (12A) exceeded.
   Size is       13.30 Angstroms and starts with atom:    4654
   Please check group boundary definitions.

 General atom nonbond list generation found:
  3110205 ATOM PAIRS WERE FOUND FOR ATOM LIST
   156520 GROUP PAIRS REQUIRED ATOM SEARCHES

 SPACE FOR  2763830 ATOM PAIRS AND        0 GROUP PAIRS

 Image nonbond list generation found:
   904936 ATOM PAIRS WERE FOUND FOR ATOM LIST
        0 ATOM PAIRS WERE FOUND FOR ATOM SELF LIST
    64958 GROUP PAIRS REQUIRED ATOM SEARCHES



 ABNER> An energy minimization has been requested.

 EIGRNG =    0.0005000   MINDIM =            5
 NPRINT =            5   NSTEP  =           10
 PSTRCT =    0.0000000   SDSTP  =    0.0200000
 STPLIM =    1.0000000   STRICT =    0.1000000
 TOLFUN =    0.0000000   TOLGRD =    0.0000000
 TOLITR =          100   TOLSTP =    0.0000000
 FMEM   =    0.0000000
MINI MIN: Cycle      ENERgy      Delta-E         GRMS    Step-size
MINI INTERN:          BONDs       ANGLes       UREY-b    DIHEdrals    IMPRopers
MINI EXTERN:        VDWaals         ELEC       HBONds          ASP         USER
MINI IMAGES:        IMNBvdw       IMELec       IMHBnd       RXNField    EXTElec
MINI EWALD:          EWKSum       EWSElf       EWEXcl       EWQCor       EWUTil
MINI CONSTR:       HARMonic    CDIHedral          CIC     RESDistance       NOE
MINI LRCor:            EVDW         VIRI   
 ----------       ---------    ---------    ---------    ---------    ---------
MINI>        0-114879.04842 132120.86401     22.18474      0.00000
MINI INTERN>    11173.15377   2910.85066     13.00780    329.09345      0.09416
MINI EXTERN>    13392.43114-124417.35356      0.00000      0.00000      0.00000
MINI IMAGES>     5946.88313  -4045.81391      0.00000      0.00000      0.00000
MINI EWALD>      4325.01515-824625.68677 800433.15087      0.00000      0.00000
MINI CONSTR>        0.01065      0.00000      0.00000      0.00000      0.00000
MINI LRCor>      -313.88496   -627.70028
 ----------       ---------    ---------    ---------    ---------    ---------
MINI>        5-125552.21921  10673.17078      6.71046      0.08100
MINI INTERN>     4300.73704   2576.18536     13.07703    327.45223      0.16855
MINI EXTERN>    13150.16829-124930.70800      0.00000      0.00000      0.00000
MINI IMAGES>     3379.90597  -4083.64264      0.00000      0.00000      0.00000
MINI EWALD>      4240.22266-824625.68677 800413.77294      0.00000      0.00000
MINI CONSTR>        0.01309      0.00000      0.00000      0.00000      0.00000
MINI LRCor>      -313.88496   -627.70028
 ----------       ---------    ---------    ---------    ---------    ---------
MINI>       10-131387.04081   5834.82160      4.52976      0.61509
MINI INTERN>     4057.24563   2290.85870     13.86453    321.80768      0.67970
MINI EXTERN>    12326.28359-126914.03269      0.00000      0.00000      0.00000
MINI IMAGES>     1991.58668  -4687.55904      0.00000      0.00000      0.00000
MINI EWALD>      3784.26001-824625.68677 800367.51254      0.00000      0.00000
MINI CONSTR>        0.02360      0.00000      0.00000      0.00000      0.00000
MINI LRCor>      -313.88496   -627.70028
 ----------       ---------    ---------    ---------    ---------    ---------

 ABNER> Minimization exiting with number of steps limit (   10) exceeded.

ABNR MIN: Cycle      ENERgy      Delta-E         GRMS    Step-size
ABNR INTERN:          BONDs       ANGLes       UREY-b    DIHEdrals    IMPRopers
ABNR EXTERN:        VDWaals         ELEC       HBONds          ASP         USER
ABNR IMAGES:        IMNBvdw       IMELec       IMHBnd       RXNField    EXTElec
ABNR EWALD:          EWKSum       EWSElf       EWEXcl       EWQCor       EWUTil
ABNR CONSTR:       HARMonic    CDIHedral          CIC     RESDistance       NOE
ABNR LRCor:            EVDW         VIRI   
 ----------       ---------    ---------    ---------    ---------    ---------
ABNR>       10-131387.04081   5834.82160      4.52976      0.92264
ABNR INTERN>     4057.24563   2290.85870     13.86453    321.80768      0.67970
ABNR EXTERN>    12326.28359-126914.03269      0.00000      0.00000      0.00000
ABNR IMAGES>     1991.58668  -4687.55904      0.00000      0.00000      0.00000
ABNR EWALD>      3784.26001-824625.68677 800367.51254      0.00000      0.00000
ABNR CONSTR>        0.02360      0.00000      0.00000      0.00000      0.00000
ABNR LRCor>      -313.88496   -627.70028
 ----------       ---------    ---------    ---------    ---------    ---------
  
 CHARMM>     
  
 CHARMM>    cons fix sele none end
 SELRPN>      0 atoms have been selected out of  40539
  
 CHARMM>    energy

 SELECTED IMAGES ATOMS BEING CENTERED ABOUT  0.000000  0.000000  0.000000

 <MKIMAT2>: updating the image atom lists and remapping
 Transformation   Atoms  Groups  Residues  Min-Distance
    1  C001 has     151      51      51        2.66
    2  C002 has    1316     440     440        0.60
    3  C003 has     163      55      55        2.86
    4  C004 has    1217     407     407        1.26
    5  C005 has    8645    2876    2875        0.00
    6  C006 has    1411     471     471        0.44
    7  C007 has    1321     441     441        0.72
    8  C008 has    8726    2901    2890        0.00
    9  C009 has    1408     470     470        0.58
   10  C010 has    8978    2989    2974        0.00
   12  C012 has     135      45      45        2.48
   13  C013 has    1293     431     431        1.11
   14  C014 has     165      55      55        2.06
 Total of75468 atoms and24932 groups and23845 residues were included

 <MAKGRP> found      0 image group exclusions.

 NONBOND OPTION FLAGS: 
     ELEC     VDW      ATOMs    CDIElec  SWITch   VATOm    VFSWIt  
     BYGRoup  NOEXtnd  EWALd   
 CUTNB  = 16.000 CTEXNB =999.000 CTONNB = 10.000 CTOFNB = 12.000
 CGONNB =  0.000 CGOFNB = 10.000
 WMIN   =  1.500 WRNMXD =  0.500 E14FAC =  1.000 EPS    =  1.000
 NBXMOD =      5
 PME EWALD OPTIONS: KAPPA  =  0.340  QCOR =  0.000  Bspline order = 6
 FFTX=  64  FFTY=  64  FFTZ=  64
                Using Pub FFT
                Real-to-Complex FFT
 There are  3110205 atom  pairs and    61606 atom  exclusions.
 There are        0 group pairs and     3935 group exclusions.
 Generating nonbond list with Exclusion mode = 5
 == PRIMARY == SPACE FOR 17388519 ATOM PAIRS AND        0 GROUP PAIRS
 NBONDA>>  Maximum group spatial extent (12A) exceeded.
   Size is       13.29 Angstroms and starts with atom:    4654
   Please check group boundary definitions.

 General atom nonbond list generation found:
  3182760 ATOM PAIRS WERE FOUND FOR ATOM LIST
   156504 GROUP PAIRS REQUIRED ATOM SEARCHES

 SPACE FOR  2763830 ATOM PAIRS AND        0 GROUP PAIRS

 Image nonbond list generation found:
   904087 ATOM PAIRS WERE FOUND FOR ATOM LIST
        0 ATOM PAIRS WERE FOUND FOR ATOM SELF LIST
    64821 GROUP PAIRS REQUIRED ATOM SEARCHES

ENER ENR:  Eval#     ENERgy      Delta-E         GRMS
ENER INTERN:          BONDs       ANGLes       UREY-b    DIHEdrals    IMPRopers
ENER CROSS:           CMAPs        PMF1D        PMF2D        PRIMO
ENER EXTERN:        VDWaals         ELEC       HBONds          ASP         USER
ENER IMAGES:        IMNBvdw       IMELec       IMHBnd       RXNField    EXTElec
ENER EWALD:          EWKSum       EWSElf       EWEXcl       EWQCor       EWUTil
ENER CONSTR:       HARMonic    CDIHedral          CIC     RESDistance       NOE
ENER LRCor:            EVDW         VIRI   
 ----------       ---------    ---------    ---------    ---------    ---------
ENER>        0-119408.37544 -11978.66537     65.79229
ENER INTERN>     4357.23305   2875.52636     47.06658   2684.40152     20.72763
ENER CROSS>      -125.15807      0.00000      0.00000      0.00000
ENER EXTERN>    16302.11389-122086.53846      0.00000      0.00000      0.00000
ENER IMAGES>     1991.58668  -4687.55904      0.00000      0.00000      0.00000
ENER EWALD>      3784.26001-824625.68677 800367.51254      0.00000      0.00000
ENER CONSTR>        0.02360      0.00000      0.00000      0.00000      0.00000
ENER LRCor>      -313.88496   -627.70028
 ----------       ---------    ---------    ---------    ---------    ---------
  
 CHARMM>    !
 CHARMM>    ! Write coordinates and system information
 CHARMM>    !
 CHARMM>     
  
 CHARMM>    open write unit 10 card name step5_pbcsetup.psf
 OPNLGU> Unit already open. The old file will be closed first.
 VCLOSE: Closing unit   10 with status "KEEP"
 VOPEN> Attempting to open::step5_pbcsetup.psf::
 OPNLGU> Unit 10 opened for WRITE access to step5_pbcsetup.psf
  
 CHARMM>    write  psf unit 10 card
 RDTITL>  
 RDTITL> No title read.
  
 CHARMM>     
  
 CHARMM>    open write unit 10 card name step5_pbcsetup.pdb
 OPNLGU> Unit already open. The old file will be closed first.
 VCLOSE: Closing unit   10 with status "KEEP"
 VOPEN> Attempting to open::step5_pbcsetup.pdb::
 OPNLGU> Unit 10 opened for WRITE access to step5_pbcsetup.pdb
  
 CHARMM>    write coor unit 10 pdb
 RDTITL>  
 RDTITL> No title read.
  Write CHARMM-pdb format
  
 CHARMM>     
  
 CHARMM>    open write unit 10 card name step5_pbcsetup.crd
 OPNLGU> Unit already open. The old file will be closed first.
 VCLOSE: Closing unit   10 with status "KEEP"
 VOPEN> Attempting to open::step5_pbcsetup.crd::
 OPNLGU> Unit 10 opened for WRITE access to step5_pbcsetup.crd
  
 CHARMM>    write coor unit 10 card
 RDTITL>  
 RDTITL> No title read.
 VCLOSE: Closing unit   10 with status "KEEP"
  
 CHARMM>     
  
 CHARMM>    open  write unit 90 card name step5_pbcsetup.str
 VOPEN> Attempting to open::step5_pbcsetup.str::
 OPNLGU> Unit 90 opened for WRITE access to step5_pbcsetup.str
  
 CHARMM>    write title unit 90
 RDTITL> * SET XTLTYPE  = TETRAGONAL
 RDTITL> * SET A = 75
 RDTITL> * SET B = 75
 RDTITL> * SET C = 76
 RDTITL> * SET ALPHA = 90.0
 RDTITL> * SET BETA  = 90.0
 RDTITL> * SET GAMMA = 90.0
 RDTITL> * SET FFTX     = 64
 RDTITL> * SET FFTY     = 64
 RDTITL> * SET FFTZ     = 64
 RDTITL> * SET POSID = SOD
 RDTITL> * SET NEGID = CLA
 RDTITL> * SET XCEN = 0
 RDTITL> * SET YCEN = 0
 RDTITL> * SET ZCEN = 0
 RDTITL> *
  
 CHARMM>     
  
 CHARMM>     
  
 CHARMM>    stop
 VCLOSE: Closing unit   20 with status "KEEP"
 VCLOSE: Closing unit   90 with status "KEEP"

      $$$$$$  New timer profile Local node$$$$$

   Shake time                      0.00 Other:            0.00
      Heuristic check                 0.10 Other:            0.00
   List time                       2.45 Other:            2.34
            Direct Ewald time               4.08 Other:            0.00
               Fill charge grid                0.47 Other:            0.00
               Scalar sum                      0.04 Other:            0.00
               Grad sum                        0.18 Other:            0.00
                  FFTcomm                         0.10 Other:            0.00
               FFT                             0.15 Other:            0.05
            Recip Ewald time                2.05 Other:            1.22
         Ewald time                      6.13 Other:            0.00
      Nonbond force                   6.15 Other:            0.02
         Bond energy                     0.02 Other:            0.00
         Angle energy                    0.01 Other:            0.00
         Dihedral energy                 0.01 Other:            0.00
         Restraints energy               0.00 Other:            0.00
      INTRNL energy                   0.08 Other:            0.05
      Comm energy                     0.00 Other:            0.00
      Comm force                      0.04 Other:            0.00
   Energy time                     6.42 Other:            0.16
 Total time                     26.92 Other:           18.05

         $$$$$$  Average   profile $$$$$

   Shake time                      0.00 Other:            0.00
      Heuristic check                 0.09 Other:            0.00
   List time                       2.47 Other:            2.36
            Direct Ewald time               4.21 Other:            0.00
               Fill charge grid                0.49 Other:            0.00
               Scalar sum                      0.05 Other:            0.00
               Grad sum                        0.20 Other:            0.00
                  FFTcomm                         0.08 Other:            0.00
               FFT                             0.13 Other:            0.03
            Recip Ewald time                1.75 Other:            0.91
         Ewald time                      6.13 Other:            0.00
      Nonbond force                   6.13 Other:            0.00
         Bond energy                     0.02 Other:            0.00
         Angle energy                    0.01 Other:            0.00
         Dihedral energy                 0.01 Other:            0.00
         Restraints energy               0.00 Other:            0.00
      INTRNL energy                   0.08 Other:            0.05
      Comm energy                     0.00 Other:            0.00
      Comm force                      0.04 Other:            0.00
   Energy time                     6.26 Other:            0.00
 Total time                     26.91 Other:           18.05

                    NORMAL TERMINATION BY NORMAL STOP
                    MOST SEVERE WARNING WAS AT LEVEL  0

                    $$$$$ JOB ACCOUNTING INFORMATION $$$$$
                     ELAPSED TIME:    26.93  SECONDS 
                         CPU TIME:    26.75  SECONDS 
