1
                 Chemistry at HARvard Macromolecular Mechanics
           (CHARMM) - Developmental Version 41b1     August 15, 2016            
       Copyright(c) 1984-2014  President and Fellows of Harvard College
                              All Rights Reserved
        Current operating system: Linux-3.2.0-2-amd64(x86_64)@n112[+  7]        
                 Created on  4/29/19 at 14:25:31 by user: fylin       

            Maximum number of ATOMS:    360720, and RESidues:      120240
 RDTITL> * GENERATED BY CHARMM-GUI (HTTP://WWW.CHARMM-GUI.ORG) V1.8 ON APR, 20. 2017. JOBID=1492717725
 RDTITL> * SOLVATE PROTEIN IN WATER BOX
 RDTITL> *
  
 CHARMM>     
  
 CHARMM>    DIMENS CHSIZE 3000000 MAXRES 3000000
Size      Original         New
MAXA        360720     3000000
MAXB        360720     3000000
MAXT        721440     6000000
MAXP       1082160     9000000
MAXIMP      180360     1500000
MAXNB        90180      750000
MAXPAD      360720     3000000
MAXRES      120240     3000000
MAXSEG       45090      375000
MAXATC        1400
MAXCB         3000
MAXCT        11000
MAXCP        20000
MAXCI         1200
MAXCH         6400
MAXCN       502503
MAXCRT      120240     1000000
  
 CHARMM>     
  
 CHARMM>    ! Read topology and parameter files
 CHARMM>    stream toppar.str
 VOPEN> Attempting to open::toppar.str::
 OPNLGU> Unit 99 opened for READONLY access to toppar.str

                    INPUT STREAM SWITCHING TO UNIT    99
 RDTITL> * GENERATED BY CHARMM-GUI (HTTP://WWW.CHARMM-GUI.ORG) VERSION ON MAY, 27. 2015.
 RDTITL> * STREAM FILE FOR TOPOLOGY AND PARAMETER READING
 RDTITL> *
 Parameter: IN1 <- "" <empty>
  
 CHARMM>     
  
 CHARMM>    set toppar ../add_toppar
 Parameter: TOPPAR <- "../ADD_TOPPAR"
  
 CHARMM>     
  
 CHARMM>    ! protein topology and parameter
 CHARMM>    open read card unit 10 name @toppar/top_all36_prot.rtf
 Parameter: TOPPAR -> "../ADD_TOPPAR"
 VOPEN> Attempting to open::../add_toppar/top_all36_prot.rtf::
 OPNLGU> Unit 10 opened for READONLY access to ../add_toppar/top_all36_prot.rtf
  
 CHARMM>    read  rtf card unit 10
 MAINIO> Residue topology file being read from unit  10.
 TITLE> *>>>>>>>>CHARMM36 ALL-HYDROGEN TOPOLOGY FILE FOR PROTEINS <<<<<<
 TITLE> *>>>>> INCLUDES PHI, PSI CROSS TERM MAP (CMAP) CORRECTION <<<<<<<
 TITLE> *>>>>>>>>>>>>>>>>>>>>>>>>>> MAY 2011 <<<<<<<<<<<<<<<<<<<<<<<<<<<<
 TITLE> * ALL COMMENTS TO THE CHARMM WEB SITE: WWW.CHARMM.ORG
 TITLE> *             PARAMETER SET DISCUSSION FORUM
 TITLE> *
  
 CHARMM>     
  
 CHARMM>    open read card unit 20 name @toppar/par_all36_prot.prm
 Parameter: TOPPAR -> "../ADD_TOPPAR"
 VOPEN> Attempting to open::../add_toppar/par_all36_prot.prm::
 OPNLGU> Unit 20 opened for READONLY access to ../add_toppar/par_all36_prot.prm
  
 CHARMM>    read para card unit 20 flex

          PARAMETER FILE BEING READ FROM UNIT 20
 TITLE> *>>>> CHARMM36 ALL-HYDROGEN PARAMETER FILE FOR PROTEINS <<<<<<<<<<
 TITLE> *>>>>> INCLUDES PHI, PSI CROSS TERM MAP (CMAP) CORRECTION <<<<<<<<
 TITLE> *>>>>>>>>>>>>>>>>>>>>>>>>>> FEB. 2012 <<<<<<<<<<<<<<<<<<<<<<<<<<<<
 TITLE> * ALL COMMENTS TO THE CHARMM WEB SITE: WWW.CHARMM.ORG
 TITLE> *             PARAMETER SET DISCUSSION FORUM
 TITLE> *
 PARMIO> NONBOND, HBOND lists and IMAGE atoms cleared.
  
 CHARMM>     
  
 CHARMM>    !!
 CHARMM>    open read card unit 10 name @toppar/top_all36_na.rtf
 Parameter: TOPPAR -> "../ADD_TOPPAR"
 OPNLGU> Unit already open. The old file will be closed first.
 VCLOSE: Closing unit   10 with status "KEEP"
 VOPEN> Attempting to open::../add_toppar/top_all36_na.rtf::
 OPNLGU> Unit 10 opened for READONLY access to ../add_toppar/top_all36_na.rtf
  
 CHARMM>    read  rtf card unit 10 append
 MAINIO> Residue topology file being read from unit  10.
 TITLE> *  \\\\ CHARMM36 ALL-HYDROGEN NUCLEIC ACID TOPOLOGY FILE ////
 TITLE> *   ALEXANDER D. MACKERELL JR. AND COWORKERS
 TITLE> *                      APRIL 2011
 TITLE> * ALL COMMENTS TO THE CHARMM WEB SITE: WWW.CHARMM.ORG
 TITLE> *           PARAMETER SET DISCUSSION FORUM
 TITLE> *
  
 CHARMM>     
  
 CHARMM>    open read card unit 20 name @toppar/par_all36_na.prm
 Parameter: TOPPAR -> "../ADD_TOPPAR"
 OPNLGU> Unit already open. The old file will be closed first.
 VCLOSE: Closing unit   20 with status "KEEP"
 VOPEN> Attempting to open::../add_toppar/par_all36_na.prm::
 OPNLGU> Unit 20 opened for READONLY access to ../add_toppar/par_all36_na.prm
  
 CHARMM>    read para card unit 20 append flex

          PARAMETER FILE BEING READ FROM UNIT 20
 TITLE> * \\\\ CHARMM36 ALL-HYDROGEN NUCLEIC ACID PARAMETER FILE ////
 TITLE> *         ALEXANDER D. MACKERELL JR. AND COWORKERS
 TITLE> *                        APRIL 2011
 TITLE> * ALL COMMENTS TO THE CHARMM WEB SITE: WWW.CHARMM.ORG PARAMETER
 TITLE> *                     SET DISCUSSION FORUM
 TITLE> *
 PARMIO> NONBOND, HBOND lists and IMAGE atoms cleared.
  
 CHARMM>     
  
 CHARMM>    ! carbohydrates
 CHARMM>    open read card unit 10 name @toppar/top_all36_carb.rtf
 Parameter: TOPPAR -> "../ADD_TOPPAR"
 OPNLGU> Unit already open. The old file will be closed first.
 VCLOSE: Closing unit   10 with status "KEEP"
 VOPEN> Attempting to open::../add_toppar/top_all36_carb.rtf::
 OPNLGU> Unit 10 opened for READONLY access to ../add_toppar/top_all36_carb.rtf
  
 CHARMM>    read  rtf card unit 10 append
 MAINIO> Residue topology file being read from unit  10.
 TITLE> * $ID: TOP_ALLXX_SUGAR.INP,V 1.106 2014/08/19 19:07:43 ALEX EXP $
 TITLE> *>>>>>>>>>>>> ALL-HYDROGEN TOPOLOGIES USED IN THE <<<<<<<<<<<<<<<<
 TITLE> *>>>>> DEVELOPMENT OF THE CHARMM CARBOHYDRATE  FORCE FIELD<<<<<<<<
 TITLE> *>>>>>>>>>>>>>>>>>>>>>>>>> JUNE 2009 <<<<<<<<<<<<<<<<<<<<<<<<<<<<<
 TITLE> *>>>>>>>> DIRECT COMMENTS TO ALEXANDER D. MACKERELL JR. <<<<<<<<<<
 TITLE> *>>>>>>>>>> VIA THE CHARMM WEB SITE: WWW.CHARMM.ORG <<<<<<<<<<<<<<
 TITLE> *>>>>>>>>>>>>>>> PARAMETER SET DISCUSSION FORUM <<<<<<<<<<<<<<<<<<
 TITLE> *
  
 CHARMM>     
  
 CHARMM>    open read card unit 20 name @toppar/par_all36_carb.prm
 Parameter: TOPPAR -> "../ADD_TOPPAR"
 OPNLGU> Unit already open. The old file will be closed first.
 VCLOSE: Closing unit   20 with status "KEEP"
 VOPEN> Attempting to open::../add_toppar/par_all36_carb.prm::
 OPNLGU> Unit 20 opened for READONLY access to ../add_toppar/par_all36_carb.prm
  
 CHARMM>    read para card unit 20 append flex

          PARAMETER FILE BEING READ FROM UNIT 20
 TITLE> * $ID: PAR_ALLXX_SUGAR.INP,V 1.132 2014/08/19 19:03:21 ALEX EXP $
 TITLE> *>>>>>>>>>>>> ALL-HYDROGEN PARAMETERS USED IN THE <<<<<<<<<<<<<<<<
 TITLE> *>>>>> DEVELOPMENT OF THE CHARMM CARBOHYDRATE  FORCE FIELD<<<<<<<<
 TITLE> *>>>>>>>>>>>>>>>>>>>>>>>>> JUNE 2009 <<<<<<<<<<<<<<<<<<<<<<<<<<<<<
 TITLE> *>>>>>>>> DIRECT COMMENTS TO ALEXANDER D. MACKERELL JR. <<<<<<<<<<
 TITLE> *>>>>>>>>>> VIA THE CHARMM WEB SITE: WWW.CHARMM.ORG <<<<<<<<<<<<<<
 TITLE> *>>>>>>>>>>>>>>> PARAMETER SET DISCUSSION FORUM <<<<<<<<<<<<<<<<<<
 TITLE> *
 PARMIO> NONBOND, HBOND lists and IMAGE atoms cleared.
  
 CHARMM>     
  
 CHARMM>    ! lipids
 CHARMM>    open read card unit 10 name @toppar/top_all36_lipid.rtf
 Parameter: TOPPAR -> "../ADD_TOPPAR"
 OPNLGU> Unit already open. The old file will be closed first.
 VCLOSE: Closing unit   10 with status "KEEP"
 VOPEN> Attempting to open::../add_toppar/top_all36_lipid.rtf::
 OPNLGU> Unit 10 opened for READONLY access to ../add_toppar/top_all36_lipid.rtf
  
 CHARMM>    read  rtf card unit 10 append
 MAINIO> Residue topology file being read from unit  10.
 TITLE> *  \\\\\\\ CHARMM36 ALL-HYDROGEN LIPID TOPOLOGY FILE ///////
 TITLE> *  ALL COMMENTS AND QUESTIONS SHOULD BE SUBMITTED TO THE
 TITLE> *  PARAMETER FORUM AT THE CHARMM WEBSITE: WWW.CHARMM.ORG
 TITLE> *
  
 CHARMM>     
  
 CHARMM>    open read card unit 20 name @toppar/par_all36_lipid.prm
 Parameter: TOPPAR -> "../ADD_TOPPAR"
 OPNLGU> Unit already open. The old file will be closed first.
 VCLOSE: Closing unit   20 with status "KEEP"
 VOPEN> Attempting to open::../add_toppar/par_all36_lipid.prm::
 OPNLGU> Unit 20 opened for READONLY access to ../add_toppar/par_all36_lipid.prm
  
 CHARMM>    read para card unit 20 append flex

          PARAMETER FILE BEING READ FROM UNIT 20
 TITLE> *  \\\\\\\ CHARMM36 ALL-HYDROGEN LIPID PARAMETER FILE ///////
 TITLE> *  ALL COMMENTS AND QUESTIONS SHOULD BE SUBMITTED TO THE
 TITLE> *  PARAMETER FORUM AT THE CHARMM WEBSITE: WWW.CHARMM.ORG
 TITLE> *
 PARMIO> NONBOND, HBOND lists and IMAGE atoms cleared.
  
 CHARMM>     
  
 CHARMM>     
  
 CHARMM>     
  
 CHARMM>    stream @toppar/stream/prot/toppar_all36_prot_fluoro_alkanes.str
 Parameter: TOPPAR -> "../ADD_TOPPAR"
 VOPEN> Attempting to open::../add_toppar/stream/prot/toppar_all36_prot_fluoro_alkanes.str::
 OPNLGU> Unit 98 opened for READONLY access to ../add_toppar/stream/prot/toppar_all36_prot_fluoro_alkanes.str

                    INPUT STREAM SWITCHING TO UNIT    98
 RDTITL> * TOPOLOGY AND PARAMETERS FOR FLUORINATED ALKANES.
 RDTITL> *
 Parameter: IN1 <- "" <empty>
  
 CHARMM>     
  
 CHARMM>    !Parent files that have to be read prior to streaming this file
 CHARMM>    !top_all36_prot.rtf
 CHARMM>    !par_all36_prot.prm
 CHARMM>     
  
 CHARMM>    !Testcase
 CHARMM>    !test_all36_prot_fluoro_alkanes.inp
 CHARMM>     
  
 CHARMM>    !Reference
 CHARMM>    !Chen, I.-J., Yin, D. and MacKerell, Jr., A.D., "Combined Ab
 CHARMM>    !initio/Empirical Approach for Optimization of Lennard-Jones Parameters
 CHARMM>    !for Polar-Neutral Compounds," Journal of Computational Chemistry,
 CHARMM>    !2002, 23:199-213.
 CHARMM>    !
 CHARMM>    !Note that these parameters are higly optimized to reproduce the
 CHARMM>    !corresponding condensed phase properties and have not been incorporated
 CHARMM>    !into the CHARMM22 or CHARMM27 biomolecular force fields
 CHARMM>     
  
 CHARMM>    read rtf card append
 MAINIO> Residue topology file being read from unit  98.
 RDTITL> * TOPOLOGY FOR FLUOROALKANES
 RDTITL> *
  
 CHARMM>     
  
 CHARMM>    read para card flex append

          PARAMETER FILE BEING READ FROM UNIT 98
 RDTITL> * FLUOROALKANE PARAMETERS
 RDTITL> *
 PARMIO> NONBOND, HBOND lists and IMAGE atoms cleared.
  
 CHARMM>     
  
 CHARMM>    return
 VCLOSE: Closing unit   98 with status "KEEP"

                    RETURNING TO INPUT STREAM    99
  
 CHARMM>    stream @toppar/stream/prot/toppar_all36_prot_na_combined.str
 Parameter: TOPPAR -> "../ADD_TOPPAR"
 VOPEN> Attempting to open::../add_toppar/stream/prot/toppar_all36_prot_na_combined.str::
 OPNLGU> Unit 98 opened for READONLY access to ../add_toppar/stream/prot/toppar_all36_prot_na_combined.str

                    INPUT STREAM SWITCHING TO UNIT    98
 RDTITL> * TOPOLOGY AND PARAMETER STREAM FILE FOR PATCHES TO CREATE
 RDTITL> * MODEL COMPOUNDS AND PATCHES THAT REQUIRE BOTH PROTEIN AND
 RDTITL> * NUCLEIC ACID TOPOLOGY AND PARAMETER INFORMATION
 RDTITL> *
 Parameter: IN1 <- "" <empty>
  
 CHARMM>     
  
 CHARMM>    !Parent files that have to be read prior to streaming this file
 CHARMM>    !top_all36_prot.rtf
 CHARMM>    !par_all36_prot.prm
 CHARMM>    !top_all36_na.rtf
 CHARMM>    !par_all36_na.prm
 CHARMM>    !stream/toppar_all36_prot_fluoro_alkanes.str ! atom types an parameters for fluorinated compounds
 CHARMM>     
  
 CHARMM>    !Testcase
 CHARMM>    !test_all36_prot_na_combined.inp
 CHARMM>     
  
 CHARMM>    !all patches must be followed by AUTOGENERATE ANGLES DIHEDRALS
 CHARMM>     
  
 CHARMM>    !PHOSPHOTYROSINE
 CHARMM>    !
 CHARMM>    !Feng, M.-H., Philippopoulos, M., MacKerell, Jr., A.D. and Lim, C.
 CHARMM>    !Structural Characterization of the Phosphotyrosine Binding Region of a
 CHARMM>    !High-Affinity aSH2 Domain-Phosphopeptide Complex by Molecular Dynamics
 CHARMM>    !Simulation and Chemical Shift Calculations. Journal of the American
 CHARMM>    !Chemical Society, 1996, 118: 11265-11277.
 CHARMM>     
  
 CHARMM>    read rtf card append
 MAINIO> Residue topology file being read from unit  98.
 RDTITL> * TOPOLOGY FOR PHOSPHORYLATED AMINO ACIDS
 RDTITL> *
  
 CHARMM>     
  
 CHARMM>    read para card flex append

          PARAMETER FILE BEING READ FROM UNIT 98
 RDTITL> * ADDITIONAL PARAMETERS FOR PHOSPHORYLATED AMINO ACIDS
 RDTITL> *
 PARMIO> NONBOND, HBOND lists and IMAGE atoms cleared.
  
 VCLOSE: Closing unit   98 with status "KEEP"

                    RETURNING TO INPUT STREAM    99
  
 CHARMM>     
  
 CHARMM>     
  
 CHARMM>    ! glycopeptide
 CHARMM>    !stream @toppar/toppar_all36_carb_glycopeptide.str
 CHARMM>     
  
 CHARMM>    ! Extra Lipids
 CHARMM>    !stream @toppar/toppar_all36_lipid_bacterial.str
 CHARMM>     
  
 CHARMM>    ! Read additional topology and parameter file for water and ions
 CHARMM>    stream @toppar/toppar_water_ions.str
 Parameter: TOPPAR -> "../ADD_TOPPAR"
 VOPEN> Attempting to open::../add_toppar/toppar_water_ions.str::
 OPNLGU> Unit 98 opened for READONLY access to ../add_toppar/toppar_water_ions.str

                    INPUT STREAM SWITCHING TO UNIT    98
 RDTITL> * TOPLOGY AND PARAMETER INFORMATION FOR WATER AND IONS.
 RDTITL> *
 Parameter: IN1 <- "" <empty>
  
 CHARMM>     
  
 CHARMM>    !Testcase
 CHARMM>    !test_water_ions.inp
 CHARMM>     
  
 CHARMM>    ! IMPORTANT NOTE: this file contains NBFixes between carboxylates and sodium,
 CHARMM>    ! which will only apply if the main files containing carboxylate atom types
 CHARMM>    ! have been read in first!
 CHARMM>     
  
 CHARMM>    !references
 CHARMM>    !
 CHARMM>    !TIP3P water model
 CHARMM>    !
 CHARMM>    !W.L. Jorgensen; J.Chandrasekhar; J.D. Madura; R.W. Impey;
 CHARMM>    !M.L. Klein; "Comparison of simple potential functions for
 CHARMM>    !simulating liquid water", J. Chem. Phys. 79 926-935 (1983).
 CHARMM>    !
 CHARMM>    !IONS
 CHARMM>    !
 CHARMM>    !Ions from Roux and coworkers
 CHARMM>    !
 CHARMM>    !Beglov, D. and Roux, B., Finite Representation of an Infinite
 CHARMM>    !Bulk System: Solvent Boundary Potential for Computer Simulations,
 CHARMM>    !Journal of Chemical Physics, 1994, 100: 9050-9063
 CHARMM>    !
 CHARMM>    !ZINC
 CHARMM>    !
 CHARMM>    !Stote, R.H. and Karplus, M. Zinc Binding in Proteins and
 CHARMM>    !Solution: A Simple but Accurate Nonbonded Representation, PROTEINS:
 CHARMM>    !Structure, Function, and Genetics 23:12-31 (1995)
 CHARMM>     
  
 CHARMM>    !test "append" to determine if previous toppar files have been read and
 CHARMM>    !add append to "read rtf card" if true
 CHARMM>    set nat ?NATC
 RDCMND substituted energy or value "?NATC" to "191"
 Parameter: NAT <- "191"
  
 CHARMM>    set app
 Parameter: APP <- "" <empty>
  
 CHARMM>    !We're exploiting what is arguably a bug in the parser. On the left hand side,
 CHARMM>    !the quotes have priority, so NAT is correctly substituted. On the right hand
 CHARMM>    !side, the ? has priority and NATC" (sic) is not a valid substitution...
 CHARMM>    if "@NAT" ne "?NATC" if @nat ne 0 set app append
 Parameter: NAT -> "191"
 Parameter: NAT -> "191"
 RDCMND: can not substitute energy "?NATC""
 Comparing ""191"" and ""?NATC"".
 IF test evaluated as true.  Performing command
 Comparing "191" and "0".
 IF test evaluated as true.  Performing command
 Parameter: APP <- "APPEND"
  
 CHARMM>     
  
 CHARMM>    read rtf card @app
 Parameter: APP -> "APPEND"
 MAINIO> Residue topology file being read from unit  98.
 RDTITL> * TOPOLOGY FOR WATER AND IONS
 RDTITL> *
  
 CHARMM>     
  
 CHARMM>    read para card flex @app
 Parameter: APP -> "APPEND"

          PARAMETER FILE BEING READ FROM UNIT 98
 RDTITL> * PARAMETERS FOR WATER AND IONS
 RDTITL> *
 PARMIO> NONBOND, HBOND lists and IMAGE atoms cleared.
  
 CHARMM>     
  
 CHARMM>    ! The following section contains NBFixes for sodium interacting with
 CHARMM>    ! carboxylate oxygens of various CHARMM force fields. It will generate
 CHARMM>    ! level -1 warnings whenever any of these force fields have not been
 CHARMM>    ! read prior to the current stream file. Since we don't want to force
 CHARMM>    ! the user to always read all the force fields, we're suppressing the
 CHARMM>    ! warnings. The only side effect is that you will have "most severe
 CHARMM>    ! warning was at level 0" at the end of your output. Also note that
 CHARMM>    ! the user is responsible for reading the current file last if they
 CHARMM>    ! want the NBFixes to apply. A more elegant solution would require new
 CHARMM>    ! features to be added to CHARMM.
 CHARMM>    ! parallel fix, to avoid duplicated messages in the log
 CHARMM>    set para
 Parameter: PARA <- "" <empty>
  
 CHARMM>    if ?NUMNODE gt 1 set para node 0
 RDCMND substituted energy or value "?NUMNODE" to "8"
 Comparing "8" and "1".
 IF test evaluated as true.  Performing command
 Parameter: PARA <- "NODE 0"
  
 CHARMM>     
  
 CHARMM>    set wrn ?WRNLEV
 RDCMND substituted energy or value "?WRNLEV" to "5"
 Parameter: WRN <- "5"
  
 CHARMM>    ! Some versions of CHARMM don't seem to initialize wrnlev...
 CHARMM>    if "@WRN" eq "?WRNLEV" set wrn 5
 Parameter: WRN -> "5"
 RDCMND: can not substitute energy "?WRNLEV""
 Comparing ""5"" and ""?WRNLEV"".
 IF test evaluated as false.  Skipping command
  
 CHARMM>    set bom ?bomlev
 RDCMND substituted energy or value "?BOMLEV" to "0"
 Parameter: BOM <- "0"
  
 CHARMM>    WRNLEV -1 @PARA
 Parameter: PARA -> "NODE 0"
  
 CHARMM>    BOMLEV -1 @PARA
 Parameter: PARA -> "NODE 0"
  
 CHARMM>    read para card flex append

          PARAMETER FILE BEING READ FROM UNIT 98
 RDTITL> * NBFIX BETWEEN CARBOXYLATE AND SODIUM
 RDTITL> *
 PARMIO> NONBOND, HBOND lists and IMAGE atoms cleared.
  
 CHARMM>    BOMLEV @bom @PARA
 Parameter: BOM -> "0"
 Parameter: PARA -> "NODE 0"
  
 CHARMM>    WRNLEV @wrn @PARA
 Parameter: WRN -> "5"
 Parameter: PARA -> "NODE 0"
  
 CHARMM>     
  
 CHARMM>    return
 VCLOSE: Closing unit   98 with status "KEEP"

                    RETURNING TO INPUT STREAM    99
  
 CHARMM>     
  
 CHARMM>    !stream @toppar/toppar_dum_noble_gases.str
 CHARMM>     
  
 CHARMM>    ! Read additional topology and parameter
 CHARMM>    !stream @toppar/toppar_all36_na_nad_ppi.str
 CHARMM>     
  
 CHARMM>    ! cgenff
 CHARMM>    open read card unit 10 name @toppar/top_all36_cgenff.rtf
 Parameter: TOPPAR -> "../ADD_TOPPAR"
 OPNLGU> Unit already open. The old file will be closed first.
 VCLOSE: Closing unit   10 with status "KEEP"
 VOPEN> Attempting to open::../add_toppar/top_all36_cgenff.rtf::
 OPNLGU> Unit 10 opened for READONLY access to ../add_toppar/top_all36_cgenff.rtf
  
 CHARMM>    read  rtf card unit 10 append
 MAINIO> Residue topology file being read from unit  10.
 TITLE> *  --------------------------------------------------------------------------  *
 TITLE> *          CGENFF: TOPOLOGY FOR THE CHARMM GENERAL FORCE FIELD V. 4.0          *
 TITLE> *                    FOR SMALL MOLECULE DRUG DESIGN                            *
 TITLE> *  --------------------------------------------------------------------------  *
 TITLE> *

 DRUDES PARTICLES WILL BE GENERATED AUTOMATICALLY FOR ALL ATOMS WITH NON-ZERO ALPHA
 Thole-type dipole screening, Slater-Delta shape {S(u) = 1 - (1+u/2)*exp(-u)}, default radius =  1.300000
*** WARNING **** residue ETHA already exists (old one deleted)
          RESI ETHA          0.00
*** WARNING **** residue FETH already exists (old one deleted)
          RESI FETH          0.00
*** WARNING **** residue DFET already exists (old one deleted)
          RESI DFET          0.00
*** WARNING **** residue TFET already exists (old one deleted)
          RESI TFET          0.00
*** WARNING **** residue TFE  already exists (old one deleted)
          RESI TFE           0.00
*** WARNING **** residue THFI already exists (old one deleted)
          RESI THFI           0.00
*** WARNING **** residue THMI already exists (old one deleted)
          RESI THMI           0.00
*** WARNING **** residue THFA already exists (old one deleted)
          RESI THFA           0.00
*** WARNING **** residue THAO already exists (old one deleted)
          RESI THAO           0.00
*** WARNING **** residue RNUS already exists (old one deleted)
          RESI RNUS           0.00
*** WARNING **** residue NUCL already exists (old one deleted)
          RESI NUCL          -1.00
*** WARNING **** residue PPH1 already exists (old one deleted)
          RESI PPH1         -1.00
*** WARNING **** residue BMPH already exists (old one deleted)
          RESI BMPH         -1.00
*** WARNING **** residue BMPD already exists (old one deleted)
          RESI BMPD         -2.00
*** WARNING **** residue BDFP already exists (old one deleted)
          RESI BDFP         -1.00
*** WARNING **** residue BDFD already exists (old one deleted)
          RESI BDFD         -2.00
*** WARNING **** residue EP_2 already exists (old one deleted)
          RESI EP_2         -2.00
*** WARNING **** residue IP_2 already exists (old one deleted)
          RESI IP_2         -2.00
 There were  18 warning(s) from RTFRDR.
  
 CHARMM>     
  
 CHARMM>    open read card unit 20 name @toppar/par_all36_cgenff.prm
 Parameter: TOPPAR -> "../ADD_TOPPAR"
 OPNLGU> Unit already open. The old file will be closed first.
 VCLOSE: Closing unit   20 with status "KEEP"
 VOPEN> Attempting to open::../add_toppar/par_all36_cgenff.prm::
 OPNLGU> Unit 20 opened for READONLY access to ../add_toppar/par_all36_cgenff.prm
  
 CHARMM>    read para card unit 20 append flex

          PARAMETER FILE BEING READ FROM UNIT 20
 TITLE> *  --------------------------------------------------------------------------  *
 TITLE> *         CGENFF: PARAMETERS FOR THE CHARMM GENERAL FORCE FIELD V. 4.0         *
 TITLE> *                    FOR SMALL MOLECULE DRUG DESIGN                            *
 TITLE> *  --------------------------------------------------------------------------  *
 TITLE> *  2016/8: IF PROTEIN, NUCLEIC ACID AND CARBOHYDRATE TOPOLOGY AND PARAMETER FILES
 TITLE> *  ARE NOT READ PRIOR TO THE CGENFF FILES "WARNING: ATOMS IN NBFIX ' errors will
 TITLE> *  BE ENCOUNTERED.  THESE CAN BE PASSED BY SETTING BOMLEV ( -2) PRIOR TO READING
 TITLE> *  THIS FILE. IN ADDITION, WHEN GENERATING AROMATIC HALOGENS (CL, BR, I) WITH
 TITLE> *  PRE C41B/C42A VERSIONS OF CHARMM "MISSING PARAMETER" ERRORS WILL BE
 TITLE> *  ENCOUNTERED THAT ALSO REQUIRE SETTING BOMLEV ( -2).
 TITLE> *
 PARMIO> NONBOND, HBOND lists and IMAGE atoms cleared.
  
 CHARMM>     
  
 CHARMM>    stream @toppar/22u_lp_namd.str
 Parameter: TOPPAR -> "../ADD_TOPPAR"
 VOPEN> Attempting to open::../add_toppar/22u_lp_namd.str::
 OPNLGU> Unit 98 opened for READONLY access to ../add_toppar/22u_lp_namd.str

                    INPUT STREAM SWITCHING TO UNIT    98
 RDTITL> * TOPPAR STREAM FILE GENERATED BY
 RDTITL> * CHARMM GENERAL FORCE FIELD (CGENFF) PROGRAM VERSION 1.0.0
 RDTITL> * FOR USE WITH CGENFF VERSION 3.0.1
 RDTITL> *
 Parameter: IN1 <- "" <empty>
  
 CHARMM>     
  
 CHARMM>    read rtf card append
 MAINIO> Residue topology file being read from unit  98.
 RDTITL> * TOPOLOGIES GENERATED BY
 RDTITL> * CHARMM GENERAL FORCE FIELD (CGENFF) PROGRAM VERSION 1.0.0
 RDTITL> *
  
 CHARMM>     
  
 CHARMM>    read param card flex append

          PARAMETER FILE BEING READ FROM UNIT 98
 RDTITL> * PARAMETERS GENERATED BY ANALOGY BY
 RDTITL> * CHARMM GENERAL FORCE FIELD (CGENFF) PROGRAM VERSION 1.0.0
 RDTITL> *
 PARMIO> NONBOND, HBOND lists and IMAGE atoms cleared.
  
 CHARMM>    RETURN
 VCLOSE: Closing unit   98 with status "KEEP"

                    RETURNING TO INPUT STREAM    99
  
 VCLOSE: Closing unit   99 with status "KEEP"

                    RETURNING TO INPUT STREAM     5
  
 CHARMM>     
  
 CHARMM>    ! Read PSF and Coordinates
 CHARMM>    open read unit 10 card name step3_crys_complex.psf
 OPNLGU> Unit already open. The old file will be closed first.
 VCLOSE: Closing unit   10 with status "KEEP"
 VOPEN> Attempting to open::step3_crys_complex.psf::
 OPNLGU> Unit 10 opened for READONLY access to step3_crys_complex.psf
  
 CHARMM>    read psf  unit 10 card
 MAINIO> Protein structure file being read from unit  10.
 PSFRD2> Reading PSF in the expanded format.
 TITLE>  * GENERATED BY CHARMM-GUI (HTTP://WWW.CHARMM-GUI.ORG) V1.8 ON APR, 19. 2017. JOB
 TITLE>  * SEPARATING OUT SEGMENTS FROM ADDITIVE CRD, WRITING INDIVIDUAL
 TITLE>  * CRD FILES AND GENERATING CORRESPONDING DRUDE INPUTS
 TITLE>  *  DATE:     4/29/19     14:17:19      CREATED BY USER: fylin
 TITLE>  *
 PSFSUM> PSF modified: NONBOND lists and IMAGE atoms cleared.
 PSFSUM> Summary of the structure file counters :
         Number of segments      =        4   Number of residues   =      291
         Number of atoms         =     4708   Number of groups     =     1351
         Number of bonds         =     4765   Number of angles     =     8610
         Number of dihedrals     =    12647   Number of impropers  =      782
         Number of cross-terms   =      284
         Number of HB acceptors  =      429   Number of HB donors  =      547
         Number of NB exclusions =        0   Total charge =    8.00000
  
 CHARMM>     
  
 CHARMM>    open read unit 10 card name step3_crys_complex.crd
 OPNLGU> Unit already open. The old file will be closed first.
 VCLOSE: Closing unit   10 with status "KEEP"
 VOPEN> Attempting to open::step3_crys_complex.crd::
 OPNLGU> Unit 10 opened for READONLY access to step3_crys_complex.crd
  
 CHARMM>    read coor unit 10 card
          SPATIAL COORDINATES BEING READ FROM UNIT 10
 TITLE> * GENERATED BY CHARMM-GUI (HTTP://WWW.CHARMM-GUI.ORG) V1.8 ON APR, 19. 2017. JOB
 TITLE> * SEPARATING OUT SEGMENTS FROM ADDITIVE CRD, WRITING INDIVIDUAL
 TITLE> * CRD FILES AND GENERATING CORRESPONDING DRUDE INPUTS
 TITLE> *  DATE:     4/29/19     14:17:19      CREATED BY USER: FYLIN
 TITLE> *
  
 CHARMM>     
  
 CHARMM>    !Reorient Solute (should be here)
 CHARMM>    coor orient

 ORIENT THE COORDINATES TO ALIGN WITH AXIS

 MOMENTS
 562715.71635995 -41368.57202558 -35812.47734099
                 489969.96746567 -26819.22512446
                                 495512.82291804

 Transpose of the rotation matrix
     0.263656    0.314743   -0.911824
    -0.750152    0.661168    0.011314
     0.606430    0.681024    0.410426
 CENTER OF ATOMS BEFORE TRANSLATION    12.24462     0.22122    20.19098
 AXIS OF ROTATION IS -0.339661  0.770022  0.540089  ANGLE IS   80.35

 ALL COORDINATES ORIENTED IN THE MAIN SET BASED ON SELECTED ATOMS.

  
 CHARMM>    coor stat sele all end
 SELRPN>   4708 atoms have been selected out of   4708
 STATISTICS FOR      4708 SELECTED ATOMS:
    XMIN =  -26.666238 XMAX =   28.245979 XAVE =   -0.000000
    YMIN =  -27.382728 YMAX =   27.124935 YAVE =    0.000000
    ZMIN =  -31.214242 ZMAX =   24.408247 ZAVE =   -0.000000
    WMIN =    0.000000 WMAX =   20.890000 WAVE =    0.180590
  
 CHARMM>     
  
 CHARMM>    !Read Water in
 CHARMM>    stream step4.1_waterbox.str
 VOPEN> Attempting to open::step4.1_waterbox.str::
 OPNLGU> Unit 99 opened for READONLY access to step4.1_waterbox.str

                    INPUT STREAM SWITCHING TO UNIT    99
 RDTITL> READ SEQUENCE TIP3 13668
 RDTITL> No title read.
 Parameter: IN1 <- "" <empty>
  
 CHARMM>     READ SEQUENCE TIP3 13668
  
 CHARMM>     GENERATE SOLV SETUP NOANGLE NODIHEDRAL
 NO PATCHING WILL BE DONE ON THE FIRST RESIDUE
 NO PATCHING WILL BE DONE ON THE LAST  RESIDUE
 GENPSF> Segment   5 has been generated. Its identifier is SOLV.
 PSFSUM> PSF modified: NONBOND lists and IMAGE atoms cleared.
 PSFSUM> Summary of the structure file counters :
         Number of segments      =        5   Number of residues   =    13959
         Number of atoms         =    45712   Number of groups     =    15019
         Number of bonds         =    45769   Number of angles     =    22278
         Number of dihedrals     =    12647   Number of impropers  =      782
         Number of cross-terms   =      284
         Number of HB acceptors  =    14097   Number of HB donors  =    27883
         Number of NB exclusions =        0   Total charge =    8.00000
  
 VCLOSE: Closing unit   99 with status "KEEP"

                    RETURNING TO INPUT STREAM     5
  
 CHARMM>     
  
 CHARMM>    open read card unit 30 name step4.1_waterbox.crd
 VOPEN> Attempting to open::step4.1_waterbox.crd::
 OPNLGU> Unit 30 opened for READONLY access to step4.1_waterbox.crd
  
 CHARMM>    read coor card unit 30 append
          SPATIAL COORDINATES BEING READ FROM UNIT 30
 A RESIDUE OFFSET OF 291 WILL BE USED.
 INFO: A subset of total atoms will be read.

 TITLE> * EQUILIBRATED WATER
 TITLE> *  DATE:     4/29/19     14:17:34      CREATED BY USER: FYLIN
 TITLE> *
  
 CHARMM>    close unit 30
 VCLOSE: Closing unit   30 with status "KEEP"
  
 CHARMM>     
  
 CHARMM>    !
 CHARMM>    ! Add Ion?
 CHARMM>    !
 CHARMM>     
  
 CHARMM>    stream step4.2_ions.prm
 VOPEN> Attempting to open::step4.2_ions.prm::
 OPNLGU> Unit 99 opened for READONLY access to step4.2_ions.prm

                    INPUT STREAM SWITCHING TO UNIT    99
 RDTITL> SET NPOS = 0
 RDTITL> No title read.
 Parameter: IN1 <- "" <empty>
  
 CHARMM>     SET NPOS = 0
 Parameter: NPOS <- "0"
  
 CHARMM>     SET NNEG = 8
 Parameter: NNEG <- "8"
  
 CHARMM>     SET POSID = SOD
 Parameter: POSID <- "SOD"
  
 CHARMM>     SET NEGID = CLA
 Parameter: NEGID <- "CLA"
  
 VCLOSE: Closing unit   99 with status "KEEP"

                    RETURNING TO INPUT STREAM     5
  
 CHARMM>     
  
 CHARMM>    if npos .gt. 0 then
 Comparing "0" and "0".
 IF test evaluated as false.  Skip to ELSE or ENDIF
  
 CHARMM>     
  
 CHARMM>    if nneg .gt. 0 then
 Comparing "8" and "0".
 IF test evaluated as true.  Performing command
  
 CHARMM>       read sequence @negid @nneg
 Parameter: NEGID -> "CLA"
 Parameter: NNEG -> "8"
  
 CHARMM>       generate @negid warn
 Parameter: NEGID -> "CLA"
 NO PATCHING WILL BE DONE ON THE FIRST RESIDUE
 NO PATCHING WILL BE DONE ON THE LAST  RESIDUE
 GENPSF> Segment   6 has been generated. Its identifier is CLA.
 PSFSUM> PSF modified: NONBOND lists and IMAGE atoms cleared.
 PSFSUM> Summary of the structure file counters :
         Number of segments      =        6   Number of residues   =    13967
         Number of atoms         =    45720   Number of groups     =    15027
         Number of bonds         =    45769   Number of angles     =    22278
         Number of dihedrals     =    12647   Number of impropers  =      782
         Number of cross-terms   =      284
         Number of HB acceptors  =    14097   Number of HB donors  =    27883
         Number of NB exclusions =        0   Total charge =   -0.00000
  
 CHARMM>    endif
  
 CHARMM>     
  
 CHARMM>    calc nion = @npos + @nneg
 Parameter: NPOS -> "0"
 Parameter: NNEG -> "8"
Evaluating: 0+8
 Parameter: NION <- "8"
  
 CHARMM>     
  
 CHARMM>    if nion .gt. 0 then
 Comparing "8" and "0".
 IF test evaluated as true.  Performing command
  
 CHARMM>       open read unit 10 card name step4.2_ions.crd
 OPNLGU> Unit already open. The old file will be closed first.
 VCLOSE: Closing unit   10 with status "KEEP"
 VOPEN> Attempting to open::step4.2_ions.crd::
 OPNLGU> Unit 10 opened for READONLY access to step4.2_ions.crd
  
 CHARMM>       read coor unit 10 card append
          SPATIAL COORDINATES BEING READ FROM UNIT 10
 A RESIDUE OFFSET OF**** WILL BE USED.
 INFO: A subset of total atoms will be read.

 TITLE> * GENERATED BY CHARMM-GUI (HTTP://WWW.CHARMM-GUI.ORG) V1.8 ON APR, 20. 2017. JOB
 TITLE> * GENERATES IONS
 TITLE> *  DATE:     4/29/19     14:25:12      CREATED BY USER: FYLIN
 TITLE> *
  
 CHARMM>    endif
  
 CHARMM>     
  
 CHARMM>    !
 CHARMM>    ! Remove water molecules close to or overlapped with
 CHARMM>    ! biomolecule, crystal water, and generated ions
 CHARMM>    !
 CHARMM>     
  
 CHARMM>    define TOTO sele .not. hydrogen .and. .not. segid SOLV end
 SELRPN>   2373 atoms have been selected out of  45720
  
 CHARMM>    coor stat sele TOTO end
 SELRPN>   2373 atoms have been selected out of  45720
 STATISTICS FOR      2373 SELECTED ATOMS:
    XMIN =  -32.439233 XMAX =   36.327134 XAVE =   -0.258295
    YMIN =  -33.529127 YMAX =   34.230804 YAVE =   -0.000545
    ZMIN =  -30.162363 ZMAX =   34.041356 ZAVE =   -0.039455
    WMIN =    0.000000 WMAX =   20.890000 WAVE =    0.190839
  
 CHARMM>    coor stat sele type OH2 .and. segid SOLV end
 SELRPN>  13668 atoms have been selected out of  45720
 STATISTICS FOR     13668 SELECTED ATOMS:
    XMIN =  -37.562092 XMAX =   37.222428 XAVE =    0.067657
    YMIN =  -37.074386 YMAX =   37.347604 YAVE =   -0.027157
    ZMIN =  -38.160388 ZMAX =   37.692732 ZAVE =    0.030266
    WMIN =    0.000000 WMAX =    0.000000 WAVE =    0.000000
  
 CHARMM>     
  
 CHARMM>    delete atom sele .byres. ( ( type OH2 .and. segid SOLV ) .and. ( TOTO .around. 2.8 ) ) end
 SELRPN>   5181 atoms have been selected out of  45720

 Message from MAPIC: Atom numbers are changed.

 Message from MAPIC:       1727 residues deleted.
 DELTIC:      5181 bonds deleted
 DELTIC:      1727 angles deleted
 DELTIC:      3454 donors deleted
 DELTIC:      1727 acceptors deleted
 PSFSUM> PSF modified: NONBOND lists and IMAGE atoms cleared.
 PSFSUM> Summary of the structure file counters :
         Number of segments      =        6   Number of residues   =    12240
         Number of atoms         =    40539   Number of groups     =    13300
         Number of bonds         =    40588   Number of angles     =    20551
         Number of dihedrals     =    12647   Number of impropers  =      782
         Number of cross-terms   =      284
         Number of HB acceptors  =    12370   Number of HB donors  =    24429
         Number of NB exclusions =        0   Total charge =   -0.00000
  
 CHARMM>     
  
 CHARMM>    join SOLV renumber
 THE RESIDUE IDENTIFIERS HAVE BEEN RENUMBERED
 PSFSUM> PSF modified: NONBOND lists and IMAGE atoms cleared.
 PSFSUM> Summary of the structure file counters :
         Number of segments      =        6   Number of residues   =    12240
         Number of atoms         =    40539   Number of groups     =    13300
         Number of bonds         =    40588   Number of angles     =    20551
         Number of dihedrals     =    12647   Number of impropers  =      782
         Number of cross-terms   =      284
         Number of HB acceptors  =    12370   Number of HB donors  =    24429
         Number of NB exclusions =        0   Total charge =   -0.00000
  
 CHARMM>    coor stat sele type OH2 .and. segid SOLV end
 SELRPN>  11941 atoms have been selected out of  40539
 STATISTICS FOR     11941 SELECTED ATOMS:
    XMIN =  -37.562092 XMAX =   37.222428 XAVE =    0.109515
    YMIN =  -37.074386 YMAX =   37.347604 YAVE =   -0.030628
    ZMIN =  -38.160388 ZMAX =   37.692732 ZAVE =    0.047495
    WMIN =    0.000000 WMAX =    0.000000 WAVE =    0.000000
  
 CHARMM>    set nwater ?nsel
 RDCMND substituted energy or value "?NSEL" to "11941"
 Parameter: NWATER <- "11941"
  
 CHARMM>     
  
 CHARMM>    !
 CHARMM>    ! Write coordinates and information of solvated system
 CHARMM>    !
 CHARMM>     
  
 CHARMM>    open write unit 10 card name step4_solvator.psf
 OPNLGU> Unit already open. The old file will be closed first.
 VCLOSE: Closing unit   10 with status "KEEP"
 VOPEN> Attempting to open::step4_solvator.psf::
 OPNLGU> Unit 10 opened for WRITE access to step4_solvator.psf
  
 CHARMM>    write psf  unit 10 card
 RDTITL>  
 RDTITL> No title read.
  
 CHARMM>     
  
 CHARMM>    !open write unit 10 card name step4_solvator.xplor_ext.psf
 CHARMM>    !write psf  xplo unit 10 card
 CHARMM>     
  
 CHARMM>    !ioformat noext
 CHARMM>    !open write unit 10 card name step4_solvator.xplor.psf
 CHARMM>    !write psf  xplo unit 10 card
 CHARMM>     
  
 CHARMM>    ioformat ext
 **** Warning ****  The following extraneous characters
 were found while command processing in miscom
 EXT
  
 CHARMM>    open write card unit 10 name step4_solvator.pdb
 OPNLGU> Unit already open. The old file will be closed first.
 VCLOSE: Closing unit   10 with status "KEEP"
 VOPEN> Attempting to open::step4_solvator.pdb::
 OPNLGU> Unit 10 opened for WRITE access to step4_solvator.pdb
  
 CHARMM>    write coor pdb  unit 10
 RDTITL>  
 RDTITL> No title read.
  Write CHARMM-pdb format
  
 CHARMM>     
  
 CHARMM>    open write unit 10 card name step4_solvator.crd
 OPNLGU> Unit already open. The old file will be closed first.
 VCLOSE: Closing unit   10 with status "KEEP"
 VOPEN> Attempting to open::step4_solvator.crd::
 OPNLGU> Unit 10 opened for WRITE access to step4_solvator.crd
  
 CHARMM>    write coor unit 10 card
 RDTITL>  
 RDTITL> No title read.
 VCLOSE: Closing unit   10 with status "KEEP"
  
 CHARMM>     
  
 CHARMM>    open write unit 90 card name step4_solvator.str
 VOPEN> Attempting to open::step4_solvator.str::
 OPNLGU> Unit 90 opened for WRITE access to step4_solvator.str
  
 CHARMM>    write title unit 90
 RDTITL> * READ SEQUENCE TIP3 11941
 RDTITL> * GENERATE SOLV SETUP NOANGLE NODIHEDRAL
 RDTITL> * SET NPOS = 0
 RDTITL> * SET NNEG = 8
 RDTITL> * SET POSID = SOD
 RDTITL> * SET NEGID = CLA
 RDTITL> * IF NPOS .GT. 0 THEN
 RDTITL> *  READ SEQUENCE SOD 0
 RDTITL> *  GENERATE SOD WARN
 RDTITL> * ENDIF
 RDTITL> * IF NNEG .GT. 0 THEN
 RDTITL> *  READ SEQUENCE CLA 8
 RDTITL> *  GENERATE CLA WARN
 RDTITL> * ENDIF
 RDTITL> *
  
 CHARMM>     
  
 CHARMM>    stop
 VCLOSE: Closing unit   20 with status "KEEP"
 VCLOSE: Closing unit   90 with status "KEEP"

      $$$$$$  New timer profile Local node$$$$$

 Total time                     17.06 Other:            0.00

         $$$$$$  Average   profile $$$$$

 Total time                     17.06 Other:            0.00

                    NORMAL TERMINATION BY NORMAL STOP
                    MOST SEVERE WARNING WAS AT LEVEL  0

                    $$$$$ JOB ACCOUNTING INFORMATION $$$$$
                     ELAPSED TIME:    17.06  SECONDS 
                         CPU TIME:    16.88  SECONDS 
