Running command: /home/fylin/NAMD_Git-2019-04-26_Linux-x86_64-multicore//namd2 +p32 equil.in

Charm++: standalone mode (not using charmrun)
Charm++> Running in Multicore mode:  32 threads
Charm++> Using recursive bisection (scheme 3) for topology aware partitions
Converse/Charm++ Commit ID: v6.8.2-0-g26d4bd8-namd-charm-6.8.2-build-2018-Jan-11-30463
CharmLB> Load balancer assumes all CPUs are same.
Charm++> Running on 1 unique compute nodes (64-way SMP).
Charm++> cpu topology info is gathered in 0.076 seconds.
Info: NAMD Git-2019-04-26 for Linux-x86_64-multicore
Info: 
Info: Please visit http://www.ks.uiuc.edu/Research/namd/
Info: for updates, documentation, and support information.
Info: 
Info: Please cite Phillips et al., J. Comp. Chem. 26:1781-1802 (2005)
Info: in all publications reporting results obtained with NAMD.
Info: 
Info: Based on Charm++/Converse 60800 for multicore-linux64-iccstatic
Info: Built Fri Apr 26 01:57:49 CDT 2019 by jim on belfast.ks.uiuc.edu
Info: 1 NAMD  Git-2019-04-26  Linux-x86_64-multicore  32    n106  fylin
Info: Running on 32 processors, 1 nodes, 1 physical nodes.
Info: CPU topology information available.
Info: Charm++/Converse parallel runtime startup completed at 0.205757 s
CkLoopLib is used in SMP with a simple dynamic scheduling (converse-level notification) but not using node-level queue
Info: 2094.59 MB of memory in use based on /proc/self/stat
Info: Configuration file is equil.in
Info: Working in the current directory /home/fylin/halogen/drude/protein_simulation/chlb_series/4tutorial_charmm/run_namd
TCL: Suspending until startup complete.
Info: SIMULATION PARAMETERS:
Info: TIMESTEP               1
Info: NUMBER OF STEPS        20000
Info: STEPS PER CYCLE        20
Info: PERIODIC CELL BASIS 1  75 0 0
Info: PERIODIC CELL BASIS 2  0 75 0
Info: PERIODIC CELL BASIS 3  0 0 76
Info: PERIODIC CELL CENTER   0 0 0
Info: WRAPPING WATERS AROUND PERIODIC BOUNDARIES ON OUTPUT.
Info: WRAPPING ALL CLUSTERS AROUND PERIODIC BOUNDARIES ON OUTPUT.
Info: LOAD BALANCER  Centralized
Info: LOAD BALANCING STRATEGY  New Load Balancers -- DEFAULT
Info: LDB PERIOD             4000 steps
Info: FIRST LDB TIMESTEP     100
Info: LAST LDB TIMESTEP     -1
Info: LDB BACKGROUND SCALING 1
Info: HOM BACKGROUND SCALING 1
Info: PME BACKGROUND SCALING 1
Info: MIN ATOMS PER PATCH    40
Info: INITIAL TEMPERATURE    277
Info: CENTER OF MASS MOVING INITIALLY? NO
Info: DIELECTRIC             1
Info: EXCLUDE                SCALED ONE-FOUR
Info: 1-4 ELECTROSTATICS SCALED BY 1
Info: MODIFIED 1-4 VDW PARAMETERS WILL BE USED
Info: DCD FILENAME           ./results/2zc9.prod.0.dcd
Info: DCD FREQUENCY          10000
Info: DCD FIRST STEP         10000
Info: DCD FILE WILL CONTAIN UNIT CELL DATA
Info: NO EXTENDED SYSTEM TRAJECTORY OUTPUT
Info: NO VELOCITY DCD OUTPUT
Info: NO FORCE DCD OUTPUT
Info: OUTPUT FILENAME        ./results/2zc9.prod.0
Info: RESTART FILENAME       ./results/2zc9.prod.0.restart
Info: RESTART FREQUENCY      10000
Info: BINARY RESTART FILES WILL BE USED
Info: SWITCHING ACTIVE
Info: SWITCHING ON           10
Info: SWITCHING OFF          12
Info: PAIRLIST DISTANCE      16
Info: PAIRLIST SHRINK RATE   0.01
Info: PAIRLIST GROW RATE     0.01
Info: PAIRLIST TRIGGER       0.3
Info: PAIRLISTS PER CYCLE    2
Info: PAIRLISTS ENABLED
Info: MARGIN                 10
Warning: MARGIN IS UNUSUALLY LARGE AND WILL LOWER PERFORMANCE
Warning: MARGIN INCREASED PATCH VOLUME BY A FACTOR OF 3.65611
Info: HYDROGEN GROUP CUTOFF  2.5
Info: PATCH DIMENSION        28.5
Info: ENERGY OUTPUT STEPS    10000
Info: CROSSTERM ENERGY INCLUDED IN DIHEDRAL
Info: TIMING OUTPUT STEPS    100000
Info: HARMONIC CONSTRAINTS ACTIVE
Info: HARMONIC CONS EXP      2
Info: LANGEVIN DYNAMICS ACTIVE
Info: LANGEVIN TEMPERATURE   277
Info: LANGEVIN USING BBK INTEGRATOR
Info: LANGEVIN DAMPING COEFFICIENT IS 5 INVERSE PS
Info: LANGEVIN DYNAMICS NOT APPLIED TO HYDROGENS
Info: LANGEVIN PISTON PRESSURE CONTROL ACTIVE
Info:        TARGET PRESSURE IS 1.01325 BAR
Info:     OSCILLATION PERIOD IS 200 FS
Info:             DECAY TIME IS 100 FS
Info:     PISTON TEMPERATURE IS 277 K
Info:       PRESSURE CONTROL IS GROUP-BASED
Info:    INITIAL STRAIN RATE IS 0 0 0
Info:       CELL FLUCTUATION IS ISOTROPIC
Info: PARTICLE MESH EWALD (PME) ACTIVE
Info: PME TOLERANCE               1e-06
Info: PME EWALD COEFFICIENT       0.257952
Info: PME INTERPOLATION ORDER     6
Info: PME GRID DIMENSIONS         90 90 90
Info: PME MAXIMUM GRID SPACING    1.5
Info: Attempting to read FFTW data from FFTW_NAMD_Git-2019-04-26_Linux-x86_64-multicore.txt
Info: Optimizing 6 FFT steps.  1... 2... 3... 4... 5... 6...   Done.
Info: Writing FFTW data to FFTW_NAMD_Git-2019-04-26_Linux-x86_64-multicore.txt
Info: FULL ELECTROSTATIC EVALUATION FREQUENCY      1
Info: USING VERLET I (r-RESPA) MTS SCHEME.
Info: C1 SPLITTING OF LONG RANGE ELECTROSTATICS
Info: PLACING ATOMS IN PATCHES BY HYDROGEN GROUPS
Info: RIGID BONDS TO HYDROGEN : ALL
Info:         ERROR TOLERANCE : 1e-08
Info:          MAX ITERATIONS : 100
Info: RIGID WATER USING SETTLE ALGORITHM
Info: RANDOM NUMBER SEED     51345
Info: USE HYDROGEN BONDS?    NO
Info: COORDINATE PDB         step5_pbcsetup.pdb
Info: STRUCTURE FILE         step5_pbcsetup.psf
Info: PARAMETER file: CHARMM format! 
Info: PARAMETERS             ../add_toppar/par_all36_prot.prm
Info: PARAMETERS             ../add_toppar/par_all36_na.prm
Info: PARAMETERS             ../add_toppar/par_all36_carb.prm
Info: PARAMETERS             ../add_toppar/par_all36_lipid.prm
Info: PARAMETERS             ../add_toppar/stream/prot/toppar_all36_prot_fluoro_alkanes.str
Info: PARAMETERS             ../add_toppar/stream/prot/toppar_all36_prot_na_combined.str
Info: PARAMETERS             ../add_toppar/toppar_water_ions_namd.str
Info: PARAMETERS             ../add_toppar/par_all36_cgenff.prm
Info: PARAMETERS             ../add_toppar/22u_lp_namd.str
Info: USING ARITHMETIC MEAN TO COMBINE L-J SIGMA PARAMETERS
Info: SKIPPING rtf SECTION IN STREAM FILE
Info: SKIPPING rtf SECTION IN STREAM FILE
Info: SKIPPING rtf SECTION IN STREAM FILE
Info: SKIPPING rtf SECTION IN STREAM FILE
Info: SUMMARY OF PARAMETERS:
Info: 954 BONDS
Info: 2781 ANGLES
Info: 6804 DIHEDRAL
Info: 196 IMPROPER
Info: 6 CROSSTERM
Info: 362 VDW
Info: 9 VDW_PAIRS
Info: 0 NBTHOLE_PAIRS
Warning: Ignored 11941 bonds with zero force constants.
Warning: Will get H-H distance in rigid H2O from H-O-H angle.
Warning: CORRECTION OF ZERO MASS ATOMS TURNED OFF BECAUSE LONE PAIRS ARE USED
Info: TIME FOR READING PSF FILE: 3.97225
Info: Reading pdb file step5_pbcsetup.pdb
Info: TIME FOR READING PDB FILE: 0.139723
Info: 
Info: LONG-RANGE LJ: APPLYING ANALYTICAL CORRECTIONS TO ENERGY AND PRESSURE
Info: LONG-RANGE LJ: AVERAGE A AND B COEFFICIENTS 83050 AND 82.9175
Info: ****************************
Info: STRUCTURE SUMMARY:
Info: 40539 ATOMS
Info: 28647 BONDS
Info: 20551 ANGLES
Info: 12647 DIHEDRALS
Info: 782 IMPROPERS
Info: 284 CROSSTERMS
Info: 0 EXCLUSIONS
Info: 2363 CONSTRAINTS
Info: 38166 RIGID BONDS
Info: 1 LONE PAIRS
Info: 83448 DEGREES OF FREEDOM
Info: 14313 HYDROGEN GROUPS
Info: 4 ATOMS IN LARGEST HYDROGEN GROUP
Info: 14311 MIGRATION GROUPS
Info: 5 ATOMS IN LARGEST MIGRATION GROUP
Info: TOTAL MASS = 249037 amu
Info: TOTAL CHARGE = 3.95859e-06 e
Info: MASS DENSITY = 0.967356 g/cm^3
Info: ATOM DENSITY = 0.0948281 atoms/A^3
Info: *****************************
Info: 
Info: Entering startup at 5.81631 s, 2117.02 MB of memory in use
Info: Startup phase 0 took 0.0155411 s, 2117.02 MB of memory in use
Info: ADDED 61606 IMPLICIT EXCLUSIONS
Info: Startup phase 1 took 0.0386109 s, 2120 MB of memory in use
Info: NONBONDED TABLE R-SQUARED SPACING: 0.0625
Info: NONBONDED TABLE SIZE: 769 POINTS
Info: INCONSISTENCY IN FAST TABLE ENERGY VS FORCE: 0.000325096 AT 11.9556
Info: INCONSISTENCY IN SCOR TABLE ENERGY VS FORCE: 0.000324844 AT 11.9556
Info: ABSOLUTE IMPRECISION IN VDWA TABLE ENERGY: 4.59334e-32 AT 11.9974
Info: RELATIVE IMPRECISION IN VDWA TABLE ENERGY: 7.4108e-17 AT 11.9974
Info: INCONSISTENCY IN VDWA TABLE ENERGY VS FORCE: 0.0040507 AT 0.251946
Info: ABSOLUTE IMPRECISION IN VDWB TABLE ENERGY: 1.53481e-26 AT 11.9974
Info: RELATIVE IMPRECISION IN VDWB TABLE ENERGY: 7.96691e-18 AT 11.9974
Info: INCONSISTENCY IN VDWB TABLE ENERGY VS FORCE: 0.00150189 AT 0.251946
Info: Startup phase 2 took 0.00927114 s, 2124.36 MB of memory in use
Info: Startup phase 3 took 0.00156784 s, 2124.36 MB of memory in use
Info: Startup phase 4 took 0.0504291 s, 2124.66 MB of memory in use
Info: Startup phase 5 took 0.0600009 s, 2124.66 MB of memory in use
Info: PATCH GRID IS 5 (PERIODIC) BY 2 (PERIODIC) BY 2 (PERIODIC)
Info: PATCH GRID IS 2-AWAY BY 1-AWAY BY 1-AWAY
Info: REMOVING COM VELOCITY -0.00449852 -0.0221483 0.0371465
Info: LARGEST PATCH (17) HAS 2084 ATOMS
Info: TORUS A SIZE 1 USING 0
Info: TORUS B SIZE 1 USING 0
Info: TORUS C SIZE 1 USING 0
Info: TORUS MINIMAL MESH SIZE IS 1 BY 1 BY 1
Info: Placed 100% of base nodes on same physical node as patch
Info: Startup phase 6 took 0.0960212 s, 2132.75 MB of memory in use
Info: PME using 30 and 30 processors for FFT and reciprocal sum.
Info: PME GRID LOCATIONS: 1 2 3 4 5 6 7 8 9 10 ...
Info: PME TRANS LOCATIONS: 1 2 3 4 5 6 7 8 9 10 ...
Info: PME USING 1 GRID NODES AND 1 TRANS NODES
Info: Startup phase 7 took 0.051991 s, 2132.75 MB of memory in use
Info: Startup phase 8 took 0.056006 s, 2132.75 MB of memory in use
Info: Startup phase 9 took 0.0239708 s, 2132.75 MB of memory in use
Info: Startup phase 10 took 0.0440762 s, 2132.75 MB of memory in use
Info: Startup phase 11 took 0.0627809 s, 2132.75 MB of memory in use
LDB: Central LB being created...
Info: Startup phase 12 took 0.0460181 s, 2132.75 MB of memory in use
Info: CREATING 700 COMPUTE OBJECTS
Info: useSync: 0 useProxySync: 0
Info: Startup phase 13 took 0.0831409 s, 2132.75 MB of memory in use
Info: Startup phase 14 took 0.047998 s, 2132.75 MB of memory in use
Info: Startup phase 15 took 0.0128281 s, 2132.75 MB of memory in use
Info: Finished startup at 6.51656 s, 2132.75 MB of memory in use

ETITLE:      TS           BOND          ANGLE          DIHED          IMPRP               ELECT            VDW       BOUNDARY           MISC        KINETIC               TOTAL           TEMP      POTENTIAL         TOTAL3        TEMPAVG            PRESSURE      GPRESSURE         VOLUME       PRESSAVG      GPRESSAVG

ENERGY:       0       301.0033       839.6800      2559.3485        20.7051        -137570.7673     17181.8463         3.5695         0.0000     22884.4890         -93780.1256       276.0042   -116664.6146    -93486.7370       276.0042           3615.8883      3623.5764    427500.0000      3615.8883      3623.5764

LDB: ============= START OF LOAD BALANCING ============== 8.44143
LDB: ============== END OF LOAD BALANCING =============== 8.44176
Info: useSync: 0 useProxySync: 0
LDB: =============== DONE WITH MIGRATION ================ 8.44478
LDB: ============= START OF LOAD BALANCING ============== 14.024
LDB: Largest compute 32 load 1.676967 is 52.2% of average load 3.215192
LDB: Average compute 0.122329 is 3.8% of average load 3.215192
LDB: Partitioning computes with target load 0.321519
LDB: Increased migratable compute count from 560 to 687
LDB: Largest unpartitionable compute is 0.054638
LDB: ============== END OF LOAD BALANCING =============== 14.0281
Info: useSync: 0 useProxySync: 0
LDB: =============== DONE WITH MIGRATION ================ 14.0317
Info: Initial time: 32 CPUs 0.0709373 s/step 0.821033 days/ns 2132.75 MB memory
LDB: ============= START OF LOAD BALANCING ============== 15.4265
LDB: ============== END OF LOAD BALANCING =============== 15.4268
Info: useSync: 0 useProxySync: 0
LDB: =============== DONE WITH MIGRATION ================ 15.4297
LDB: ============= START OF LOAD BALANCING ============== 20.9467
LDB: Largest compute 725 load 0.335789 is 10.5% of average load 3.186958
LDB: Average compute 0.098490 is 3.1% of average load 3.186958
LDB: TIME 20.9479 LOAD: AVG 3.18696 MAX 5.45763  PROXIES: TOTAL 162 MAXPE 7 MAXPATCH 9 None MEM: 2132.75 MB
LDB: TIME 20.9498 LOAD: AVG 3.18696 MAX 3.66583  PROXIES: TOTAL 177 MAXPE 9 MAXPATCH 11 TorusLB MEM: 2132.75 MB
LDB: ============== END OF LOAD BALANCING =============== 20.9541
Info: useSync: 0 useProxySync: 0
LDB: =============== DONE WITH MIGRATION ================ 20.9606
Info: Initial time: 32 CPUs 0.0689067 s/step 0.797531 days/ns 2132.75 MB memory
LDB: ============= START OF LOAD BALANCING ============== 26.0677
LDB: Largest compute 30 load 0.559599 is 13.7% of average load 4.091867
LDB: Average compute 0.128586 is 3.1% of average load 4.091867
LDB: TIME 26.0689 LOAD: AVG 4.09187 MAX 4.89853  PROXIES: TOTAL 162 MAXPE 7 MAXPATCH 9 None MEM: 2132.75 MB
LDB: TIME 26.0693 LOAD: AVG 4.09187 MAX 4.89853  PROXIES: TOTAL 177 MAXPE 9 MAXPATCH 11 RefineTorusLB MEM: 2132.75 MB
LDB: TIME 26.071 LOAD: AVG 4.09187 MAX 4.32132  PROXIES: TOTAL 185 MAXPE 11 MAXPATCH 11 RefineTorusLB MEM: 2132.75 MB
LDB: ============== END OF LOAD BALANCING =============== 26.0741
Info: useSync: 0 useProxySync: 0
LDB: =============== DONE WITH MIGRATION ================ 26.0768
Info: Initial time: 32 CPUs 0.0508326 s/step 0.58834 days/ns 2133.56 MB memory
LDB: ============= START OF LOAD BALANCING ============== 30.7516
LDB: Largest compute 28 load 0.570627 is 13.8% of average load 4.127190
LDB: Average compute 0.127438 is 3.1% of average load 4.127190
LDB: TIME 30.7528 LOAD: AVG 4.12719 MAX 4.46058  PROXIES: TOTAL 162 MAXPE 7 MAXPATCH 9 None MEM: 2133.56 MB
LDB: TIME 30.7532 LOAD: AVG 4.12719 MAX 4.46058  PROXIES: TOTAL 185 MAXPE 11 MAXPATCH 11 RefineTorusLB MEM: 2133.56 MB
LDB: TIME 30.7537 LOAD: AVG 4.12719 MAX 4.35883  PROXIES: TOTAL 185 MAXPE 11 MAXPATCH 11 RefineTorusLB MEM: 2133.56 MB
LDB: ============== END OF LOAD BALANCING =============== 30.7572
Info: useSync: 0 useProxySync: 0
LDB: =============== DONE WITH MIGRATION ================ 30.7602
Info: Benchmark time: 32 CPUs 0.046735 s/step 0.540915 days/ns 2133.56 MB memory
Info: Benchmark time: 32 CPUs 0.0468616 s/step 0.54238 days/ns 2133.56 MB memory
Info: Benchmark time: 32 CPUs 0.0464577 s/step 0.537705 days/ns 2133.56 MB memory
Info: Benchmark time: 32 CPUs 0.0459616 s/step 0.531963 days/ns 2133.56 MB memory
Info: Benchmark time: 32 CPUs 0.0455453 s/step 0.527145 days/ns 2133.56 MB memory
Info: Benchmark time: 32 CPUs 0.0454836 s/step 0.52643 days/ns 2133.56 MB memory
LDB: ============= START OF LOAD BALANCING ============== 206.175
LDB: ============== END OF LOAD BALANCING =============== 206.175
Info: useSync: 0 useProxySync: 0
LDB: =============== DONE WITH MIGRATION ================ 206.179
LDB: ============= START OF LOAD BALANCING ============== 210.669
LDB: Largest compute 742 load 0.579655 is 14.5% of average load 4.006308
LDB: Average compute 0.122761 is 3.1% of average load 4.006308
LDB: TIME 210.67 LOAD: AVG 4.00631 MAX 4.31568  PROXIES: TOTAL 162 MAXPE 7 MAXPATCH 9 None MEM: 2133.56 MB
LDB: TIME 210.671 LOAD: AVG 4.00631 MAX 4.31568  PROXIES: TOTAL 185 MAXPE 11 MAXPATCH 11 RefineTorusLB MEM: 2133.56 MB
LDB: TIME 210.672 LOAD: AVG 4.00631 MAX 4.23234  PROXIES: TOTAL 185 MAXPE 11 MAXPATCH 11 RefineTorusLB MEM: 2133.56 MB
LDB: ============== END OF LOAD BALANCING =============== 210.676
Info: useSync: 0 useProxySync: 0
LDB: =============== DONE WITH MIGRATION ================ 210.679
LDB: ============= START OF LOAD BALANCING ============== 387.747
LDB: ============== END OF LOAD BALANCING =============== 387.748
Info: useSync: 0 useProxySync: 0
LDB: =============== DONE WITH MIGRATION ================ 387.751
LDB: ============= START OF LOAD BALANCING ============== 392.319
LDB: Largest compute 742 load 0.588361 is 14.6% of average load 4.043371
LDB: Average compute 0.123814 is 3.1% of average load 4.043371
LDB: TIME 392.32 LOAD: AVG 4.04337 MAX 4.27826  PROXIES: TOTAL 162 MAXPE 7 MAXPATCH 9 None MEM: 2133.56 MB
LDB: TIME 392.321 LOAD: AVG 4.04337 MAX 4.27826  PROXIES: TOTAL 185 MAXPE 11 MAXPATCH 11 RefineTorusLB MEM: 2133.56 MB
LDB: TIME 392.321 LOAD: AVG 4.04337 MAX 4.26329  PROXIES: TOTAL 185 MAXPE 11 MAXPATCH 11 RefineTorusLB MEM: 2133.56 MB
LDB: ============== END OF LOAD BALANCING =============== 392.324
Info: useSync: 0 useProxySync: 0
LDB: =============== DONE WITH MIGRATION ================ 392.328
ENERGY:   10000       886.3757      2467.8906      2844.9819       142.0119        -147439.6693     11168.7021       245.2543         0.0000     22699.1283        -106985.3244       273.7686   -129684.4527   -106965.3377       279.7843           -125.6719      -123.1235    389672.6870        -3.3594        -3.1393

WRITING EXTENDED SYSTEM TO RESTART FILE AT STEP 10000
OPENING COORDINATE DCD FILE
WRITING COORDINATES TO DCD FILE ./results/2zc9.prod.0.dcd AT STEP 10000
WRITING COORDINATES TO RESTART FILE AT STEP 10000
FINISHED WRITING RESTART COORDINATES
The last position output (seq=10000) takes 0.024 seconds, 2134.488 MB of memory in use
WRITING VELOCITIES TO RESTART FILE AT STEP 10000
FINISHED WRITING RESTART VELOCITIES
The last velocity output (seq=10000) takes 0.014 seconds, 2135.879 MB of memory in use
LDB: ============= START OF LOAD BALANCING ============== 569.985
LDB: ============== END OF LOAD BALANCING =============== 569.986
Info: useSync: 0 useProxySync: 0
LDB: =============== DONE WITH MIGRATION ================ 569.989
LDB: ============= START OF LOAD BALANCING ============== 574.564
LDB: Largest compute 742 load 0.579587 is 14.3% of average load 4.063086
LDB: Average compute 0.124520 is 3.1% of average load 4.063086
LDB: TIME 574.565 LOAD: AVG 4.06309 MAX 4.31109  PROXIES: TOTAL 162 MAXPE 7 MAXPATCH 9 None MEM: 2135.88 MB
LDB: TIME 574.565 LOAD: AVG 4.06309 MAX 4.31109  PROXIES: TOTAL 185 MAXPE 11 MAXPATCH 11 RefineTorusLB MEM: 2135.88 MB
LDB: TIME 574.566 LOAD: AVG 4.06309 MAX 4.29271  PROXIES: TOTAL 185 MAXPE 11 MAXPATCH 11 RefineTorusLB MEM: 2135.88 MB
LDB: ============== END OF LOAD BALANCING =============== 574.569
Info: useSync: 0 useProxySync: 0
LDB: =============== DONE WITH MIGRATION ================ 574.573
LDB: ============= START OF LOAD BALANCING ============== 753.185
LDB: ============== END OF LOAD BALANCING =============== 753.186
Info: useSync: 0 useProxySync: 0
LDB: =============== DONE WITH MIGRATION ================ 753.189
LDB: ============= START OF LOAD BALANCING ============== 757.818
LDB: Largest compute 28 load 0.607350 is 14.9% of average load 4.084129
LDB: Average compute 0.124725 is 3.1% of average load 4.084129
LDB: TIME 757.819 LOAD: AVG 4.08413 MAX 4.33688  PROXIES: TOTAL 162 MAXPE 7 MAXPATCH 9 None MEM: 2135.88 MB
LDB: TIME 757.819 LOAD: AVG 4.08413 MAX 4.33688  PROXIES: TOTAL 185 MAXPE 11 MAXPATCH 11 RefineTorusLB MEM: 2135.88 MB
LDB: TIME 757.82 LOAD: AVG 4.08413 MAX 4.30284  PROXIES: TOTAL 185 MAXPE 11 MAXPATCH 11 RefineTorusLB MEM: 2135.88 MB
LDB: ============== END OF LOAD BALANCING =============== 757.823
Info: useSync: 0 useProxySync: 0
LDB: =============== DONE WITH MIGRATION ================ 757.827
ENERGY:   20000       832.1747      2479.6002      2836.0783       123.2684        -147802.7373     11346.7823       235.2669         0.0000     22900.0339        -107049.5326       276.1917   -129949.5665   -107034.6954       276.8729            302.3662       295.6681    388782.7873         0.6555         0.5922

WRITING EXTENDED SYSTEM TO RESTART FILE AT STEP 20000
WRITING COORDINATES TO DCD FILE ./results/2zc9.prod.0.dcd AT STEP 20000
WRITING COORDINATES TO RESTART FILE AT STEP 20000
FINISHED WRITING RESTART COORDINATES
The last position output (seq=20000) takes 0.017 seconds, 2135.879 MB of memory in use
WRITING VELOCITIES TO RESTART FILE AT STEP 20000
FINISHED WRITING RESTART VELOCITIES
The last velocity output (seq=20000) takes 0.013 seconds, 2135.879 MB of memory in use
WRITING EXTENDED SYSTEM TO OUTPUT FILE AT STEP 20000
WRITING COORDINATES TO OUTPUT FILE AT STEP 20000
CLOSING COORDINATE DCD FILE ./results/2zc9.prod.0.dcd
The last position output (seq=-2) takes 0.242 seconds, 2135.879 MB of memory in use
WRITING VELOCITIES TO OUTPUT FILE AT STEP 20000
The last velocity output (seq=-2) takes 0.206 seconds, 2135.879 MB of memory in use
====================================================

WallClock: 924.925232  CPUTime: 922.541626  Memory: 2135.878906 MB
[Partition 0][Node 0] End of program
