1
                 Chemistry at HARvard Macromolecular Mechanics
           (CHARMM) - Developmental Version 41b1     August 15, 2016            
       Copyright(c) 1984-2014  President and Fellows of Harvard College
                              All Rights Reserved
           Current operating system: Linux-3.2.0-2-amd64(x86_64)@n120           
                 Created on  4/26/19 at 15:12:28 by user: fylin       

            Maximum number of ATOMS:    360720, and RESidues:      120240
 RDTITL> * GENERATED BY CHARMM-GUI (HTTP://WWW.CHARMM-GUI.ORG) V1.8 ON APR, 20. 2017. JOBID=1492717725
 RDTITL> * GENERATES IONS
 RDTITL> *
  
 CHARMM>     
  
 CHARMM>    DIMENS CHSIZE 3000000 MAXRES 3000000
Size      Original         New
MAXA        360720     3000000
MAXB        360720     3000000
MAXT        721440     6000000
MAXP       1082160     9000000
MAXIMP      180360     1500000
MAXNB        90180      750000
MAXPAD      360720     3000000
MAXRES      120240     3000000
MAXSEG       45090      375000
MAXATC        1400
MAXCB         3000
MAXCT        11000
MAXCP        20000
MAXCI         1200
MAXCH         6400
MAXCN       502503
MAXCRT      120240     1000000
  
 CHARMM>     
  
 CHARMM>    ! Read topology and parameter files
 CHARMM>    stream toppar.str
 VOPEN> Attempting to open::toppar.str::
 OPNLGU> Unit 99 opened for READONLY access to toppar.str

                    INPUT STREAM SWITCHING TO UNIT    99
 RDTITL> SET TOPPAR  ../TOPPAR_2013F
 RDTITL> No title read.

      ***** LEVEL  1 WARNING FROM <RDTITL> *****
      ***** Title expected.
      ******************************************
      BOMLEV (  0) IS NOT REACHED. WRNLEV IS  5

 Parameter: IN1 <- "" <empty>
  
 CHARMM>    set toppar  ../toppar_2013f
 Parameter: TOPPAR <- "../TOPPAR_2013F"
  
 CHARMM>    stream @toppar/toppar_drude_master_protein_2013f.str
 Parameter: TOPPAR -> "../TOPPAR_2013F"
 VOPEN> Attempting to open::../toppar_2013f/toppar_drude_master_protein_2013f.str::
 OPNLGU> Unit 98 opened for READONLY access to ../toppar_2013f/toppar_drude_master_protein_2013f.str

                    INPUT STREAM SWITCHING TO UNIT    98
 RDTITL> * DRUDE MASTER TOPOLOGY AND PARAMETER STREAM FILE
 RDTITL> * INCLUDES WATER, IONS AND 2013 PROTEIN FF RELEASE
 RDTITL> * IONS UPDATED, JUNE 2018
 RDTITL> * NUCLEIC ACID/CARBOHYDRATE/LIPID UPDATE JANUARY 2017
 RDTITL> * JUNE 2018
 RDTITL> *
 Parameter: IN1 <- "" <empty>
  
 CHARMM>     
  
 CHARMM>    ioformat extended
 MISCOM> Expanded I/O format is used.
  
 CHARMM>     
  
 CHARMM>    !This file must be streamed prior to additional Drude FF toppar stream files
 CHARMM>    !and it includes parameters for the model compounds (toppar_drude_model*.str)
 CHARMM>     
  
 CHARMM>    !references
 CHARMM>    !
 CHARMM>    !Proteins
 CHARMM>    !Lopes, P.E.M., Huang, J., Shim, J., Luo, Y., Li, H., Roux, B., and
 CHARMM>    !MacKerell, A.D., Jr., "Polarizable Force Field for Peptides and
 CHARMM>    !Proteins based on the Classical Drude Oscillator," Journal of
 CHARMM>    !Chemical Theory and Computation, 9: 5430-5449, 2013 DOI:
 CHARMM>    !10.1021/ct400781b, NIHMS53671
 CHARMM>    !
 CHARMM>    !water
 CHARMM>    !SWM4-NDP, negative Drude (this will be the default model): Lamoureux,
 CHARMM>    !G., Harder, E., Vorobyov, I.V., Deng, Y., Roux, B. MacKerell, A.D.,
 CHARMM>    !Jr., A polarizable model of water for molecular dynamics simulations
 CHARMM>    !of biomolecules, Chemical Physics Letters, 2006, 418: 245-249.
 CHARMM>    !
 CHARMM>    !SWM6: Wenbo Yu, Pedro E. M. Lopes, Benoit Roux and Alexander
 CHARMM>    !D. MacKerell, Jr.  "Six-site Polarizable Model of Water Based on the
 CHARMM>    !Classical Drude Oscillator" Journal of Chemical Physics, 138: 034508,
 CHARMM>    !2013
 CHARMM>     
  
 CHARMM>    !atomic ions
 CHARMM>    !Yu, H., Whitfield, T.W., Harder, E., Lamoureux, G., Vorobyov, I.,
 CHARMM>    !Anisimov, V. M., MacKerell, A.D., Jr., and Roux, B. "Simulating
 CHARMM>    !Monovalent and Divalent Ions in Aqueous Solution Using a Drude
 CHARMM>    !Polarizable Force Field," Journal of Chemical Theory and Computation,
 CHARMM>    !6: 774-786, 2010
 CHARMM>    !
 CHARMM>    !Luo, Y., Jiang, W., Yu, H., MacKerell, A.D., Jr., and Roux, B.,
 CHARMM>    !"Simulation study of ion pairing in concentrated aqueous salt
 CHARMM>    !solutions with a polarizable force field," Faraday Discussions, 160,
 CHARMM>    !135-149, 2013, PMC3695446
 CHARMM>    !
 CHARMM>    !Lemkul, J.A. and MacKerell, A.D., Jr. "Balancing the Interactions of
 CHARMM>    !Mg2+ in Aqueous Solution and with Nucleic Acid Moieties For a Polarizable
 CHARMM>    !Force Field Based on the Classical Drude Oscillator Model," J. Phys. Chem B,
 CHARMM>    !120, 11436-11448, 2016, PMC5148688
 CHARMM>     
  
 CHARMM>    ! note use of D for second character to indicate Drude
 CHARMM>    ! polarizable FF (be careful of Cadmium: use CDM)
 CHARMM>     
  
 CHARMM>    ! Parameter labeling after !
 CHARMM>    ! RESName, generic compound name of model compound followed by additional comments
 CHARMM>    ! for example ! BENZ, benzene, based on crystal survey data
 CHARMM>     
  
 CHARMM>    !Formatting information
 CHARMM>    !RTF section: please use the following format for future residues, including the spacing
 CHARMM>    !(and please clean a few up of the residues not in this format if you so desire....)
 CHARMM>     
  
 CHARMM>    !RESI ALA           0.000
 CHARMM>    !ATOM N    ND2A2   -0.427  ALPHA -1.056  THOLE 0.711
 CHARMM>    !BOND A1     A2     A3     A4     A5     A6     A7     A8
 CHARMM>    !IMPR A1     A2     A3     A4
 CHARMM>    !CMAP A1     A2     A3     A4     A1     A2     A3     A4
 CHARMM>    !LONEPAIR relative A1       A2       A3      A4       distance 0.30 angle 91.00 dihe 180.00
 CHARMM>    !ANISOTROPY        A1       A2       A3      A4       A11 0.6968  A22 1.2194
 CHARMM>    !IC A1     A2     A3     A4       1.3474  124.31  180.00  114.26   0.9979
 CHARMM>     
  
 CHARMM>    !parameter section
 CHARMM>    !bond
 CHARMM>    !CD32E    OD30A    360.00      1.415 ! comment
 CHARMM>    !angles
 CHARMM>    !HDA1A    CD31A    CD31A     34.50    110.10 ! comment
 CHARMM>    !HDA1A    CD31A    CD31A     34.50    110.10   22.53   2.1790 ! comment
 CHARMM>    !dihedrals
 CHARMM>    !CD2O1A   ND2A2    CD31C    CD2O2A      0.000   3   180.00 ! comment
 CHARMM>    !impropers
 CHARMM>    !CD2O1A   CD31A    ND2A2    OD2C1A    120.000   0     0.00 ! comment
 CHARMM>    !nonbond (LJ)
 CHARMM>    !HDW      0.0   -0.0000     0.0000 ! comment
 CHARMM>    !nbfix
 CHARMM>    !CD30A   ODW    -0.00500	 4.04699 ! comment
 CHARMM>     
  
 CHARMM>    !ioformat extended
 CHARMM>     
  
 CHARMM>    read rtf card !append
 MAINIO> Residue topology file being read from unit  98.
 RDTITL> * TOPOLOGY FOR DRUDE WATER, IONS AND PROTEINS
 RDTITL> *

 DRUDES PARTICLES WILL BE GENERATED AUTOMATICALLY FOR ALL ATOMS WITH NON-ZERO ALPHA
 Thole-type dipole screening, Slater-Delta shape {S(u) = 1 - (1+u/2)*exp(-u)}, default radius =  1.300000
  
 CHARMM>     
  
 CHARMM>    read para card !append

          PARAMETER FILE BEING READ FROM UNIT 98
 RDTITL> * DRUDE POLARIZABLE FF PARAMETERS
 RDTITL> *

 PARRDR> WARNING: wild card for drude X       
  249    1  152  HDP1A     DRUD      500.0000    0.0000     11477
  250    2  152  HDP1B     DRUD      500.0000    0.0000     11478
  251    3  152  HDP1C     DRUD      500.0000    0.0000     11479
  252    4  152  HDA1A     DRUD      500.0000    0.0000     11480
  253    5  152  HDA1C     DRUD      500.0000    0.0000     11481
  254    6  152  HDA1R5    DRUD      500.0000    0.0000     11482
  255    7  152  HDA2A     DRUD      500.0000    0.0000     11483
  256    8  152  HDA2C     DRUD      500.0000    0.0000     11484
  257    9  152  HDA2E     DRUD      500.0000    0.0000     11485
  258   10  152  HDA2R5    DRUD      500.0000    0.0000     11486
  259   11  152  HDA3A     DRUD      500.0000    0.0000     11487
  260   12  152  HDA3B     DRUD      500.0000    0.0000     11488
  261   13  152  HDA3C     DRUD      500.0000    0.0000     11489
  262   14  152  HDR5A     DRUD      500.0000    0.0000     11490
  263   15  152  HDR5B     DRUD      500.0000    0.0000     11491
  264   16  152  HDR5C     DRUD      500.0000    0.0000     11492
  265   17  152  HDR5D     DRUD      500.0000    0.0000     11493
  266   18  152  HDR5E     DRUD      500.0000    0.0000     11494
  267   19  152  HDR6A     DRUD      500.0000    0.0000     11495
  268   20  152  HDR6B     DRUD      500.0000    0.0000     11496
  269   21  152  HDR6C     DRUD      500.0000    0.0000     11497
  270   22  152  HD2C1A    DRUD      500.0000    0.0000     11498
  271   23  152  HDW       DRUD      500.0000    0.0000     11499
  272   24  152  CD2C1A    DRUD      500.0000    0.0000     11500
  273   25  152  CD2O1A    DRUD      500.0000    0.0000     11501
  274   26  152  CD2O1C    DRUD      500.0000    0.0000     11502
  275   27  152  CD2O1D    DRUD      500.0000    0.0000     11503
  276   28  152  CD2O2A    DRUD      500.0000    0.0000     11504
  277   29  152  CD2O3A    DRUD      500.0000    0.0000     11505
  278   30  152  CD2O3B    DRUD      500.0000    0.0000     11506
  279   31  152  CD2O4A    DRUD      500.0000    0.0000     11507
  280   32  152  CD2N1A    DRUD      500.0000    0.0000     11508
  281   33  152  CD2R5A    DRUD      500.0000    0.0000     11509
  282   34  152  CD2R5B    DRUD      500.0000    0.0000     11510
  283   35  152  CD2R5C    DRUD      500.0000    0.0000     11511
  284   36  152  CD2R5D    DRUD      500.0000    0.0000     11512
  285   37  152  CD2R5E    DRUD      500.0000    0.0000     11513
  286   38  152  CD2R5F    DRUD      500.0000    0.0000     11514
  287   39  152  CD2R6A    DRUD      500.0000    0.0000     11515
  288   40  152  CD2R6B    DRUD      500.0000    0.0000     11516
  289   41  152  CD2R6C    DRUD      500.0000    0.0000     11517
  290   42  152  CD2R6D    DRUD      500.0000    0.0000     11518
  291   43  152  CD2R6F    DRUD      500.0000    0.0000     11519
  292   44  152  CD2R6H    DRUD      500.0000    0.0000     11520
  293   45  152  CD2R6J    DRUD      500.0000    0.0000     11521
  294   46  152  CD2R6I    DRUD      500.0000    0.0000     11522
  295   47  152  CD30A     DRUD      500.0000    0.0000     11523
  296   48  152  CD30FA    DRUD      500.0000    0.0000     11524
  297   49  152  CD31A     DRUD      500.0000    0.0000     11525
  298   50  152  CD31C     DRUD      500.0000    0.0000     11526
  299   51  152  CD31FA    DRUD      500.0000    0.0000     11527
  300   52  152  CD31FB    DRUD      500.0000    0.0000     11528
  301   53  152  CD31FC    DRUD      500.0000    0.0000     11529
  302   54  152  CD31G     DRUD      500.0000    0.0000     11530
  303   55  152  CD315A    DRUD      500.0000    0.0000     11531
  304   56  152  CD315B    DRUD      500.0000    0.0000     11532
  305   57  152  CD316A    DRUD      500.0000    0.0000     11533
  306   58  152  CD31HA    DRUD      500.0000    0.0000     11534
  307   59  152  CD31HB    DRUD      500.0000    0.0000     11535
  308   60  152  CD31HC    DRUD      500.0000    0.0000     11536
  309   61  152  CD32A     DRUD      500.0000    0.0000     11537
  310   62  152  CD32B     DRUD      500.0000    0.0000     11538
  311   63  152  CD32C     DRUD      500.0000    0.0000     11539
  312   64  152  CD32E     DRUD      500.0000    0.0000     11540
  313   65  152  CD32F     DRUD      500.0000    0.0000     11541
  314   66  152  CD325A    DRUD      500.0000    0.0000     11542
  315   67  152  CD325B    DRUD      500.0000    0.0000     11543
  316   68  152  CD326A    DRUD      500.0000    0.0000     11544
  317   69  152  CD326B    DRUD      500.0000    0.0000     11545
  318   70  152  CD33A     DRUD      500.0000    0.0000     11546
  319   71  152  CD33B     DRUD      500.0000    0.0000     11547
  320   72  152  CD33C     DRUD      500.0000    0.0000     11548
  321   73  152  CD33D     DRUD      500.0000    0.0000     11549
  322   74  152  CD33E     DRUD      500.0000    0.0000     11550
  323   75  152  ND2A1     DRUD      500.0000    0.0000     11551
  324   76  152  ND2A2     DRUD      500.0000    0.0000     11552
  325   77  152  ND2A3     DRUD      500.0000    0.0000     11553
  326   78  152  ND2B1     DRUD      500.0000    0.0000     11554
  327   79  152  ND2R5A    DRUD      500.0000    0.0000     11555
  328   80  152  ND2R5B    DRUD      500.0000    0.0000     11556
  329   81  152  ND2R5C    DRUD      500.0000    0.0000     11557
  330   82  152  ND2R5D    DRUD      500.0000    0.0000     11558
  331   83  152  ND2R5E    DRUD      500.0000    0.0000     11559
  332   84  152  ND2R5F    DRUD      500.0000    0.0000     11560
  333   85  152  ND2R6A    DRUD      500.0000    0.0000     11561
  334   86  152  ND2R6B    DRUD      500.0000    0.0000     11562
  335   87  152  ND2R6C    DRUD      500.0000    0.0000     11563
  336   88  152  ND2R6D    DRUD      500.0000    0.0000     11564
  337   89  152  ND2P1A    DRUD      500.0000    0.0000     11565
  338   90  152  ND3P2A    DRUD      500.0000    0.0000     11566
  339   91  152  ND3P3A    DRUD      500.0000    0.0000     11567
  340   92  152  ND3A2     DRUD      500.0000    0.0000     11568
  341   93  152  ND3A3     DRUD      500.0000    0.0000     11569
  342   94  152  OD2C1A    DRUD      500.0000    0.0000     11570
  343   95  152  OD2C1B    DRUD      500.0000    0.0000     11571
  344   96  152  OD2C1C    DRUD      500.0000    0.0000     11572
  345   97  152  OD2C1D    DRUD      500.0000    0.0000     11573
  346   98  152  OD2C2A    DRUD      500.0000    0.0000     11574
  347   99  152  OD2C2B    DRUD      500.0000    0.0000     11575
  348  100  152  OD2C2C    DRUD      500.0000    0.0000     11576
  349  101  152  OD2C3A    DRUD      500.0000    0.0000     11577
  350  102  152  OD2C3B    DRUD      500.0000    0.0000     11578
  351  103  152  OD30A     DRUD      500.0000    0.0000     11579
  352  104  152  OD30B     DRUD      500.0000    0.0000     11580
  353  105  152  OD30BN    DRUD      500.0000    0.0000     11581
  354  106  152  OD30BR    DRUD      500.0000    0.0000     11582
  355  107  152  OD30C     DRUD      500.0000    0.0000     11583
  356  108  152  OD30D     DRUD      500.0000    0.0000     11584
  357  109  152  OD30E     DRUD      500.0000    0.0000     11585
  358  110  152  OD30CL    DRUD      500.0000    0.0000     11586
  359  111  152  OD305A    DRUD      500.0000    0.0000     11587
  360  112  152  OD306A    DRUD      500.0000    0.0000     11588
  361  113  152  OD31A     DRUD      500.0000    0.0000     11589
  362  114  152  OD31B     DRUD      500.0000    0.0000     11590
  363  115  152  OD31C     DRUD      500.0000    0.0000     11591
  364  116  152  OD31D     DRUD      500.0000    0.0000     11592
  365  117  152  OD31E     DRUD      500.0000    0.0000     11593
  366  118  152  OD31F     DRUD      500.0000    0.0000     11594
  367  119  152  OD31G     DRUD      500.0000    0.0000     11595
  368  120  152  ODW       DRUD      500.0000    0.0000     11596
  369  121  152  ODW6      DRUD      500.0000    0.0000     11597
  370  122  152  PD1A      DRUD      500.0000    0.0000     11598
  371  123  152  PD1AN     DRUD      500.0000    0.0000     11599
  372  124  152  SD31A     DRUD      500.0000    0.0000     11600
  373  125  152  SD31B     DRUD      500.0000    0.0000     11601
  374  126  152  SD30A     DRUD      500.0000    0.0000     11602
  375  127  152  SD30B     DRUD      500.0000    0.0000     11603
  376  128  152  SD2C2A    DRUD      500.0000    0.0000     11604
  377  129  152  SD2C2B    DRUD      500.0000    0.0000     11605
  378  130  152  LID       DRUD      500.0000    0.0000     11606
  379  131  152  POTD      DRUD      500.0000    0.0000     11607
  380  132  152  SODD      DRUD      500.0000    0.0000     11608
  381  133  152  RBD       DRUD      500.0000    0.0000     11609
  382  134  152  CSD       DRUD      500.0000    0.0000     11610
  383  135  152  FAD       DRUD      500.0000    0.0000     11611
  384  136  152  CLAD      DRUD      500.0000    0.0000     11612
  385  137  152  BRAD      DRUD      500.0000    0.0000     11613
  386  138  152  IAD       DRUD      500.0000    0.0000     11614
  387  139  152  BAD       DRUD      500.0000    0.0000     11615
  388  140  152  CALD      DRUD      500.0000    0.0000     11616
  389  141  152  MAGD      DRUD      500.0000    0.0000     11617
  390  142  152  SRD       DRUD      500.0000    0.0000     11618
  391  143  152  ZND       DRUD      500.0000    0.0000     11619
  392  144  152  LPD       DRUD      500.0000    0.0000     11620
  393  145  152  LPDW      DRUD      500.0000    0.0000     11621
  394  146  152  LPDO1     DRUD      500.0000    0.0000     11622
  395  147  152  LPDNA1    DRUD      500.0000    0.0000     11623
  396  148  152  LPR       DRUD      500.0000    0.0000     11624
  397  149  152  XED       DRUD      500.0000    0.0000     11625
  398  150  152  NED       DRUD      500.0000    0.0000     11626
  399  151  152  DUM       DRUD      500.0000    0.0000     11627
  400  152  152  DRUD      DRUD      500.0000    0.0000     11628
  401  153  152  DOH2      DRUD      500.0000    0.0000     11780
  402  154  152  FDA1      DRUD      500.0000    0.0000     11933
  403  155  152  FDA3      DRUD      500.0000    0.0000     12087
  404  156  152  FDR1      DRUD      500.0000    0.0000     12242
  405  157  152  CLDA1     DRUD      500.0000    0.0000     12398
  406  158  152  CLDA3     DRUD      500.0000    0.0000     12555
  407  159  152  CLDR1     DRUD      500.0000    0.0000     12713
  408  160  152  BRDA1     DRUD      500.0000    0.0000     12872
  409  161  152  BRDR1     DRUD      500.0000    0.0000     13032
  410  162  152  IDA1      DRUD      500.0000    0.0000     13193
  411  163  152  IDR1      DRUD      500.0000    0.0000     13355
  412  164  152  DF2       DRUD      500.0000    0.0000     13518
  413  165  152  DCL2      DRUD      500.0000    0.0000     13682
  414  166  152  DCL3      DRUD      500.0000    0.0000     13847
  415  167  152  DBR2      DRUD      500.0000    0.0000     14013
  416  168  152  DI2       DRUD      500.0000    0.0000     14180

 PARRDR> WARNING: ATOMS IN BOND X        DRUD      500.00000   0.00000 DONT EXIST
      THOLE CUTOFF    5.000
      MAXNBTHOLE  -5000
 Pair-specific Thole:            1 ODW     BAD        1.4586900000000000              120         139
 Pair-specific Thole:            2 ODW     CALD       1.5087699999999999              120         140
 Pair-specific Thole:            3 ODW     MAGD       1.5156700000000001              120         141
 Pair-specific Thole:            4 ODW     SRD        1.2379199999999999              120         142
 Pair-specific Thole:            5 ODW     ZND        2.1477300000000001              120         143
 Pair-specific Thole:            6 SODD    OD2C1A     1.0400000000000000              132          94
 Pair-specific Thole:            7 SODD    OD2C2A    0.42999999999999999              132          98
 Pair-specific Thole:            8 SODD    OD31A      1.8200000000000001              132         113
 Pair-specific Thole:            9 SODD    OD31B      1.8200000000000001              132         114
 Pair-specific Thole:           10 SODD    OD31C      1.8200000000000001              132         115
 Pair-specific Thole:           11 SODD    OD31E      1.8200000000000001              132         117
 Pair-specific Thole:           12 SODD    OD31F      1.8200000000000001              132         118
 Pair-specific Thole:           13 SODD    OD31G      1.8200000000000001              132         119
 Pair-specific Thole:           14 POTD    OD2C1A     2.1899999999999999              131          94
 Pair-specific Thole:           15 POTD    OD2C2A    0.22000000000000000              131          98
 Pair-specific Thole:           16 MAGD    CLAD      0.66000000000000003              141         136
 Pair-specific Thole:           17 MAGD    ND2A2      1.4910000000000001              141          76
 Pair-specific Thole:           18 MAGD    ND2B1      1.3430000000000000              141          78
 Pair-specific Thole:           19 MAGD    ND2R5B     1.3839999999999999              141          80
 Pair-specific Thole:           20 MAGD    ND2R5E     1.3839999999999999              141          83
 Pair-specific Thole:           21 MAGD    ND2R6A     1.1730000000000000              141          85
 Pair-specific Thole:           22 MAGD    ND2R6B     1.1730000000000000              141          86
 Pair-specific Thole:           23 MAGD    ND2R6C     1.4910000000000001              141          87
 Pair-specific Thole:           24 MAGD    ND2R6D     1.4910000000000001              141          88
 Pair-specific Thole:           25 MAGD    OD2C1A     1.0760000000000001              141          94
 Pair-specific Thole:           26 MAGD    OD2C1B     1.1090000000000000              141          95
 Pair-specific Thole:           27 MAGD    OD2C2B     1.4490000000000001              141          99
 Pair-specific Thole:           28 MAGD    OD2C2C     1.4490000000000001              141         100
 Pair-specific Thole:           29 MAGD    OD30B      1.1510000000000000              141         104
 Pair-specific Thole:           30 MAGD    OD30BN     1.1510000000000000              141         105
 Pair-specific Thole:           31 MAGD    OD30BR     1.1510000000000000              141         106
 Pair-specific Thole:           32 MAGD    OD30D      1.1510000000000000              141         108
 Pair-specific Thole:           33 MAGD    OD31D      1.9500000000000000              141         116
 Pair-specific Thole:           34 CALD    OD2C1A     1.3200000000000001              140          94
 Pair-specific Thole:           35 CALD    OD2C1B     1.3200000000000001              140          95
 Pair-specific Thole:           36 CALD    OD31A      1.0500000000000000              140         113
 Pair-specific Thole:           37 CALD    OD31B      1.0500000000000000              140         114
 Pair-specific Thole:           38 CALD    OD31C      1.0500000000000000              140         115
 Pair-specific Thole:           39 CALD    OD31E      1.0500000000000000              140         117
 Pair-specific Thole:           40 CALD    OD31F      1.0500000000000000              140         118
 Pair-specific Thole:           41 CALD    OD31G      1.0500000000000000              140         119
 Pair-specific Thole:           42 BAD     OD2C1A     1.2000000000000000              139          94
 Pair-specific Thole:           43 ZND     OD2C1A     1.5000000000000000              143          94
 Pair-specific Thole:           44 CLAD    ND2A2      2.8599999999999999              136          76
 Pair-specific Thole:           45 CLAD    ND2R6C     2.8599999999999999              136          87
 Pair-specific Thole:           46 CD32C   OD2C2C     1.4500000000000000               63         100
 PARMIO> NONBOND, HBOND lists and IMAGE atoms cleared.
  
 CHARMM>     
  
 VCLOSE: Closing unit   98 with status "KEEP"

                    RETURNING TO INPUT STREAM    99
  
 CHARMM>    stream @toppar/toppar_drude_model_2013f.str
 Parameter: TOPPAR -> "../TOPPAR_2013F"
 VOPEN> Attempting to open::../toppar_2013f/toppar_drude_model_2013f.str::
 OPNLGU> Unit 98 opened for READONLY access to ../toppar_2013f/toppar_drude_model_2013f.str

                    INPUT STREAM SWITCHING TO UNIT    98
 RDTITL> * DRUDE TOPOLOGY AND PARAMETER STREAM FILE FOR SMALL MODEL COMPOUNDS
 RDTITL> *
 Parameter: IN1 <- "" <empty>
  
 CHARMM>     
  
 CHARMM>    !requires toppar_drude_master*.str
 CHARMM>     
  
 CHARMM>    !model compounds
 CHARMM>     
  
 CHARMM>    !references
 CHARMM>    !Alkanes
 CHARMM>    !Igor V. Vorobyov, Victor M. Anisimov and Alexander D. MacKerell,
 CHARMM>    !Jr. "Polarizable Empirical Force Field for Alkanes Based on the
 CHARMM>    !Classical Drude Oscillator Model," Journal of Physical Chemistry B,
 CHARMM>    !109: 18988-18999, 2005.
 CHARMM>    !
 CHARMM>    !Anisotropic polarizability model
 CHARMM>    !Harder, E., Anisimov, V.M., Vorobyov, I.V., Lopes, P.E., Noskov, S.,
 CHARMM>    !MacKerell, A.D., Jr.  and Roux, B. Atomic Level Anisotropy in the
 CHARMM>    !Electrostatic Modeling of Lone Pairs for a Polarizable Force Field
 CHARMM>    !based on the Classical Drude Oscillator, Journal of Chemical Theory
 CHARMM>    !and Computation, 2: 1587-1597, 2006
 CHARMM>    !
 CHARMM>    !Ethers
 CHARMM>    !
 CHARMM>    !Vorobyov, I.V., Anisimov, V.M., Greene, S., Venable, R.M., Moser, A.,
 CHARMM>    !Pastor, R.W. and MacKerell, A.D., Jr., Additive and Classical Drude
 CHARMM>    !Polarizable Force Fields for Linear and Cyclic Ethers, Journal of
 CHARMM>    !Chemical Theory and Computation, 3: 1120-1133, 2007.
 CHARMM>    !
 CHARMM>    !Baker, C. and MacKerell, Jr. A.D., “Polarizability Rescaling and
 CHARMM>    !atom-based Thole Scaling in the CHARMM Drude Polarizable Force Field
 CHARMM>    !for Ethers” Journal of Molecular Modeling, 16: 567-576, 2010,
 CHARMM>    !PMC2818097
 CHARMM>     
  
 CHARMM>    !Sulfur containing compounds
 CHARMM>    !Zhu, X. and MacKerell, A.D., Jr. “Polarizable Empirical Force Field
 CHARMM>    !for Sulfur-Containing Compounds Based on the Classical Drude
 CHARMM>    !Oscillator Model,” Journal of Computational Chemistry, 12: 2330-2341,
 CHARMM>    !2010. PMC2923574
 CHARMM>    !
 CHARMM>    !Alcohols
 CHARMM>    !Anisimov, V.M., Vorobyov, I.V., Roux, B., and MacKerell, A.D., Jr.
 CHARMM>    !Polarizable empirical force field for the primary and secondary
 CHARMM>    !alcohol series based on the classical Drude model. Journal of Chemical
 CHARMM>    !Theory and Computation, 3, 1927-1946, 2007.
 CHARMM>     
  
 CHARMM>    !Amides
 CHARMM>    !Harder, E., Anisimov, V.M., Whitfield, T., MacKerell, A.D., Jr., Roux,
 CHARMM>    !B. "Understanding the Dielectric Properties of Liquid Amides from a
 CHARMM>    !Polarizable Force Field," Journal of Physical Chemistry,
 CHARMM>    !112:3509-3521. 2008, PMID: 18302362
 CHARMM>    !
 CHARMM>    !Final amide model used on 2013 protein FF
 CHARMM>    !Lin, B., Lopes, P.E.M., Roux, B., and MacKerell, A.D., Jr.,
 CHARMM>    !“Kirkwood-Buff Analysis of Aqueous N-Methylacetamide and Acetamide
 CHARMM>    !Solutions Modeled by the CHARMM Additive and Drude Polarizable Force
 CHARMM>    !Fields,” Journal of Chemical Physics, 139: 084509, 2013, PMC3772949
 CHARMM>    !
 CHARMM>    !Aromatics
 CHARMM>    !Lopes, P., Lamoureux, G., Roux, B., MacKerell, A.D., Jr., "Polarizable
 CHARMM>    !Empirical Force Field for Aromatic Compounds Based on the Classical
 CHARMM>    !Drude Oscillator," Journal of Physical Chemistry, B. 111:2873-2885,
 CHARMM>    !2007
 CHARMM>    !
 CHARMM>    !Heterocycles
 CHARMM>    !Lopes, P.E.M., Lamoureux, G., MacKerell, A.D., Jr., “Polarizable
 CHARMM>    !Empirical Force Field for Nitrogen-containing Heteroaromatic Compounds
 CHARMM>    !Based on the Classical Drude Oscillator” Journal of Computational
 CHARMM>    !Chemistry, 30: 1821-1838, 2009, PMC251901
 CHARMM>    !
 CHARMM>    !Nucleic Acid Bases
 CHARMM>    !Baker, C.M., Anisimov, V.M., and MacKerell, A.D., Jr., “Development of
 CHARMM>    !CHARMM Polarizable Force Field for Nucleic Acid Bases Based on the
 CHARMM>    !Classical Drude Oscillator Model,” Journal of Physical Chemistry,
 CHARMM>    !B. 115; 580–596, 2011, PMC3166616
 CHARMM>    !
 CHARMM>    !Halogenated benzenes and ethanes
 CHARMM>    !Lin, F-Y. and MacKerell, A.D., Jr., “Polarizable Empirical Force Field
 CHARMM>    !for Halogen-Containing Compounds Based on the Classical Drude
 CHARMM>    !Oscillator," Journal of Chemical Theory and Computation, 2018, 14 (2),
 CHARMM>    !1083-1098
 CHARMM>    !
 CHARMM>    !Updated Molecular ions are not put here. The parameters here are part
 CHARMM>    !of Drude2013. Updated version can be reached at
 CHARMM>    !Lin, F-Y., Lopes, P.E.M., Harder, E., Roux, B., and
 CHARMM>    !MacKerell, A.D., Jr.,“Polarizable Force Field for Molecular Ions based
 CHARMM>    !on the Classical Drude Oscillator," Journal of Chemical Information
 CHARMM>    !and Modeling, 2018, 58 (5), 993–1004.
 CHARMM>     
  
 CHARMM>    read rtf card append
 MAINIO> Residue topology file being read from unit  98.
 RDTITL> * TOPOLOGY FOR DRUDE MODEL COMPOUNDS
 RDTITL> *

 DRUDES PARTICLES WILL BE GENERATED AUTOMATICALLY FOR ALL ATOMS WITH NON-ZERO ALPHA
 Thole-type dipole screening, Slater-Delta shape {S(u) = 1 - (1+u/2)*exp(-u)}, default radius =  1.300000
  
 CHARMM>     
  
 CHARMM>    read para card append

          PARAMETER FILE BEING READ FROM UNIT 98
 RDTITL> * DRUDE POLARIZABLE FF PARAMETERS
 RDTITL> *
 PARMIO> NONBOND, HBOND lists and IMAGE atoms cleared.
  
 VCLOSE: Closing unit   98 with status "KEEP"

                    RETURNING TO INPUT STREAM    99
  
 CHARMM>    stream @toppar/toppar_drude_carbohydrate_2018a.str
 Parameter: TOPPAR -> "../TOPPAR_2013F"
 VOPEN> Attempting to open::../toppar_2013f/toppar_drude_carbohydrate_2018a.str::
 OPNLGU> Unit 98 opened for READONLY access to ../toppar_2013f/toppar_drude_carbohydrate_2018a.str

                    INPUT STREAM SWITCHING TO UNIT    98
 RDTITL> * $ID: TOPPAR_DRUDE_CARBOHYDRATE.STR 25 2015-07-24 16:15:55Z ALEX $
 RDTITL> * DRUDE TOPOLOGY AND PARAMETER STREAM FILE FOR CARBOHYDRATES
 RDTITL> *
 Parameter: IN1 <- "" <empty>
  
 CHARMM>     
  
 CHARMM>    !requires toppar_drude_master*.str
 CHARMM>     
  
 CHARMM>    !carbohydrate references
 CHARMM>    !
 CHARMM>    !glycosidic linkages/disaccharides
 CHARMM>    !
 CHARMM>    !Aytenfisu, A.H., Yang, M., and MacKerell, A.D., Jr.,
 CHARMM>    !"CHARMM Drude Polarizable Force Field for Glycosidic Linkages
 CHARMM>    !Involving Pyranoses and Furanoses," Submitted for publication
 CHARMM>    !
 CHARMM>    !hexopyranoses
 CHARMM>    !
 CHARMM>    !Yang, M., Aytenfisu, A.H., and MacKerell, A.D., Jr.,
 CHARMM>    !"Proper Balance of Solvent-Solute and Solute-Solute Interactions in
 CHARMM>    !the Treatment of the Diffusion of Glucose using the Drude Polarizable
 CHARMM>    !Force Field," Submitted for publication
 CHARMM>    !
 CHARMM>    !Patel, D.S., He, X., and MacKerell, A.D., Jr.,
 CHARMM>    !“Polarizable Empirical Force Field for Hexopyranose Monosaccharides
 CHARMM>    !based on the Classical Drude Oscillator,” Journal of Physical
 CHARMM>    !Chemistry B., ASAP article, 2014, 10.1021/jp412696m, NIHMSID #566721
 CHARMM>    !
 CHARMM>    !polyalcohols
 CHARMM>    !
 CHARMM>    !He, X., Lopes, P.E.M., and MacKerell, A.D., Jr., “Polarizable
 CHARMM>    !Empirical Force Field for Acyclic Poly-Alcohols Based on the Classical
 CHARMM>    !Drude Oscillator,” Biopolymers, 99: 724-738 2013, DOI:
 CHARMM>    !10.1002/bip.22286
 CHARMM>    !
 CHARMM>    !furanoses
 CHARMM>    !
 CHARMM>    !Jana, M. and MacKerell, A.D., Jr., “CHARMM Drude Polarizable Force
 CHARMM>    !Field for Aldopentofuranoses and Methyl-aldopentofuranosides,” Journal
 CHARMM>    !of Physical Chemistry B, 119: 7846-7859, 2015, doi:
 CHARMM>    !10.1021/acs.jpcb.5b01767, PMC4483154
 CHARMM>    !
 CHARMM>     
  
 CHARMM>    read rtf card append
 MAINIO> Residue topology file being read from unit  98.
 RDTITL> * DRUDE CARBOHYDRATES
 RDTITL> *

 DRUDES PARTICLES WILL BE GENERATED AUTOMATICALLY FOR ALL ATOMS WITH NON-ZERO ALPHA
 Thole-type dipole screening, Slater-Delta shape {S(u) = 1 - (1+u/2)*exp(-u)}, default radius =  1.300000
  
 CHARMM>     
  
 CHARMM>    read para card append

          PARAMETER FILE BEING READ FROM UNIT 98
 RDTITL> * DRUDE POLARIZABLE FF PARAMETERS
 RDTITL> *
 PARMIO> NONBOND, HBOND lists and IMAGE atoms cleared.
  
 CHARMM>     
  
 VCLOSE: Closing unit   98 with status "KEEP"

                    RETURNING TO INPUT STREAM    99
  
 CHARMM>    stream @toppar/toppar_drude_nucleic_acid_2017c.str
 Parameter: TOPPAR -> "../TOPPAR_2013F"
 VOPEN> Attempting to open::../toppar_2013f/toppar_drude_nucleic_acid_2017c.str::
 OPNLGU> Unit 98 opened for READONLY access to ../toppar_2013f/toppar_drude_nucleic_acid_2017c.str

                    INPUT STREAM SWITCHING TO UNIT    98
 RDTITL> * DRUDE TOPOLOGY AND PARAMETER STREAM FILE
 RDTITL> * NUCLEIC ACIDS
 RDTITL> *
 Parameter: IN1 <- "" <empty>
  
 CHARMM>     
  
 CHARMM>    !requires toppar_drude_master*.str
 CHARMM>     
  
 CHARMM>    !nucleic acids
 CHARMM>     
  
 CHARMM>    !references
 CHARMM>    !
 CHARMM>    !DNA
 CHARMM>    !Lemkul, J.A. and MacKerell, A.D., Jr., "Polarizable Force Field for
 CHARMM>    !DNA Based on the Classical Drude Oscillator: I. Refinement using
 CHARMM>    !Quantum Mechanical Base Stacking and Conformational Energetics,"
 CHARMM>    !J. Chem. Theory Comput., 13; 2053-2071, 2017, DOI: 10.1021/acs.jctc.7b00067
 CHARMM>    !
 CHARMM>    !Lemkul, J.A. and MacKerell, A.D., Jr., "Polarizable Force Field for
 CHARMM>    !DNA Based on the Classical Drude Oscillator: II. Microsecond Molecular
 CHARMM>    !Dynamics Simulations of Duplex DNA," J. Chem. Theory Comput.,
 CHARMM>    !13; 2072-2085, 2017, DOI: 10.1021/acs.jctc.7b00068
 CHARMM>    !
 CHARMM>    !Savelyev, A. and MacKerell, A.D., Jr., "All-Atom Polarizable Force
 CHARMM>    !Field for DNA Based on the Classical Drude Oscillator Model," Journal
 CHARMM>    !of Computational Chemistry, 35; 1219-1239, 2014, DOI: 10.1002/jcc.23611,
 CHARMM>    !NIHMSID #585697
 CHARMM>    !
 CHARMM>    !RNA
 CHARMM>    !Lemkul, J.A. and MacKerell, A.D., Jr., "Polarizable Force Field for
 CHARMM>    !RNA Based on the Classical Drude Oscillator," J. Comput. Chem.,
 CHARMM>    !In Press, 2018, DOI: 10.1002/jcc.25709, NIHMSID #990779
 CHARMM>    !
 CHARMM>    !Nucleic Acid Bases
 CHARMM>    !Baker, C.M., Anisimov, V.M., and MacKerell, A.D., Jr., "Development of
 CHARMM>    !CHARMM Polarizable Force Field for Nucleic Acid Bases Based on the
 CHARMM>    !Classical Drude Oscillator Model," Journal of Physical Chemistry B,
 CHARMM>    !115; 580-596, 2011, PMC3166616
 CHARMM>    !
 CHARMM>     
  
 CHARMM>    read rtf card append
 MAINIO> Residue topology file being read from unit  98.
 RDTITL> * TOPOLOGY FOR DRUDE NUCLEIC ACIDS
 RDTITL> *

 DRUDES PARTICLES WILL BE GENERATED AUTOMATICALLY FOR ALL ATOMS WITH NON-ZERO ALPHA
 Thole-type dipole screening, Slater-Delta shape {S(u) = 1 - (1+u/2)*exp(-u)}, default radius =  1.300000
  
 CHARMM>     
  
 CHARMM>    read para card append

          PARAMETER FILE BEING READ FROM UNIT 98
 RDTITL> * DRUDE POLARIZABLE FF PARAMETERS
 RDTITL> *
 PARMIO> NONBOND, HBOND lists and IMAGE atoms cleared.
  
 VCLOSE: Closing unit   98 with status "KEEP"

                    RETURNING TO INPUT STREAM    99
  
 CHARMM>    stream @toppar/toppar_22u.str
 Parameter: TOPPAR -> "../TOPPAR_2013F"
 VOPEN> Attempting to open::../toppar_2013f/toppar_22u.str::
 OPNLGU> Unit 98 opened for READONLY access to ../toppar_2013f/toppar_22u.str

                    INPUT STREAM SWITCHING TO UNIT    98
 RDTITL> * DRUDE TOPPAR STREAM FILE FOR HALOGENATED COMPOUNDS - SIMULATION
 RDTITL> * AUG7, 2018
 RDTITL> *
 Parameter: IN1 <- "" <empty>
  
 CHARMM>     
  
 CHARMM>    !! Need to include other parameters:
 CHARMM>    !! toppar_drude_master_protein_2013*.str
 CHARMM>    !! toppar_drude_halogen_*.str
 CHARMM>    !! toppar_drude_carbohydrate_2013e.str
 CHARMM>    !! toppar_drude_model_2013e.str
 CHARMM>    !! toppar_drude_nucleic_acid_2017a.str
 CHARMM>     
  
 CHARMM>    !ioformat extended
 CHARMM>     
  
 CHARMM>    read rtf card append
 MAINIO> Residue topology file being read from unit  98.
 RDTITL> * TOPOLOGY FOR DRUDE MODEL COMPOUNDS
 RDTITL> *

 DRUDES PARTICLES WILL BE GENERATED AUTOMATICALLY FOR ALL ATOMS WITH NON-ZERO ALPHA
 Thole-type dipole screening, Slater-Delta shape {S(u) = 1 - (1+u/2)*exp(-u)}, default radius =  1.300000
  
 CHARMM>     
  
 CHARMM>    read para card append

          PARAMETER FILE BEING READ FROM UNIT 98
 RDTITL> * FOR HALOGENATED LIGAND
 RDTITL> *
 PARMIO> NONBOND, HBOND lists and IMAGE atoms cleared.
  
 CHARMM>    RETURN
 VCLOSE: Closing unit   98 with status "KEEP"

                    RETURNING TO INPUT STREAM    99
  
 VCLOSE: Closing unit   99 with status "KEEP"

                    RETURNING TO INPUT STREAM     5
  
 CHARMM>     
  
 CHARMM>    ! Read PSF and Coordinates
 CHARMM>    open read unit 10 card name step3_crys_complex.psf
 VOPEN> Attempting to open::step3_crys_complex.psf::
 OPNLGU> Unit 10 opened for READONLY access to step3_crys_complex.psf
  
 CHARMM>    read psf  unit 10 card
 MAINIO> Protein structure file being read from unit  10.
 PSFRD2> Reading PSF in the expanded format.
 TITLE>  * GENERATED BY CHARMM-GUI (HTTP://WWW.CHARMM-GUI.ORG) V1.8 ON APR, 19. 2017. JOB
 TITLE>  * SEPARATING OUT SEGMENTS FROM ADDITIVE CRD, WRITING INDIVIDUAL
 TITLE>  * CRD FILES AND GENERATING CORRESPONDING DRUDE INPUTS
 TITLE>  *  DATE:     4/26/19     15: 8:29      CREATED BY USER: fylin
 TITLE>  *
 PSFSUM> PSF modified: NONBOND lists and IMAGE atoms cleared.
 PSFSUM> Summary of the structure file counters :
         Number of segments      =        4   Number of residues   =      291
         Number of atoms         =     7954   Number of groups     =      859
         Number of bonds         =     8014   Number of angles     =     8610
         Number of dihedrals     =    12650   Number of impropers  =      691
         Number of cross-terms   =      284
         Number of HB acceptors  =      429   Number of HB donors  =      524
         Number of NB exclusions =        0   Total charge =    8.00000
         Number of Drudes        =     2364
         Number of true-bonds    =     8014   Number of zero-bonds =        0
         Number of aniso. terms  =      447   Number of lone-pairs =      889
  
 CHARMM>     
  
 CHARMM>    open read unit 10 card name step3_crys_complex.crd
 OPNLGU> Unit already open. The old file will be closed first.
 VCLOSE: Closing unit   10 with status "KEEP"
 VOPEN> Attempting to open::step3_crys_complex.crd::
 OPNLGU> Unit 10 opened for READONLY access to step3_crys_complex.crd
  
 CHARMM>    read coor unit 10 card
          SPATIAL COORDINATES BEING READ FROM UNIT 10
 TITLE> * GENERATED BY CHARMM-GUI (HTTP://WWW.CHARMM-GUI.ORG) V1.8 ON APR, 19. 2017. JOB
 TITLE> * SEPARATING OUT SEGMENTS FROM ADDITIVE CRD, WRITING INDIVIDUAL
 TITLE> * CRD FILES AND GENERATING CORRESPONDING DRUDE INPUTS
 TITLE> *  DATE:     4/26/19     15: 8:29      CREATED BY USER: FYLIN
 TITLE> *
  
 CHARMM>     
  
 CHARMM>    coor sdrude
  
 CHARMM>    coor shake
 SELECTED COORDINATES CONSTRAINED IN THE MAIN SET.

  
 CHARMM>     
  
 CHARMM>    ! protein volume, calculation with a grid spacing of 0.5
 CHARMM>    coor orient

 ORIENT THE COORDINATES TO ALIGN WITH AXIS

 MOMENTS
 949271.79463986 -66081.30287213 -70525.87240622
                 838069.33985017 -45220.69268945
                                 831445.55761977

 Transpose of the rotation matrix
     0.309828    0.292163   -0.904791
    -0.682555    0.730831    0.002262
     0.661910    0.616869    0.425849
 CENTER OF ATOMS BEFORE TRANSLATION    12.12942     0.14918    20.30846
 AXIS OF ROTATION IS -0.316021  0.805572  0.501183  ANGLE IS   76.51

 ALL COORDINATES ORIENTED IN THE MAIN SET BASED ON SELECTED ATOMS.

  
 CHARMM>    coor stat
 STATISTICS FOR      7954 SELECTED ATOMS:
    XMIN =  -26.641196 XMAX =   28.368027 XAVE =   -0.000000
    YMIN =  -26.905359 YMAX =   27.205962 YAVE =    0.000000
    ZMIN =  -30.786505 ZMAX =   25.097837 ZAVE =    0.000000
    WMIN =    0.000000 WMAX =   20.890000 WAVE =    0.108622
  
 CHARMM>     
  
 CHARMM>    calc dcel = 0.5
Evaluating: 0.5
 Parameter: DCEL <- "0.5"
  
 CHARMM>    calc xdim = int ( ( ?xmax - ?xmin + 5.0 ) / @dcel ) + 1
 Parameter: DCEL -> "0.5"
 RDCMND substituted energy or value "?XMAX" to "28.368027"
 RDCMND substituted energy or value "?XMIN" to "-26.6411957"
Evaluating: INT((28.368027--26.6411957+5.0)/0.5)+1
 Parameter: XDIM <- "121"
  
 CHARMM>    calc ydim = int ( ( ?ymax - ?ymin + 5.0 ) / @dcel ) + 1
 Parameter: DCEL -> "0.5"
 RDCMND substituted energy or value "?YMAX" to "27.2059624"
 RDCMND substituted energy or value "?YMIN" to "-26.9053592"
Evaluating: INT((27.2059624--26.9053592+5.0)/0.5)+1
 Parameter: YDIM <- "119"
  
 CHARMM>    calc zdim = int ( ( ?zmax - ?zmin + 5.0 ) / @dcel ) + 1
 Parameter: DCEL -> "0.5"
 RDCMND substituted energy or value "?ZMAX" to "25.0978367"
 RDCMND substituted energy or value "?ZMIN" to "-30.7865051"
Evaluating: INT((25.0978367--30.7865051+5.0)/0.5)+1
 Parameter: ZDIM <- "122"
  
 CHARMM>    calc space = @xdim * @ydim * @zdim
 Parameter: XDIM -> "121"
 Parameter: YDIM -> "119"
 Parameter: ZDIM -> "122"
Evaluating: 121*119*122
 Parameter: SPACE <- "1756678"
  
 CHARMM>     
  
 CHARMM>    scalar wmain = radius
  
 CHARMM>    scalar wmain add 1.4    ! use solvent accessible surface for molecular volume
  
 CHARMM>    scalar 1 = wmain
  
 CHARMM>    scalar 2 set 6.0
  
 CHARMM>    coor volume hole space @space sele .not. resname TIP3 end
 Parameter: SPACE -> "1756678"
 SELRPN>   7954 atoms have been selected out of   7954
 COMPUTING VOLUME PER ATOM WITH:
   XMIN=    -29.8732 XMAX=     30.5836 NX= 121
   YMIN=    -29.3337 YMAX=     29.9979 NY= 118
   ZMIN=    -33.5265 ZMAX=     27.5588 NZ= 122


 A TOTAL OF      143   VACUUM POINTS WERE FOUND
 A TOTAL OF   484781 OCCUPIED POINTS WERE FOUND
 A TOTAL OF  1256992 EXTERNAL POINTS WERE FOUND
 A TOTAL OF  1741773 SELECTED POINTS WERE FOUND
 TOTAL OCCUPIED  VOLUME =   60979.839004
 TOTAL SELECTED  VOLUME =  219094.884331
 TOTAL FREE      VOLUME =      17.987745
 FRACTIONAL FREE VOLUME =       0.029489
  
 CHARMM>     
  
 CHARMM>    set molvol = ?volume
 RDCMND substituted energy or value "?VOLUME" to "60979.839"
 Parameter: MOLVOL <- "60979.839"
  
 CHARMM>     
  
 CHARMM>    ! system volume from parameters for water box
 CHARMM>    stream step4.1_waterbox.prm
 VOPEN> Attempting to open::step4.1_waterbox.prm::
 OPNLGU> Unit 99 opened for READONLY access to step4.1_waterbox.prm

                    INPUT STREAM SWITCHING TO UNIT    99
 RDTITL> SET BOXTYPE  = RECT
 RDTITL> No title read.
 Parameter: IN1 <- "" <empty>
  
 CHARMM>     SET BOXTYPE  = RECT
 Parameter: BOXTYPE <- "RECT"
  
 CHARMM>     SET XTLTYPE  = ORTHORHOMBIC
 Parameter: XTLTYPE <- "ORTHORHOMBIC"
  
 CHARMM>     SET A = 76
 Parameter: A <- "76"
  
 CHARMM>     SET B = 75
 Parameter: B <- "75"
  
 CHARMM>     SET C = 76
 Parameter: C <- "76"
  
 CHARMM>     SET ALPHA = 90.0
 Parameter: ALPHA <- "90.0"
  
 CHARMM>     SET BETA  = 90.0
 Parameter: BETA <- "90.0"
  
 CHARMM>     SET GAMMA = 90.0
 Parameter: GAMMA <- "90.0"
  
 CHARMM>     SET XCEN = 0
 Parameter: XCEN <- "0"
  
 CHARMM>     SET YCEN = 0
 Parameter: YCEN <- "0"
  
 CHARMM>     SET ZCEN = 0
 Parameter: ZCEN <- "0"
  
 VCLOSE: Closing unit   99 with status "KEEP"

                    RETURNING TO INPUT STREAM     5
  
 CHARMM>     
  
 CHARMM>    if @XTLtype .eq. TETRagonal   calc sysvol = @A * @B * @C
 Parameter: XTLTYPE -> "ORTHORHOMBIC"
 Parameter: A -> "76"
 Parameter: B -> "75"
 Parameter: C -> "76"
 Comparing "ORTHORHOMBIC" and "TETRAGONAL".
 IF test evaluated as false.  Skipping command
  
 CHARMM>    if @XTLtype .eq. CUBIc        calc sysvol = @A * @B * @C
 Parameter: XTLTYPE -> "ORTHORHOMBIC"
 Parameter: A -> "76"
 Parameter: B -> "75"
 Parameter: C -> "76"
 Comparing "ORTHORHOMBIC" and "CUBIC".
 IF test evaluated as false.  Skipping command
  
 CHARMM>    if @XTLtype .eq. ORTHorhombic calc sysvol = @A * @B * @C
 Parameter: XTLTYPE -> "ORTHORHOMBIC"
 Parameter: A -> "76"
 Parameter: B -> "75"
 Parameter: C -> "76"
 Comparing "ORTHORHOMBIC" and "ORTHORHOMBIC".
 IF test evaluated as true.  Performing command
Evaluating: 76*75*76
 Parameter: SYSVOL <- "433200"
  
 CHARMM>    if @XTLtype .eq. MONOclinic   calc sysvol = @A * @B * @C * sin ( @beta * ?pi / 180.0 )
 Parameter: XTLTYPE -> "ORTHORHOMBIC"
 Parameter: A -> "76"
 Parameter: B -> "75"
 Parameter: C -> "76"
 Parameter: BETA -> "90.0"
 RDCMND substituted energy or value "?PI" to "3.14159265"
 Comparing "ORTHORHOMBIC" and "MONOCLINIC".
 IF test evaluated as false.  Skipping command
  
 CHARMM>    if @XTLtype .eq. HEXAgonal    calc sysvol = sqrt( 0.75 ) * @C * @A * @A
 Parameter: XTLTYPE -> "ORTHORHOMBIC"
 Parameter: C -> "76"
 Parameter: A -> "76"
 Parameter: A -> "76"
 Comparing "ORTHORHOMBIC" and "HEXAGONAL".
 IF test evaluated as false.  Skipping command
  
 CHARMM>    if @XTLtype .eq. OCTAhedral   calc sysvol = 4.0 * sqrt( 3.0 ) / 9 * @A * @A * @A
 Parameter: XTLTYPE -> "ORTHORHOMBIC"
 Parameter: A -> "76"
 Parameter: A -> "76"
 Parameter: A -> "76"
 Comparing "ORTHORHOMBIC" and "OCTAHEDRAL".
 IF test evaluated as false.  Skipping command
  
 CHARMM>    if @XTLtype .eq. RHDO         calc sysvol = sqrt( 0.5 ) * @A * @A * @A
 Parameter: XTLTYPE -> "ORTHORHOMBIC"
 Parameter: A -> "76"
 Parameter: A -> "76"
 Parameter: A -> "76"
 Comparing "ORTHORHOMBIC" and "RHDO".
 IF test evaluated as false.  Skipping command
  
 CHARMM>    if @XTLtype .eq. TRIClinic then
 Parameter: XTLTYPE -> "ORTHORHOMBIC"
 Comparing "ORTHORHOMBIC" and "TRICLINIC".
 IF test evaluated as false.  Skip to ELSE or ENDIF
  
 CHARMM>    if @XTLtype .eq. RHOMbohedral then
 Parameter: XTLTYPE -> "ORTHORHOMBIC"
 Comparing "ORTHORHOMBIC" and "RHOMBOHEDRAL".
 IF test evaluated as false.  Skip to ELSE or ENDIF
  
 CHARMM>     
  
 CHARMM>    !
 CHARMM>    ! conc   : concentration (M)
 CHARMM>    ! ionvol : ion accessible volume (Ang**3)
 CHARMM>    ! npos   : number of positive ions
 CHARMM>    ! nneg   : number of negative ions
 CHARMM>    !
 CHARMM>     
  
 CHARMM>    calc conc   = 0.15
Evaluating: 0.15
 Parameter: CONC <- "0.15"
  
 CHARMM>    calc ionvol = @sysvol - @molvol
 Parameter: SYSVOL -> "433200"
 Parameter: MOLVOL -> "60979.839"
Evaluating: 433200-60979.839
 Parameter: IONVOL <- "372220.161"
  
 CHARMM>    calc val    = 1
Evaluating: 1
 Parameter: VAL <- "1"
  
 CHARMM>     
  
 CHARMM>    calc nion   = abs( ?cgtot ) / 2 / @val
 Parameter: VAL -> "1"
 RDCMND substituted energy or value "?CGTOT" to "8"
Evaluating: ABS(8)/2/1
 Parameter: NION <- "4"
  
 CHARMM>    calc npos   = int ( @nion - ?cgtot / 2 / @val ) + 1
 Parameter: NION -> "4"
 Parameter: VAL -> "1"
 RDCMND substituted energy or value "?CGTOT" to "8"
Evaluating: INT(4-8/2/1)+1
 Parameter: NPOS <- "1"
  
 CHARMM>    calc nneg   = @npos * @val + ?cgtot
 Parameter: NPOS -> "1"
 Parameter: VAL -> "1"
 RDCMND substituted energy or value "?CGTOT" to "8"
Evaluating: 1*1+8
 Parameter: NNEG <- "9"
  
 CHARMM>    ! minimize the number of ions in case of minimum number of ion generation is selected
 CHARMM>    !set diff    = @nneg
 CHARMM>    !if npos .lt. @nneg set diff = @npos
 CHARMM>    !calc npos   = @npos - @diff
 CHARMM>    !calc nneg   = @nneg - @diff
 CHARMM>    if val .eq. 1 then
 Comparing "1" and "1".
 IF test evaluated as true.  Performing command
  
 CHARMM>      set diff    = @nneg
 Parameter: NNEG -> "9"
 Parameter: DIFF <- "9"
  
 CHARMM>      if npos .lt. @nneg set diff = @npos
 Parameter: NNEG -> "9"
 Parameter: NPOS -> "1"
 Comparing "1" and "9".
 IF test evaluated as true.  Performing command
 Parameter: DIFF <- "1"
  
 CHARMM>      calc npos   = @npos - @diff
 Parameter: NPOS -> "1"
 Parameter: DIFF -> "1"
Evaluating: 1-1
 Parameter: NPOS <- "0"
  
 CHARMM>      calc nneg   = @nneg - @diff
 Parameter: NNEG -> "9"
 Parameter: DIFF -> "1"
Evaluating: 9-1
 Parameter: NNEG <- "8"
  
 CHARMM>    endif
  
 CHARMM>     
  
 CHARMM>    calc ntot = ?cgtot + @npos * @val - @nneg
 Parameter: NPOS -> "0"
 Parameter: VAL -> "1"
 Parameter: NNEG -> "8"
 RDCMND substituted energy or value "?CGTOT" to "8"
Evaluating: 8+0*1-8
 Parameter: NTOT <- "0"
  
 CHARMM>    calc ntot = int( @ntot )
 Parameter: NTOT -> "0"
Evaluating: INT(0)
 Parameter: NTOT <- "0"
  
 CHARMM>    if ntot .ne. 0 stop
 Comparing "0" and "0".
 IF test evaluated as false.  Skipping command
  
 CHARMM>     
  
 CHARMM>    !
 CHARMM>    ! Randomly place the ions
 CHARMM>    !
 CHARMM>     
  
 CHARMM>    !Generate SOD
 CHARMM>    if npos .gt. 0 then
 Comparing "0" and "0".
 IF test evaluated as false.  Skip to ELSE or ENDIF
  
 CHARMM>     
  
 CHARMM>    !Generate CLA
 CHARMM>    if nneg .gt. 0 then
 Comparing "8" and "0".
 IF test evaluated as true.  Performing command
  
 CHARMM>       read sequence CLA @nneg
 Parameter: NNEG -> "8"
  
 CHARMM>       generate CLA warn drude dmass 0.4
 Drude polarizability will be setup for SEGID: CLA     mass of Drudes particles =    0.4000
 NO PATCHING WILL BE DONE ON THE FIRST RESIDUE
 NO PATCHING WILL BE DONE ON THE LAST  RESIDUE

 MKDRUDE generate list and setup for drude polarizability

 All okay for      8 added Drude particles 

 GENPSF> Segment   5 has been generated. Its identifier is CLA.
 PSFSUM> PSF modified: NONBOND lists and IMAGE atoms cleared.
 PSFSUM> Summary of the structure file counters :
         Number of segments      =        5   Number of residues   =      299
         Number of atoms         =     7970   Number of groups     =      867
         Number of bonds         =     8022   Number of angles     =     8610
         Number of dihedrals     =    12650   Number of impropers  =      691
         Number of cross-terms   =      284
         Number of HB acceptors  =      429   Number of HB donors  =      524
         Number of NB exclusions =        0   Total charge =    0.00000
         Number of Drudes        =     2372
         Number of true-bonds    =     8022   Number of zero-bonds =        0
         Number of aniso. terms  =      447   Number of lone-pairs =      889
  
 CHARMM>    endif
  
 CHARMM>     
  
 CHARMM>    calc nion = @npos + @nneg
 Parameter: NPOS -> "0"
 Parameter: NNEG -> "8"
Evaluating: 0+8
 Parameter: NION <- "8"
  
 CHARMM>    if nion .eq. 0 goto continue
 Comparing "8" and "0".
 IF test evaluated as false.  Skipping command
  
 CHARMM>     
  
 CHARMM>    cons fix sele .not. ( segid SOD .or. segid CLA ) end
 SELRPN>   7954 atoms have been selected out of   7970
  
 CHARMM>     
  
 CHARMM>    ! initial positions for all ions
 CHARMM>     
  
 CHARMM>    calc xpos = @A / 2.0
 Parameter: A -> "76"
Evaluating: 76/2.0
 Parameter: XPOS <- "38"
  
 CHARMM>    calc ypos = @B / 2.0
 Parameter: B -> "75"
Evaluating: 75/2.0
 Parameter: YPOS <- "37.5"
  
 CHARMM>    calc zpos = @C / 2.0
 Parameter: C -> "76"
Evaluating: 76/2.0
 Parameter: ZPOS <- "38"
  
 CHARMM>     
  
 CHARMM>    coor set xdir @xpos ydir @ypos zdir @zpos select segid SOD .or. segid CLA end
 Parameter: XPOS -> "38"
 Parameter: YPOS -> "37.5"
 Parameter: ZPOS -> "38"
 SELRPN>     16 atoms have been selected out of   7970
 SELECTED COORDINATES SET IN THE MAIN SET.

  
 CHARMM>     
  
 CHARMM>    !
 CHARMM>    ! Initial placement of ions
 CHARMM>    !
 CHARMM>     
  
 CHARMM>    calc i   = 1
Evaluating: 1
 Parameter: I <- "1"
  
 CHARMM>    label doinit
  
 CHARMM>     
  
 CHARMM>        if i .le. @nion then
 Parameter: NION -> "8"
 Comparing "1" and "8".
 IF test evaluated as true.  Performing command
  
 CHARMM>           calc j = @i
 Parameter: I -> "1"
Evaluating: 1
 Parameter: J <- "1"
  
 CHARMM>        endif
  
 CHARMM>        if i .gt. @nion then
 Parameter: NION -> "8"
 Comparing "1" and "8".
 IF test evaluated as false.  Skip to ELSE or ENDIF
  
 CHARMM>     
  
 CHARMM>        set ion = SOD
 Parameter: ION <- "SOD"
  
 CHARMM>        if j .gt. @npos then
 Parameter: NPOS -> "0"
 Comparing "1" and "0".
 IF test evaluated as true.  Performing command
  
 CHARMM>           set ion = CLA
 Parameter: ION <- "CLA"
  
 CHARMM>           calc j  = @j - @npos
 Parameter: J -> "1"
 Parameter: NPOS -> "0"
Evaluating: 1-0
 Parameter: J <- "1"
  
 CHARMM>        endif
  
 CHARMM>     
  
 CHARMM>        define target select segid @ion .and. resid @j end
 Parameter: ION -> "CLA"
 Parameter: J -> "1"
 SELRPN>      2 atoms have been selected out of   7970
  
 CHARMM>        coor stat sele target end
 SELRPN>      2 atoms have been selected out of   7970
 STATISTICS FOR         2 SELECTED ATOMS:
    XMIN =   38.000000 XMAX =   38.000000 XAVE =   38.000000
    YMIN =   37.500000 YMAX =   37.500000 YAVE =   37.500000
    ZMIN =   38.000000 ZMAX =   38.000000 ZAVE =   38.000000
    WMIN =    0.000000 WMAX =    0.000000 WAVE =    0.000000
  
 CHARMM>        calc xsave  = ?xave
 RDCMND substituted energy or value "?XAVE" to "38"
Evaluating: 38
 Parameter: XSAVE <- "38"
  
 CHARMM>        calc ysave  = ?yave
 RDCMND substituted energy or value "?YAVE" to "37.5"
Evaluating: 37.5
 Parameter: YSAVE <- "37.5"
  
 CHARMM>        calc zsave  = ?zave
 RDCMND substituted energy or value "?ZAVE" to "38"
Evaluating: 38
 Parameter: ZSAVE <- "38"
  
 CHARMM>     
  
 CHARMM>        calc xpos = @A * ( ?random - 0.5 )
 Parameter: A -> "76"
 RDCMND substituted energy or value "?RANDOM" to "0.576543226"
Evaluating: 76*(0.576543226-0.5)
 Parameter: XPOS <- "5.81728518"
  
 CHARMM>        calc ypos = @B * ( ?random - 0.5 )
 Parameter: B -> "75"
 RDCMND substituted energy or value "?RANDOM" to "1.315628494E-03"
Evaluating: 75*(1.315628494E-03-0.5)
 Parameter: YPOS <- "-37.4013279"
  
 CHARMM>        calc zpos = @C * ( ?random - 0.5 )
 Parameter: C -> "76"
 RDCMND substituted energy or value "?RANDOM" to "0.319070303"
Evaluating: 76*(0.319070303-0.5)
 Parameter: ZPOS <- "-13.750657"
  
 CHARMM>     
  
 CHARMM>        ! check if the ions are too close to solute
  
 CHARMM>        coor set xdir @xpos  ydir @ypos  zdir @zpos select target end
 Parameter: XPOS -> "5.81728518"
 Parameter: YPOS -> "-37.4013279"
 Parameter: ZPOS -> "-13.750657"
 SELRPN>      2 atoms have been selected out of   7970
 SELECTED COORDINATES SET IN THE MAIN SET.

  
 CHARMM>        update

 NONBOND OPTION FLAGS: 
     ELEC     VDW      ATOMs    CDIElec  SWITch   VATOm    VSWItch 
     BYGRoup  NOEXtnd  NOEWald 
 CUTNB  = 16.000 CTEXNB =999.000 CTONNB = 10.000 CTOFNB = 12.000
 CGONNB =  0.000 CGOFNB = 10.000
 WMIN   =  1.500 WRNMXD =  0.500 E14FAC =  1.000 EPS    =  1.000
 NBXMOD =      5
 There are        0 atom  pairs and        0 atom  exclusions.
 There are        0 group pairs and        0 group exclusions.
       72214       72214       72198
 <MAKINB>: Ran out of space. RESIZING
 <MAKINB> with mode   5 found  47472 exclusions and  35889 interactions(1-4)
 <MAKGRP> found   1883 group exclusions.
 Generating nonbond list with Exclusion mode = 5
 Allocate space for   5000 Thole shielding pairs 
 == PRIMARY == SPACE FOR  3418596 ATOM PAIRS AND        0 GROUP PAIRS

 General atom nonbond list generation found:
  1361649 ATOM PAIRS WERE FOUND FOR ATOM LIST
    54466 GROUP PAIRS REQUIRED ATOM SEARCHES

  
 CHARMM>     
  
 CHARMM>        coor dist cut 4.5 sele target end -
 CHARMM>                          sele ( .not. target ) .and. .not. hydrogen end
 SELRPN>      2 atoms have been selected out of   7970
 SELRPN>   3260 atoms have been selected out of   7970

            DISTANCES FOR SELECTED ATOMS
 TOTAL EXCLUSION COUNT =         0
 TOTAL 1-4 EXCLUSIONS  =         0
 TOTAL NON-EXCLUSIONS  =         0
  
 CHARMM>     
  
 CHARMM>        if ?npair .gt. 0 then
 RDCMND substituted energy or value "?NPAIR" to "0"
 Comparing "0" and "0".
 IF test evaluated as false.  Skip to ELSE or ENDIF
  
 CHARMM>     
  
 CHARMM>    increase i by 1
 Parameter: I <- "2"
  
 CHARMM>    if i .le. @nion goto doinit
 Parameter: NION -> "8"
 Comparing "2" and "8".
 IF test evaluated as true.  Performing command
  
 CHARMM>     
  
 CHARMM>        if i .le. @nion then
 Parameter: NION -> "8"
 Comparing "2" and "8".
 IF test evaluated as true.  Performing command
  
 CHARMM>           calc j = @i
 Parameter: I -> "2"
Evaluating: 2
 Parameter: J <- "2"
  
 CHARMM>        endif
  
 CHARMM>        if i .gt. @nion then
 Parameter: NION -> "8"
 Comparing "2" and "8".
 IF test evaluated as false.  Skip to ELSE or ENDIF
  
 CHARMM>     
  
 CHARMM>        set ion = SOD
 Parameter: ION <- "SOD"
  
 CHARMM>        if j .gt. @npos then
 Parameter: NPOS -> "0"
 Comparing "2" and "0".
 IF test evaluated as true.  Performing command
  
 CHARMM>           set ion = CLA
 Parameter: ION <- "CLA"
  
 CHARMM>           calc j  = @j - @npos
 Parameter: J -> "2"
 Parameter: NPOS -> "0"
Evaluating: 2-0
 Parameter: J <- "2"
  
 CHARMM>        endif
  
 CHARMM>     
  
 CHARMM>        define target select segid @ion .and. resid @j end
 Parameter: ION -> "CLA"
 Parameter: J -> "2"
 SELRPN>      2 atoms have been selected out of   7970
  
 CHARMM>        coor stat sele target end
 SELRPN>      2 atoms have been selected out of   7970
 STATISTICS FOR         2 SELECTED ATOMS:
    XMIN =   38.000000 XMAX =   38.000000 XAVE =   38.000000
    YMIN =   37.500000 YMAX =   37.500000 YAVE =   37.500000
    ZMIN =   38.000000 ZMAX =   38.000000 ZAVE =   38.000000
    WMIN =    0.000000 WMAX =    0.000000 WAVE =    0.000000
  
 CHARMM>        calc xsave  = ?xave
 RDCMND substituted energy or value "?XAVE" to "38"
Evaluating: 38
 Parameter: XSAVE <- "38"
  
 CHARMM>        calc ysave  = ?yave
 RDCMND substituted energy or value "?YAVE" to "37.5"
Evaluating: 37.5
 Parameter: YSAVE <- "37.5"
  
 CHARMM>        calc zsave  = ?zave
 RDCMND substituted energy or value "?ZAVE" to "38"
Evaluating: 38
 Parameter: ZSAVE <- "38"
  
 CHARMM>     
  
 CHARMM>        calc xpos = @A * ( ?random - 0.5 )
 Parameter: A -> "76"
 RDCMND substituted energy or value "?RANDOM" to "0.850262574"
Evaluating: 76*(0.850262574-0.5)
 Parameter: XPOS <- "26.6199556"
  
 CHARMM>        calc ypos = @B * ( ?random - 0.5 )
 Parameter: B -> "75"
 RDCMND substituted energy or value "?RANDOM" to "0.267974697"
Evaluating: 75*(0.267974697-0.5)
 Parameter: YPOS <- "-17.4018977"
  
 CHARMM>        calc zpos = @C * ( ?random - 0.5 )
 Parameter: C -> "76"
 RDCMND substituted energy or value "?RANDOM" to "0.308034578"
Evaluating: 76*(0.308034578-0.5)
 Parameter: ZPOS <- "-14.5893721"
  
 CHARMM>     
  
 CHARMM>        ! check if the ions are too close to solute
  
 CHARMM>        coor set xdir @xpos  ydir @ypos  zdir @zpos select target end
 Parameter: XPOS -> "26.6199556"
 Parameter: YPOS -> "-17.4018977"
 Parameter: ZPOS -> "-14.5893721"
 SELRPN>      2 atoms have been selected out of   7970
 SELECTED COORDINATES SET IN THE MAIN SET.

  
 CHARMM>        update

 NONBOND OPTION FLAGS: 
     ELEC     VDW      ATOMs    CDIElec  SWITch   VATOm    VSWItch 
     BYGRoup  NOEXtnd  NOEWald 
 CUTNB  = 16.000 CTEXNB =999.000 CTONNB = 10.000 CTOFNB = 12.000
 CGONNB =  0.000 CGOFNB = 10.000
 WMIN   =  1.500 WRNMXD =  0.500 E14FAC =  1.000 EPS    =  1.000
 NBXMOD =      5
 There are  1361649 atom  pairs and    83361 atom  exclusions.
 There are        0 group pairs and     1883 group exclusions.
 Generating nonbond list with Exclusion mode = 5
 == PRIMARY == SPACE FOR  3418596 ATOM PAIRS AND        0 GROUP PAIRS

 General atom nonbond list generation found:
  1361875 ATOM PAIRS WERE FOUND FOR ATOM LIST
    54479 GROUP PAIRS REQUIRED ATOM SEARCHES

  
 CHARMM>     
  
 CHARMM>        coor dist cut 4.5 sele target end -
 CHARMM>                          sele ( .not. target ) .and. .not. hydrogen end
 SELRPN>      2 atoms have been selected out of   7970
 SELRPN>   3260 atoms have been selected out of   7970

            DISTANCES FOR SELECTED ATOMS
 TOTAL EXCLUSION COUNT =         0
 TOTAL 1-4 EXCLUSIONS  =         0
 TOTAL NON-EXCLUSIONS  =         0
  
 CHARMM>     
  
 CHARMM>        if ?npair .gt. 0 then
 RDCMND substituted energy or value "?NPAIR" to "0"
 Comparing "0" and "0".
 IF test evaluated as false.  Skip to ELSE or ENDIF
  
 CHARMM>     
  
 CHARMM>    increase i by 1
 Parameter: I <- "3"
  
 CHARMM>    if i .le. @nion goto doinit
 Parameter: NION -> "8"
 Comparing "3" and "8".
 IF test evaluated as true.  Performing command
  
 CHARMM>     
  
 CHARMM>        if i .le. @nion then
 Parameter: NION -> "8"
 Comparing "3" and "8".
 IF test evaluated as true.  Performing command
  
 CHARMM>           calc j = @i
 Parameter: I -> "3"
Evaluating: 3
 Parameter: J <- "3"
  
 CHARMM>        endif
  
 CHARMM>        if i .gt. @nion then
 Parameter: NION -> "8"
 Comparing "3" and "8".
 IF test evaluated as false.  Skip to ELSE or ENDIF
  
 CHARMM>     
  
 CHARMM>        set ion = SOD
 Parameter: ION <- "SOD"
  
 CHARMM>        if j .gt. @npos then
 Parameter: NPOS -> "0"
 Comparing "3" and "0".
 IF test evaluated as true.  Performing command
  
 CHARMM>           set ion = CLA
 Parameter: ION <- "CLA"
  
 CHARMM>           calc j  = @j - @npos
 Parameter: J -> "3"
 Parameter: NPOS -> "0"
Evaluating: 3-0
 Parameter: J <- "3"
  
 CHARMM>        endif
  
 CHARMM>     
  
 CHARMM>        define target select segid @ion .and. resid @j end
 Parameter: ION -> "CLA"
 Parameter: J -> "3"
 SELRPN>      2 atoms have been selected out of   7970
  
 CHARMM>        coor stat sele target end
 SELRPN>      2 atoms have been selected out of   7970
 STATISTICS FOR         2 SELECTED ATOMS:
    XMIN =   38.000000 XMAX =   38.000000 XAVE =   38.000000
    YMIN =   37.500000 YMAX =   37.500000 YAVE =   37.500000
    ZMIN =   38.000000 ZMAX =   38.000000 ZAVE =   38.000000
    WMIN =    0.000000 WMAX =    0.000000 WAVE =    0.000000
  
 CHARMM>        calc xsave  = ?xave
 RDCMND substituted energy or value "?XAVE" to "38"
Evaluating: 38
 Parameter: XSAVE <- "38"
  
 CHARMM>        calc ysave  = ?yave
 RDCMND substituted energy or value "?YAVE" to "37.5"
Evaluating: 37.5
 Parameter: YSAVE <- "37.5"
  
 CHARMM>        calc zsave  = ?zave
 RDCMND substituted energy or value "?ZAVE" to "38"
Evaluating: 38
 Parameter: ZSAVE <- "38"
  
 CHARMM>     
  
 CHARMM>        calc xpos = @A * ( ?random - 0.5 )
 Parameter: A -> "76"
 RDCMND substituted energy or value "?RANDOM" to "0.119452252"
Evaluating: 76*(0.119452252-0.5)
 Parameter: XPOS <- "-28.9216288"
  
 CHARMM>        calc ypos = @B * ( ?random - 0.5 )
 Parameter: B -> "75"
 RDCMND substituted energy or value "?RANDOM" to "3.961160828E-02"
Evaluating: 75*(3.961160828E-02-0.5)
 Parameter: YPOS <- "-34.5291294"
  
 CHARMM>        calc zpos = @C * ( ?random - 0.5 )
 Parameter: C -> "76"
 RDCMND substituted energy or value "?RANDOM" to "0.783653735"
Evaluating: 76*(0.783653735-0.5)
 Parameter: ZPOS <- "21.5576839"
  
 CHARMM>     
  
 CHARMM>        ! check if the ions are too close to solute
  
 CHARMM>        coor set xdir @xpos  ydir @ypos  zdir @zpos select target end
 Parameter: XPOS -> "-28.9216288"
 Parameter: YPOS -> "-34.5291294"
 Parameter: ZPOS -> "21.5576839"
 SELRPN>      2 atoms have been selected out of   7970
 SELECTED COORDINATES SET IN THE MAIN SET.

  
 CHARMM>        update

 NONBOND OPTION FLAGS: 
     ELEC     VDW      ATOMs    CDIElec  SWITch   VATOm    VSWItch 
     BYGRoup  NOEXtnd  NOEWald 
 CUTNB  = 16.000 CTEXNB =999.000 CTONNB = 10.000 CTOFNB = 12.000
 CGONNB =  0.000 CGOFNB = 10.000
 WMIN   =  1.500 WRNMXD =  0.500 E14FAC =  1.000 EPS    =  1.000
 NBXMOD =      5
 There are  1361875 atom  pairs and    83361 atom  exclusions.
 There are        0 group pairs and     1883 group exclusions.
 Generating nonbond list with Exclusion mode = 5
 == PRIMARY == SPACE FOR  3418596 ATOM PAIRS AND        0 GROUP PAIRS

 General atom nonbond list generation found:
  1361855 ATOM PAIRS WERE FOUND FOR ATOM LIST
    54479 GROUP PAIRS REQUIRED ATOM SEARCHES

  
 CHARMM>     
  
 CHARMM>        coor dist cut 4.5 sele target end -
 CHARMM>                          sele ( .not. target ) .and. .not. hydrogen end
 SELRPN>      2 atoms have been selected out of   7970
 SELRPN>   3260 atoms have been selected out of   7970

            DISTANCES FOR SELECTED ATOMS
 TOTAL EXCLUSION COUNT =         0
 TOTAL 1-4 EXCLUSIONS  =         0
 TOTAL NON-EXCLUSIONS  =         0
  
 CHARMM>     
  
 CHARMM>        if ?npair .gt. 0 then
 RDCMND substituted energy or value "?NPAIR" to "0"
 Comparing "0" and "0".
 IF test evaluated as false.  Skip to ELSE or ENDIF
  
 CHARMM>     
  
 CHARMM>    increase i by 1
 Parameter: I <- "4"
  
 CHARMM>    if i .le. @nion goto doinit
 Parameter: NION -> "8"
 Comparing "4" and "8".
 IF test evaluated as true.  Performing command
  
 CHARMM>     
  
 CHARMM>        if i .le. @nion then
 Parameter: NION -> "8"
 Comparing "4" and "8".
 IF test evaluated as true.  Performing command
  
 CHARMM>           calc j = @i
 Parameter: I -> "4"
Evaluating: 4
 Parameter: J <- "4"
  
 CHARMM>        endif
  
 CHARMM>        if i .gt. @nion then
 Parameter: NION -> "8"
 Comparing "4" and "8".
 IF test evaluated as false.  Skip to ELSE or ENDIF
  
 CHARMM>     
  
 CHARMM>        set ion = SOD
 Parameter: ION <- "SOD"
  
 CHARMM>        if j .gt. @npos then
 Parameter: NPOS -> "0"
 Comparing "4" and "0".
 IF test evaluated as true.  Performing command
  
 CHARMM>           set ion = CLA
 Parameter: ION <- "CLA"
  
 CHARMM>           calc j  = @j - @npos
 Parameter: J -> "4"
 Parameter: NPOS -> "0"
Evaluating: 4-0
 Parameter: J <- "4"
  
 CHARMM>        endif
  
 CHARMM>     
  
 CHARMM>        define target select segid @ion .and. resid @j end
 Parameter: ION -> "CLA"
 Parameter: J -> "4"
 SELRPN>      2 atoms have been selected out of   7970
  
 CHARMM>        coor stat sele target end
 SELRPN>      2 atoms have been selected out of   7970
 STATISTICS FOR         2 SELECTED ATOMS:
    XMIN =   38.000000 XMAX =   38.000000 XAVE =   38.000000
    YMIN =   37.500000 YMAX =   37.500000 YAVE =   37.500000
    ZMIN =   38.000000 ZMAX =   38.000000 ZAVE =   38.000000
    WMIN =    0.000000 WMAX =    0.000000 WAVE =    0.000000
  
 CHARMM>        calc xsave  = ?xave
 RDCMND substituted energy or value "?XAVE" to "38"
Evaluating: 38
 Parameter: XSAVE <- "38"
  
 CHARMM>        calc ysave  = ?yave
 RDCMND substituted energy or value "?YAVE" to "37.5"
Evaluating: 37.5
 Parameter: YSAVE <- "37.5"
  
 CHARMM>        calc zsave  = ?zave
 RDCMND substituted energy or value "?ZAVE" to "38"
Evaluating: 38
 Parameter: ZSAVE <- "38"
  
 CHARMM>     
  
 CHARMM>        calc xpos = @A * ( ?random - 0.5 )
 Parameter: A -> "76"
 RDCMND substituted energy or value "?RANDOM" to "2.781950057E-02"
Evaluating: 76*(2.781950057E-02-0.5)
 Parameter: XPOS <- "-35.885718"
  
 CHARMM>        calc ypos = @B * ( ?random - 0.5 )
 Parameter: B -> "75"
 RDCMND substituted energy or value "?RANDOM" to "0.885661627"
Evaluating: 75*(0.885661627-0.5)
 Parameter: YPOS <- "28.924622"
  
 CHARMM>        calc zpos = @C * ( ?random - 0.5 )
 Parameter: C -> "76"
 RDCMND substituted energy or value "?RANDOM" to "0.826136416"
Evaluating: 76*(0.826136416-0.5)
 Parameter: ZPOS <- "24.7863676"
  
 CHARMM>     
  
 CHARMM>        ! check if the ions are too close to solute
  
 CHARMM>        coor set xdir @xpos  ydir @ypos  zdir @zpos select target end
 Parameter: XPOS -> "-35.885718"
 Parameter: YPOS -> "28.924622"
 Parameter: ZPOS -> "24.7863676"
 SELRPN>      2 atoms have been selected out of   7970
 SELECTED COORDINATES SET IN THE MAIN SET.

  
 CHARMM>        update

 NONBOND OPTION FLAGS: 
     ELEC     VDW      ATOMs    CDIElec  SWITch   VATOm    VSWItch 
     BYGRoup  NOEXtnd  NOEWald 
 CUTNB  = 16.000 CTEXNB =999.000 CTONNB = 10.000 CTOFNB = 12.000
 CGONNB =  0.000 CGOFNB = 10.000
 WMIN   =  1.500 WRNMXD =  0.500 E14FAC =  1.000 EPS    =  1.000
 NBXMOD =      5
 There are  1361855 atom  pairs and    83361 atom  exclusions.
 There are        0 group pairs and     1883 group exclusions.
 Generating nonbond list with Exclusion mode = 5
 == PRIMARY == SPACE FOR  3418596 ATOM PAIRS AND        0 GROUP PAIRS

 General atom nonbond list generation found:
  1361839 ATOM PAIRS WERE FOUND FOR ATOM LIST
    54479 GROUP PAIRS REQUIRED ATOM SEARCHES

  
 CHARMM>     
  
 CHARMM>        coor dist cut 4.5 sele target end -
 CHARMM>                          sele ( .not. target ) .and. .not. hydrogen end
 SELRPN>      2 atoms have been selected out of   7970
 SELRPN>   3260 atoms have been selected out of   7970

            DISTANCES FOR SELECTED ATOMS
 TOTAL EXCLUSION COUNT =         0
 TOTAL 1-4 EXCLUSIONS  =         0
 TOTAL NON-EXCLUSIONS  =         0
  
 CHARMM>     
  
 CHARMM>        if ?npair .gt. 0 then
 RDCMND substituted energy or value "?NPAIR" to "0"
 Comparing "0" and "0".
 IF test evaluated as false.  Skip to ELSE or ENDIF
  
 CHARMM>     
  
 CHARMM>    increase i by 1
 Parameter: I <- "5"
  
 CHARMM>    if i .le. @nion goto doinit
 Parameter: NION -> "8"
 Comparing "5" and "8".
 IF test evaluated as true.  Performing command
  
 CHARMM>     
  
 CHARMM>        if i .le. @nion then
 Parameter: NION -> "8"
 Comparing "5" and "8".
 IF test evaluated as true.  Performing command
  
 CHARMM>           calc j = @i
 Parameter: I -> "5"
Evaluating: 5
 Parameter: J <- "5"
  
 CHARMM>        endif
  
 CHARMM>        if i .gt. @nion then
 Parameter: NION -> "8"
 Comparing "5" and "8".
 IF test evaluated as false.  Skip to ELSE or ENDIF
  
 CHARMM>     
  
 CHARMM>        set ion = SOD
 Parameter: ION <- "SOD"
  
 CHARMM>        if j .gt. @npos then
 Parameter: NPOS -> "0"
 Comparing "5" and "0".
 IF test evaluated as true.  Performing command
  
 CHARMM>           set ion = CLA
 Parameter: ION <- "CLA"
  
 CHARMM>           calc j  = @j - @npos
 Parameter: J -> "5"
 Parameter: NPOS -> "0"
Evaluating: 5-0
 Parameter: J <- "5"
  
 CHARMM>        endif
  
 CHARMM>     
  
 CHARMM>        define target select segid @ion .and. resid @j end
 Parameter: ION -> "CLA"
 Parameter: J -> "5"
 SELRPN>      2 atoms have been selected out of   7970
  
 CHARMM>        coor stat sele target end
 SELRPN>      2 atoms have been selected out of   7970
 STATISTICS FOR         2 SELECTED ATOMS:
    XMIN =   38.000000 XMAX =   38.000000 XAVE =   38.000000
    YMIN =   37.500000 YMAX =   37.500000 YAVE =   37.500000
    ZMIN =   38.000000 ZMAX =   38.000000 ZAVE =   38.000000
    WMIN =    0.000000 WMAX =    0.000000 WAVE =    0.000000
  
 CHARMM>        calc xsave  = ?xave
 RDCMND substituted energy or value "?XAVE" to "38"
Evaluating: 38
 Parameter: XSAVE <- "38"
  
 CHARMM>        calc ysave  = ?yave
 RDCMND substituted energy or value "?YAVE" to "37.5"
Evaluating: 37.5
 Parameter: YSAVE <- "37.5"
  
 CHARMM>        calc zsave  = ?zave
 RDCMND substituted energy or value "?ZAVE" to "38"
Evaluating: 38
 Parameter: ZSAVE <- "38"
  
 CHARMM>     
  
 CHARMM>        calc xpos = @A * ( ?random - 0.5 )
 Parameter: A -> "76"
 RDCMND substituted energy or value "?RANDOM" to "0.158115527"
Evaluating: 76*(0.158115527-0.5)
 Parameter: XPOS <- "-25.9832199"
  
 CHARMM>        calc ypos = @B * ( ?random - 0.5 )
 Parameter: B -> "75"
 RDCMND substituted energy or value "?RANDOM" to "0.151374335"
Evaluating: 75*(0.151374335-0.5)
 Parameter: YPOS <- "-26.1469249"
  
 CHARMM>        calc zpos = @C * ( ?random - 0.5 )
 Parameter: C -> "76"
 RDCMND substituted energy or value "?RANDOM" to "0.308287123"
Evaluating: 76*(0.308287123-0.5)
 Parameter: ZPOS <- "-14.5701787"
  
 CHARMM>     
  
 CHARMM>        ! check if the ions are too close to solute
  
 CHARMM>        coor set xdir @xpos  ydir @ypos  zdir @zpos select target end
 Parameter: XPOS -> "-25.9832199"
 Parameter: YPOS -> "-26.1469249"
 Parameter: ZPOS -> "-14.5701787"
 SELRPN>      2 atoms have been selected out of   7970
 SELECTED COORDINATES SET IN THE MAIN SET.

  
 CHARMM>        update

 NONBOND OPTION FLAGS: 
     ELEC     VDW      ATOMs    CDIElec  SWITch   VATOm    VSWItch 
     BYGRoup  NOEXtnd  NOEWald 
 CUTNB  = 16.000 CTEXNB =999.000 CTONNB = 10.000 CTOFNB = 12.000
 CGONNB =  0.000 CGOFNB = 10.000
 WMIN   =  1.500 WRNMXD =  0.500 E14FAC =  1.000 EPS    =  1.000
 NBXMOD =      5
 There are  1361839 atom  pairs and    83361 atom  exclusions.
 There are        0 group pairs and     1883 group exclusions.
 Generating nonbond list with Exclusion mode = 5
 == PRIMARY == SPACE FOR  3418596 ATOM PAIRS AND        0 GROUP PAIRS

 General atom nonbond list generation found:
  1361851 ATOM PAIRS WERE FOUND FOR ATOM LIST
    54481 GROUP PAIRS REQUIRED ATOM SEARCHES

  
 CHARMM>     
  
 CHARMM>        coor dist cut 4.5 sele target end -
 CHARMM>                          sele ( .not. target ) .and. .not. hydrogen end
 SELRPN>      2 atoms have been selected out of   7970
 SELRPN>   3260 atoms have been selected out of   7970

            DISTANCES FOR SELECTED ATOMS
 TOTAL EXCLUSION COUNT =         0
 TOTAL 1-4 EXCLUSIONS  =         0
 TOTAL NON-EXCLUSIONS  =         0
  
 CHARMM>     
  
 CHARMM>        if ?npair .gt. 0 then
 RDCMND substituted energy or value "?NPAIR" to "0"
 Comparing "0" and "0".
 IF test evaluated as false.  Skip to ELSE or ENDIF
  
 CHARMM>     
  
 CHARMM>    increase i by 1
 Parameter: I <- "6"
  
 CHARMM>    if i .le. @nion goto doinit
 Parameter: NION -> "8"
 Comparing "6" and "8".
 IF test evaluated as true.  Performing command
  
 CHARMM>     
  
 CHARMM>        if i .le. @nion then
 Parameter: NION -> "8"
 Comparing "6" and "8".
 IF test evaluated as true.  Performing command
  
 CHARMM>           calc j = @i
 Parameter: I -> "6"
Evaluating: 6
 Parameter: J <- "6"
  
 CHARMM>        endif
  
 CHARMM>        if i .gt. @nion then
 Parameter: NION -> "8"
 Comparing "6" and "8".
 IF test evaluated as false.  Skip to ELSE or ENDIF
  
 CHARMM>     
  
 CHARMM>        set ion = SOD
 Parameter: ION <- "SOD"
  
 CHARMM>        if j .gt. @npos then
 Parameter: NPOS -> "0"
 Comparing "6" and "0".
 IF test evaluated as true.  Performing command
  
 CHARMM>           set ion = CLA
 Parameter: ION <- "CLA"
  
 CHARMM>           calc j  = @j - @npos
 Parameter: J -> "6"
 Parameter: NPOS -> "0"
Evaluating: 6-0
 Parameter: J <- "6"
  
 CHARMM>        endif
  
 CHARMM>     
  
 CHARMM>        define target select segid @ion .and. resid @j end
 Parameter: ION -> "CLA"
 Parameter: J -> "6"
 SELRPN>      2 atoms have been selected out of   7970
  
 CHARMM>        coor stat sele target end
 SELRPN>      2 atoms have been selected out of   7970
 STATISTICS FOR         2 SELECTED ATOMS:
    XMIN =   38.000000 XMAX =   38.000000 XAVE =   38.000000
    YMIN =   37.500000 YMAX =   37.500000 YAVE =   37.500000
    ZMIN =   38.000000 ZMAX =   38.000000 ZAVE =   38.000000
    WMIN =    0.000000 WMAX =    0.000000 WAVE =    0.000000
  
 CHARMM>        calc xsave  = ?xave
 RDCMND substituted energy or value "?XAVE" to "38"
Evaluating: 38
 Parameter: XSAVE <- "38"
  
 CHARMM>        calc ysave  = ?yave
 RDCMND substituted energy or value "?YAVE" to "37.5"
Evaluating: 37.5
 Parameter: YSAVE <- "37.5"
  
 CHARMM>        calc zsave  = ?zave
 RDCMND substituted energy or value "?ZAVE" to "38"
Evaluating: 38
 Parameter: ZSAVE <- "38"
  
 CHARMM>     
  
 CHARMM>        calc xpos = @A * ( ?random - 0.5 )
 Parameter: A -> "76"
 RDCMND substituted energy or value "?RANDOM" to "0.104596"
Evaluating: 76*(0.104596-0.5)
 Parameter: XPOS <- "-30.050704"
  
 CHARMM>        calc ypos = @B * ( ?random - 0.5 )
 Parameter: B -> "75"
 RDCMND substituted energy or value "?RANDOM" to "0.447746135"
Evaluating: 75*(0.447746135-0.5)
 Parameter: YPOS <- "-3.91903987"
  
 CHARMM>        calc zpos = @C * ( ?random - 0.5 )
 Parameter: C -> "76"
 RDCMND substituted energy or value "?RANDOM" to "0.747957403"
Evaluating: 76*(0.747957403-0.5)
 Parameter: ZPOS <- "18.8447626"
  
 CHARMM>     
  
 CHARMM>        ! check if the ions are too close to solute
  
 CHARMM>        coor set xdir @xpos  ydir @ypos  zdir @zpos select target end
 Parameter: XPOS -> "-30.050704"
 Parameter: YPOS -> "-3.91903987"
 Parameter: ZPOS -> "18.8447626"
 SELRPN>      2 atoms have been selected out of   7970
 SELECTED COORDINATES SET IN THE MAIN SET.

  
 CHARMM>        update

 NONBOND OPTION FLAGS: 
     ELEC     VDW      ATOMs    CDIElec  SWITch   VATOm    VSWItch 
     BYGRoup  NOEXtnd  NOEWald 
 CUTNB  = 16.000 CTEXNB =999.000 CTONNB = 10.000 CTOFNB = 12.000
 CGONNB =  0.000 CGOFNB = 10.000
 WMIN   =  1.500 WRNMXD =  0.500 E14FAC =  1.000 EPS    =  1.000
 NBXMOD =      5
 There are  1361851 atom  pairs and    83361 atom  exclusions.
 There are        0 group pairs and     1883 group exclusions.
 Generating nonbond list with Exclusion mode = 5
 == PRIMARY == SPACE FOR  3418596 ATOM PAIRS AND        0 GROUP PAIRS

 General atom nonbond list generation found:
  1361883 ATOM PAIRS WERE FOUND FOR ATOM LIST
    54487 GROUP PAIRS REQUIRED ATOM SEARCHES

  
 CHARMM>     
  
 CHARMM>        coor dist cut 4.5 sele target end -
 CHARMM>                          sele ( .not. target ) .and. .not. hydrogen end
 SELRPN>      2 atoms have been selected out of   7970
 SELRPN>   3260 atoms have been selected out of   7970

            DISTANCES FOR SELECTED ATOMS
 TOTAL EXCLUSION COUNT =         0
 TOTAL 1-4 EXCLUSIONS  =         0
 TOTAL NON-EXCLUSIONS  =         0
  
 CHARMM>     
  
 CHARMM>        if ?npair .gt. 0 then
 RDCMND substituted energy or value "?NPAIR" to "0"
 Comparing "0" and "0".
 IF test evaluated as false.  Skip to ELSE or ENDIF
  
 CHARMM>     
  
 CHARMM>    increase i by 1
 Parameter: I <- "7"
  
 CHARMM>    if i .le. @nion goto doinit
 Parameter: NION -> "8"
 Comparing "7" and "8".
 IF test evaluated as true.  Performing command
  
 CHARMM>     
  
 CHARMM>        if i .le. @nion then
 Parameter: NION -> "8"
 Comparing "7" and "8".
 IF test evaluated as true.  Performing command
  
 CHARMM>           calc j = @i
 Parameter: I -> "7"
Evaluating: 7
 Parameter: J <- "7"
  
 CHARMM>        endif
  
 CHARMM>        if i .gt. @nion then
 Parameter: NION -> "8"
 Comparing "7" and "8".
 IF test evaluated as false.  Skip to ELSE or ENDIF
  
 CHARMM>     
  
 CHARMM>        set ion = SOD
 Parameter: ION <- "SOD"
  
 CHARMM>        if j .gt. @npos then
 Parameter: NPOS -> "0"
 Comparing "7" and "0".
 IF test evaluated as true.  Performing command
  
 CHARMM>           set ion = CLA
 Parameter: ION <- "CLA"
  
 CHARMM>           calc j  = @j - @npos
 Parameter: J -> "7"
 Parameter: NPOS -> "0"
Evaluating: 7-0
 Parameter: J <- "7"
  
 CHARMM>        endif
  
 CHARMM>     
  
 CHARMM>        define target select segid @ion .and. resid @j end
 Parameter: ION -> "CLA"
 Parameter: J -> "7"
 SELRPN>      2 atoms have been selected out of   7970
  
 CHARMM>        coor stat sele target end
 SELRPN>      2 atoms have been selected out of   7970
 STATISTICS FOR         2 SELECTED ATOMS:
    XMIN =   38.000000 XMAX =   38.000000 XAVE =   38.000000
    YMIN =   37.500000 YMAX =   37.500000 YAVE =   37.500000
    ZMIN =   38.000000 ZMAX =   38.000000 ZAVE =   38.000000
    WMIN =    0.000000 WMAX =    0.000000 WAVE =    0.000000
  
 CHARMM>        calc xsave  = ?xave
 RDCMND substituted energy or value "?XAVE" to "38"
Evaluating: 38
 Parameter: XSAVE <- "38"
  
 CHARMM>        calc ysave  = ?yave
 RDCMND substituted energy or value "?YAVE" to "37.5"
Evaluating: 37.5
 Parameter: YSAVE <- "37.5"
  
 CHARMM>        calc zsave  = ?zave
 RDCMND substituted energy or value "?ZAVE" to "38"
Evaluating: 38
 Parameter: ZSAVE <- "38"
  
 CHARMM>     
  
 CHARMM>        calc xpos = @A * ( ?random - 0.5 )
 Parameter: A -> "76"
 RDCMND substituted energy or value "?RANDOM" to "0.888074738"
Evaluating: 76*(0.888074738-0.5)
 Parameter: XPOS <- "29.4936801"
  
 CHARMM>        calc ypos = @B * ( ?random - 0.5 )
 Parameter: B -> "75"
 RDCMND substituted energy or value "?RANDOM" to "0.426359421"
Evaluating: 75*(0.426359421-0.5)
 Parameter: YPOS <- "-5.52304343"
  
 CHARMM>        calc zpos = @C * ( ?random - 0.5 )
 Parameter: C -> "76"
 RDCMND substituted energy or value "?RANDOM" to "0.423488075"
Evaluating: 76*(0.423488075-0.5)
 Parameter: ZPOS <- "-5.8149063"
  
 CHARMM>     
  
 CHARMM>        ! check if the ions are too close to solute
  
 CHARMM>        coor set xdir @xpos  ydir @ypos  zdir @zpos select target end
 Parameter: XPOS -> "29.4936801"
 Parameter: YPOS -> "-5.52304343"
 Parameter: ZPOS -> "-5.8149063"
 SELRPN>      2 atoms have been selected out of   7970
 SELECTED COORDINATES SET IN THE MAIN SET.

  
 CHARMM>        update

 NONBOND OPTION FLAGS: 
     ELEC     VDW      ATOMs    CDIElec  SWITch   VATOm    VSWItch 
     BYGRoup  NOEXtnd  NOEWald 
 CUTNB  = 16.000 CTEXNB =999.000 CTONNB = 10.000 CTOFNB = 12.000
 CGONNB =  0.000 CGOFNB = 10.000
 WMIN   =  1.500 WRNMXD =  0.500 E14FAC =  1.000 EPS    =  1.000
 NBXMOD =      5
 There are  1361883 atom  pairs and    83361 atom  exclusions.
 There are        0 group pairs and     1883 group exclusions.
 Generating nonbond list with Exclusion mode = 5
 == PRIMARY == SPACE FOR  3418596 ATOM PAIRS AND        0 GROUP PAIRS

 General atom nonbond list generation found:
  1362695 ATOM PAIRS WERE FOUND FOR ATOM LIST
    54519 GROUP PAIRS REQUIRED ATOM SEARCHES

  
 CHARMM>     
  
 CHARMM>        coor dist cut 4.5 sele target end -
 CHARMM>                          sele ( .not. target ) .and. .not. hydrogen end
 SELRPN>      2 atoms have been selected out of   7970
 SELRPN>   3260 atoms have been selected out of   7970

            DISTANCES FOR SELECTED ATOMS
 TOTAL EXCLUSION COUNT =         0
 TOTAL 1-4 EXCLUSIONS  =         0
 TOTAL NON-EXCLUSIONS  =         0
  
 CHARMM>     
  
 CHARMM>        if ?npair .gt. 0 then
 RDCMND substituted energy or value "?NPAIR" to "0"
 Comparing "0" and "0".
 IF test evaluated as false.  Skip to ELSE or ENDIF
  
 CHARMM>     
  
 CHARMM>    increase i by 1
 Parameter: I <- "8"
  
 CHARMM>    if i .le. @nion goto doinit
 Parameter: NION -> "8"
 Comparing "8" and "8".
 IF test evaluated as true.  Performing command
  
 CHARMM>     
  
 CHARMM>        if i .le. @nion then
 Parameter: NION -> "8"
 Comparing "8" and "8".
 IF test evaluated as true.  Performing command
  
 CHARMM>           calc j = @i
 Parameter: I -> "8"
Evaluating: 8
 Parameter: J <- "8"
  
 CHARMM>        endif
  
 CHARMM>        if i .gt. @nion then
 Parameter: NION -> "8"
 Comparing "8" and "8".
 IF test evaluated as false.  Skip to ELSE or ENDIF
  
 CHARMM>     
  
 CHARMM>        set ion = SOD
 Parameter: ION <- "SOD"
  
 CHARMM>        if j .gt. @npos then
 Parameter: NPOS -> "0"
 Comparing "8" and "0".
 IF test evaluated as true.  Performing command
  
 CHARMM>           set ion = CLA
 Parameter: ION <- "CLA"
  
 CHARMM>           calc j  = @j - @npos
 Parameter: J -> "8"
 Parameter: NPOS -> "0"
Evaluating: 8-0
 Parameter: J <- "8"
  
 CHARMM>        endif
  
 CHARMM>     
  
 CHARMM>        define target select segid @ion .and. resid @j end
 Parameter: ION -> "CLA"
 Parameter: J -> "8"
 SELRPN>      2 atoms have been selected out of   7970
  
 CHARMM>        coor stat sele target end
 SELRPN>      2 atoms have been selected out of   7970
 STATISTICS FOR         2 SELECTED ATOMS:
    XMIN =   38.000000 XMAX =   38.000000 XAVE =   38.000000
    YMIN =   37.500000 YMAX =   37.500000 YAVE =   37.500000
    ZMIN =   38.000000 ZMAX =   38.000000 ZAVE =   38.000000
    WMIN =    0.000000 WMAX =    0.000000 WAVE =    0.000000
  
 CHARMM>        calc xsave  = ?xave
 RDCMND substituted energy or value "?XAVE" to "38"
Evaluating: 38
 Parameter: XSAVE <- "38"
  
 CHARMM>        calc ysave  = ?yave
 RDCMND substituted energy or value "?YAVE" to "37.5"
Evaluating: 37.5
 Parameter: YSAVE <- "37.5"
  
 CHARMM>        calc zsave  = ?zave
 RDCMND substituted energy or value "?ZAVE" to "38"
Evaluating: 38
 Parameter: ZSAVE <- "38"
  
 CHARMM>     
  
 CHARMM>        calc xpos = @A * ( ?random - 0.5 )
 Parameter: A -> "76"
 RDCMND substituted energy or value "?RANDOM" to "0.946280368"
Evaluating: 76*(0.946280368-0.5)
 Parameter: XPOS <- "33.917308"
  
 CHARMM>        calc ypos = @B * ( ?random - 0.5 )
 Parameter: B -> "75"
 RDCMND substituted energy or value "?RANDOM" to "0.484218385"
Evaluating: 75*(0.484218385-0.5)
 Parameter: YPOS <- "-1.18362112"
  
 CHARMM>        calc zpos = @C * ( ?random - 0.5 )
 Parameter: C -> "76"
 RDCMND substituted energy or value "?RANDOM" to "0.901900105"
Evaluating: 76*(0.901900105-0.5)
 Parameter: ZPOS <- "30.544408"
  
 CHARMM>     
  
 CHARMM>        ! check if the ions are too close to solute
  
 CHARMM>        coor set xdir @xpos  ydir @ypos  zdir @zpos select target end
 Parameter: XPOS -> "33.917308"
 Parameter: YPOS -> "-1.18362112"
 Parameter: ZPOS -> "30.544408"
 SELRPN>      2 atoms have been selected out of   7970
 SELECTED COORDINATES SET IN THE MAIN SET.

  
 CHARMM>        update

 NONBOND OPTION FLAGS: 
     ELEC     VDW      ATOMs    CDIElec  SWITch   VATOm    VSWItch 
     BYGRoup  NOEXtnd  NOEWald 
 CUTNB  = 16.000 CTEXNB =999.000 CTONNB = 10.000 CTOFNB = 12.000
 CGONNB =  0.000 CGOFNB = 10.000
 WMIN   =  1.500 WRNMXD =  0.500 E14FAC =  1.000 EPS    =  1.000
 NBXMOD =      5
 There are  1362695 atom  pairs and    83361 atom  exclusions.
 There are        0 group pairs and     1883 group exclusions.
 Generating nonbond list with Exclusion mode = 5
 == PRIMARY == SPACE FOR  3418596 ATOM PAIRS AND        0 GROUP PAIRS

 General atom nonbond list generation found:
  1362695 ATOM PAIRS WERE FOUND FOR ATOM LIST
    54519 GROUP PAIRS REQUIRED ATOM SEARCHES

  
 CHARMM>     
  
 CHARMM>        coor dist cut 4.5 sele target end -
 CHARMM>                          sele ( .not. target ) .and. .not. hydrogen end
 SELRPN>      2 atoms have been selected out of   7970
 SELRPN>   3260 atoms have been selected out of   7970

            DISTANCES FOR SELECTED ATOMS
 TOTAL EXCLUSION COUNT =         0
 TOTAL 1-4 EXCLUSIONS  =         0
 TOTAL NON-EXCLUSIONS  =         0
  
 CHARMM>     
  
 CHARMM>        if ?npair .gt. 0 then
 RDCMND substituted energy or value "?NPAIR" to "0"
 Comparing "0" and "0".
 IF test evaluated as false.  Skip to ELSE or ENDIF
  
 CHARMM>     
  
 CHARMM>    increase i by 1
 Parameter: I <- "9"
  
 CHARMM>    if i .le. @nion goto doinit
 Parameter: NION -> "8"
 Comparing "9" and "8".
 IF test evaluated as false.  Skipping command
  
 CHARMM>     
  
 CHARMM>    !
 CHARMM>    !Images & Energy Setup
 CHARMM>    !
 CHARMM>    cons fix sele none end
 SELRPN>      0 atoms have been selected out of   7970
  
 CHARMM>     
  
 CHARMM>    COOR CONVERT ALIGNED SYMMETRIC @A @B @C @alpha @beta @gamma
 Parameter: A -> "76"
 Parameter: B -> "75"
 Parameter: C -> "76"
 Parameter: ALPHA -> "90.0"
 Parameter: BETA -> "90.0"
 Parameter: GAMMA -> "90.0"
  
 CHARMM>     
  
 CHARMM>    open read unit 10 card name crystal_image.str
 OPNLGU> Unit already open. The old file will be closed first.
 VCLOSE: Closing unit   10 with status "KEEP"
 VOPEN> Attempting to open::crystal_image.str::
 OPNLGU> Unit 10 opened for READONLY access to crystal_image.str
  
 CHARMM>    CRYSTAL DEFINE @XTLtype @A @B @C @alpha @beta @gamma
 Parameter: XTLTYPE -> "ORTHORHOMBIC"
 Parameter: A -> "76"
 Parameter: B -> "75"
 Parameter: C -> "76"
 Parameter: ALPHA -> "90.0"
 Parameter: BETA -> "90.0"
 Parameter: GAMMA -> "90.0"
 Crystal Parameters : Crystal Type = ORTH
           A     =   76.00000 B    =   75.00000 C     =   76.00000
           Alpha =   90.00000 Beta =   90.00000 Gamma =   90.00000
  
 CHARMM>    CRYSTAL READ UNIT 10 CARD
 CRYSTAL FILE BEING READ FROM UNIT    10
 TITLE> * GENERATED BY CHARMM-GUI (HTTP://WWW.CHARMM-GUI.ORG) V1.8 ON APR, 26. 2017. JOBID=1493217679
 TITLE> * STREAM FILE FOR CRYSTAL SYMMETRY OPERATION
 TITLE> *
 TITLE>  * GENERATED BY CHARMM-GUI (HTTP://WWW.CHARMM-GUI.ORG) V1.8 ON APR, 26. 2017. JOB
 TITLE>  * STREAM FILE FOR CRYSTAL SYMMETRY OPERATION
 TITLE>  *
                     THERE ARE NO ROTATIONS FOR THIS TRANSFORMATION SET
    26 Transformations have been processed.

  
 CHARMM>     
  
 CHARMM>    !CRYSTAL DEFINE @XTLtype @A @B @C @alpha @beta @gamma
 CHARMM>    !crystal build noper 0 cutoff 16.0
 CHARMM>     
  
 CHARMM>     
  
 CHARMM>    !Image centering by residue
 CHARMM>    IMAGE BYATOM XCEN @xcen YCEN @ycen ZCEN @zcen sele resname SOD .or. resname CLA end
 Parameter: XCEN -> "0"
 Parameter: YCEN -> "0"
 Parameter: ZCEN -> "0"
 SELRPN>     20 atoms have been selected out of   7970
 IMAGE CENTERING ON FOR SOME ATOMS
  
 CHARMM>     
  
 CHARMM>    !Note eps=80, truncation at 20 Angstrom
 CHARMM>    nbonds atom switch vatom vswitch -
 CHARMM>           ctonnb 20.0 ctofnb 20.0 cutnb 21.0 cutim 21.0 -
 CHARMM>           inbfrq -1 imgfrq -1 wmin 1.0 cdie eps 80.0

 SELECTED IMAGES ATOMS BEING CENTERED ABOUT  0.000000  0.000000  0.000000

 <MKIMAT2>: updating the image atom lists and remapping
 Transformation   Atoms  Groups  Residues  Min-Distance
    1  C001 has       0       0       0       41.92
    2  C002 has       0       0       0       15.92
    3  C003 has       0       0       0       47.63
    4  C004 has       0       0       0       22.19
    5  C005 has       9       1       1       14.67
    6  C006 has       0       0       0       26.32
    7  C007 has       0       0       0       28.15
    8  C008 has       4       2       2        6.20
    9  C009 has       0       0       0       31.69
   10  C010 has     242      26      12        8.67
   12  C012 has       0       0       0       40.56
   13  C013 has       0       0       0       32.36
   14  C014 has       0       0       0       44.24
 Total of 8225 atoms and  896 groups and  314 residues were included

 <MAKGRP> found      0 image group exclusions.

 NONBOND OPTION FLAGS: 
     ELEC     VDW      ATOMs    CDIElec  SWITch   VATOm    VSWItch 
     BYGRoup  NOEXtnd  NOEWald 
 CUTNB  = 21.000 CTEXNB =999.000 CTONNB = 20.000 CTOFNB = 20.000
 CGONNB =  0.000 CGOFNB = 10.000
 WMIN   =  1.000 WRNMXD =  0.500 E14FAC =  1.000 EPS    = 80.000
 NBXMOD =      5
 There are  1362695 atom  pairs and    83361 atom  exclusions.
 There are        0 group pairs and     1883 group exclusions.
 GTNBCT> CUTNB,CTOFNB,CTONNB=      21.0      20.0      20.0

      ***** LEVEL  1 WARNING FROM <GTNBCT> *****
      ***** CUTNB,CTOFNB,CTONNB are not in correct order.
      ******************************************
      BOMLEV (  0) IS NOT REACHED. WRNLEV IS  5

 Generating nonbond list with Exclusion mode = 5
 == PRIMARY == SPACE FOR  7729400 ATOM PAIRS AND        0 GROUP PAIRS
 == PRIMARY == SPACE FOR 11594120 ATOM PAIRS AND        0 GROUP PAIRS
 == PRIMARY == SPACE FOR 17391200 ATOM PAIRS AND        0 GROUP PAIRS

 General atom nonbond list generation found:
 12147590 ATOM PAIRS WERE FOUND FOR ATOM LIST
       10 SPECIFIC THOLE SHIELDING PAIRS FOUND 
    83845 GROUP PAIRS REQUIRED ATOM SEARCHES

 SPACE FOR   419148 ATOM PAIRS AND        0 GROUP PAIRS

 Image nonbond list generation found:
      227 ATOM PAIRS WERE FOUND FOR ATOM LIST
        0 ATOM PAIRS WERE FOUND FOR ATOM SELF LIST
       19 GROUP PAIRS REQUIRED ATOM SEARCHES

  
 CHARMM>     
  
 CHARMM>    cons fix sele .not. ( segid SOD .or. segi CLA ) end
 SELRPN>   7954 atoms have been selected out of   7970
  
 CHARMM>     
  
 CHARMM>    ENERGY

 SELECTED IMAGES ATOMS BEING CENTERED ABOUT  0.000000  0.000000  0.000000

 <MKIMAT2>: updating the image atom lists and remapping
 Transformation   Atoms  Groups  Residues  Min-Distance
    1  C001 has       0       0       0       41.92
    2  C002 has       0       0       0       15.92
    3  C003 has       0       0       0       47.63
    4  C004 has       0       0       0       22.19
    5  C005 has       0       0       0       14.67
    6  C006 has       0       0       0       26.32
    7  C007 has       0       0       0       28.15
    8  C008 has       4       2       2        6.20
    9  C009 has       0       0       0       31.69
   10  C010 has     242      26      12        8.67
   12  C012 has       0       0       0       40.56
   13  C013 has       0       0       0       32.36
   14  C014 has       0       0       0       44.24
 Total of 8216 atoms and  895 groups and  313 residues were included

 <MAKGRP> found      0 image group exclusions.

 NONBOND OPTION FLAGS: 
     ELEC     VDW      ATOMs    CDIElec  SWITch   VATOm    VSWItch 
     BYGRoup  NOEXtnd  NOEWald 
 CUTNB  = 21.000 CTEXNB =999.000 CTONNB = 20.000 CTOFNB = 20.000
 CGONNB =  0.000 CGOFNB = 10.000
 WMIN   =  1.000 WRNMXD =  0.500 E14FAC =  1.000 EPS    = 80.000
 NBXMOD =      5
 There are 12147590 atom  pairs and    83361 atom  exclusions.
 There are        0 group pairs and     1883 group exclusions.
 GTNBCT> CUTNB,CTOFNB,CTONNB=      21.0      20.0      20.0

      ***** LEVEL  1 WARNING FROM <GTNBCT> *****
      ***** CUTNB,CTOFNB,CTONNB are not in correct order.
      ******************************************
      BOMLEV (  0) IS NOT REACHED. WRNLEV IS  5

 Generating nonbond list with Exclusion mode = 5
 == PRIMARY == SPACE FOR 17391200 ATOM PAIRS AND        0 GROUP PAIRS

 General atom nonbond list generation found:
  2541069 ATOM PAIRS WERE FOUND FOR ATOM LIST
    67686 GROUP PAIRS REQUIRED ATOM SEARCHES

 SPACE FOR   419148 ATOM PAIRS AND        0 GROUP PAIRS

 Image nonbond list generation found:
      222 ATOM PAIRS WERE FOUND FOR ATOM LIST
        0 ATOM PAIRS WERE FOUND FOR ATOM SELF LIST
       17 GROUP PAIRS REQUIRED ATOM SEARCHES

ENER ENR:  Eval#     ENERgy      Delta-E         GRMS
ENER EXTERN:        VDWaals         ELEC       HBONds          ASP         USER
ENER IMAGES:        IMNBvdw       IMELec       IMHBnd       RXNField    EXTElec
 ----------       ---------    ---------    ---------    ---------    ---------
ENER>        0  -3714.77920      0.00000      0.06120
ENER EXTERN>        3.95293  -3719.20504      0.00000      0.00000      0.00000
ENER IMAGES>       -0.00124      0.47414      0.00000      0.00000      0.00000
 ----------       ---------    ---------    ---------    ---------    ---------
  
 CHARMM>    COOR CONVERT SYMMETRIC ALIGNED @A @B @C @alpha @beta @gamma
 Parameter: A -> "76"
 Parameter: B -> "75"
 Parameter: C -> "76"
 Parameter: ALPHA -> "90.0"
 Parameter: BETA -> "90.0"
 Parameter: GAMMA -> "90.0"
  
 CHARMM>    CRYSTAL FREE
  
 CHARMM>     
  
 CHARMM>    open write unit 10 card name step4.2_ions.pdb
 OPNLGU> Unit already open. The old file will be closed first.
 VCLOSE: Closing unit   10 with status "KEEP"
 VOPEN> Attempting to open::step4.2_ions.pdb::
 OPNLGU> Unit 10 opened for WRITE access to step4.2_ions.pdb
  
 CHARMM>    write coor unit 10 pdb
 RDTITL> CLOSE UNIT 10
 RDTITL> No title read.
  Write CHARMM-pdb format
  
 CHARMM>    close unit 10
 VCLOSE: Closing unit   10 with status "KEEP"
  
 CHARMM>     
  
 CHARMM>    delete atom sele .not. ( segid SOD .or. segid CLA ) end
 SELRPN>   7954 atoms have been selected out of   7970

 Message from MAPIC: Atom numbers are changed.
 LONEPRD:  889 lonepair atoms deleted
         447  anisotropic terms deleted

 Message from MAPIC:        291 residues deleted.

 Message from MAPIC:          4 segments deleted.
 DELTIC:      8014 bonds deleted
 DELTIC:      8610 angles deleted
 DELTIC:     12650 dihedrals deleted
 DELTIC:       691 improper dihedrals deleted
 DELTIC:       284 crossterm maps deleted
 DELTIC:       524 donors deleted
 DELTIC:       429 acceptors deleted
 PSFSUM> PSF modified: NONBOND lists and IMAGE atoms cleared.
 PSFSUM> Summary of the structure file counters :
         Number of segments      =        1   Number of residues   =        8
         Number of atoms         =       16   Number of groups     =        8
         Number of bonds         =        8   Number of angles     =        0
         Number of dihedrals     =        0   Number of impropers  =        0
         Number of cross-terms   =        0
         Number of HB acceptors  =        0   Number of HB donors  =        0
         Number of NB exclusions =        0   Total charge =   -8.00000
         Number of Drudes        =        8
         Number of true-bonds    =        8   Number of zero-bonds =        0
         Number of aniso. terms  =        0   Number of lone-pairs =        0
  
 CHARMM>     
  
 CHARMM>    open write unit 10 card name step4.2_ions.crd
 VOPEN> Attempting to open::step4.2_ions.crd::
 OPNLGU> Unit 10 opened for WRITE access to step4.2_ions.crd
  
 CHARMM>    write coor unit 10 card
 RDTITL> CLOSE UNIT 10
 RDTITL> No title read.
 VCLOSE: Closing unit   10 with status "KEEP"
  
 CHARMM>    close unit 10
 CLOLGU>  *****  WARNING  ***** Attempt to close unit that was not open.
  
 CHARMM>     
  
 CHARMM>    label continue
  
 CHARMM>     
  
 CHARMM>    open write unit 10 card name step4.2_ions.prm
 VOPEN> Attempting to open::step4.2_ions.prm::
 OPNLGU> Unit 10 opened for WRITE access to step4.2_ions.prm
  
 CHARMM>    write title unit 10
 RDTITL> * SET NPOS = 0
 RDTITL> * SET NNEG = 8
 RDTITL> * SET POSID = SOD
 RDTITL> * SET NEGID = CLA
 RDTITL> *
  
 CHARMM>     
  
 CHARMM>    open write unit 10 card name step4.2_ions.str
 OPNLGU> Unit already open. The old file will be closed first.
 VCLOSE: Closing unit   10 with status "KEEP"
 VOPEN> Attempting to open::step4.2_ions.str::
 OPNLGU> Unit 10 opened for WRITE access to step4.2_ions.str
  
 CHARMM>    write title unit 10
 RDTITL> * READ SEQUENCE SOD 0
 RDTITL> * GENERATE SOD WARN
 RDTITL> * READ SEQUENCE CLA 8
 RDTITL> * GENERATE CLA WARN
 RDTITL> *
  
 CHARMM>     
  
 CHARMM>    stop
 VCLOSE: Closing unit   10 with status "KEEP"

      $$$$$$  New timer profile Local node$$$$$

   Shake time                      0.00 Other:            0.00
   List time                       0.19 Other:            0.00
         Electrostatic & VDW             0.23 Other:            0.00
      Nonbond force                   0.23 Other:            0.01
         Bond energy                     0.00 Other:            0.00
         Angle energy                    0.00 Other:            0.00
         Dihedral energy                 0.00 Other:            0.00
         Restraints energy               0.00 Other:            0.00
      INTRNL energy                   0.00 Other:            0.00
      Comm energy                     0.00 Other:            0.00
      Comm force                      0.00 Other:            0.00
   Energy time                     0.23 Other:            0.00
 Total time                      4.48 Other:            4.06

         $$$$$$  Average   profile $$$$$

   Shake time                      0.00 Other:            0.00
   List time                       0.19 Other:            0.00
         Electrostatic & VDW             0.23 Other:            0.00
      Nonbond force                   0.23 Other:            0.01
         Bond energy                     0.00 Other:            0.00
         Angle energy                    0.00 Other:            0.00
         Dihedral energy                 0.00 Other:            0.00
         Restraints energy               0.00 Other:            0.00
      INTRNL energy                   0.00 Other:            0.00
      Comm energy                     0.00 Other:            0.00
      Comm force                      0.00 Other:            0.00
   Energy time                     0.23 Other:            0.00
 Total time                      4.48 Other:            4.06

                    NORMAL TERMINATION BY NORMAL STOP
                    MOST SEVERE WARNING WAS AT LEVEL  1

                    $$$$$ JOB ACCOUNTING INFORMATION $$$$$
                     ELAPSED TIME:     4.49  SECONDS 
                         CPU TIME:     4.36  SECONDS 
