1
                 Chemistry at HARvard Macromolecular Mechanics
           (CHARMM) - Developmental Version 41b1     August 15, 2016            
       Copyright(c) 1984-2014  President and Fellows of Harvard College
                              All Rights Reserved
           Current operating system: Linux-3.2.0-2-amd64(x86_64)@n112           
                 Created on  4/26/19 at 15:35:12 by user: fylin       

            Maximum number of ATOMS:    360720, and RESidues:      120240
 RDTITL> * GENERATED BY CHARMM-GUI (HTTP://WWW.CHARMM-GUI.ORG) V1.8 ON APR, 20. 2017. JOBID=1492717725
 RDTITL> * SETUP PERIODIC BOUNDARY CONDITION
 RDTITL> *
  
 CHARMM>     
  
 CHARMM>    DIMENS CHSIZE 3000000 MAXRES 3000000
Size      Original         New
MAXA        360720     3000000
MAXB        360720     3000000
MAXT        721440     6000000
MAXP       1082160     9000000
MAXIMP      180360     1500000
MAXNB        90180      750000
MAXPAD      360720     3000000
MAXRES      120240     3000000
MAXSEG       45090      375000
MAXATC        1400
MAXCB         3000
MAXCT        11000
MAXCP        20000
MAXCI         1200
MAXCH         6400
MAXCN       502503
MAXCRT      120240     1000000
  
 CHARMM>     
  
 CHARMM>    ! Read topology and parameter files
 CHARMM>    stream toppar.str
 VOPEN> Attempting to open::toppar.str::
 OPNLGU> Unit 99 opened for READONLY access to toppar.str

                    INPUT STREAM SWITCHING TO UNIT    99
 RDTITL> SET TOPPAR  ../TOPPAR_2013F
 RDTITL> No title read.

      ***** LEVEL  1 WARNING FROM <RDTITL> *****
      ***** Title expected.
      ******************************************
      BOMLEV (  0) IS NOT REACHED. WRNLEV IS  5

 Parameter: IN1 <- "" <empty>
  
 CHARMM>    set toppar  ../toppar_2013f
 Parameter: TOPPAR <- "../TOPPAR_2013F"
  
 CHARMM>    stream @toppar/toppar_drude_master_protein_2013f.str
 Parameter: TOPPAR -> "../TOPPAR_2013F"
 VOPEN> Attempting to open::../toppar_2013f/toppar_drude_master_protein_2013f.str::
 OPNLGU> Unit 98 opened for READONLY access to ../toppar_2013f/toppar_drude_master_protein_2013f.str

                    INPUT STREAM SWITCHING TO UNIT    98
 RDTITL> * DRUDE MASTER TOPOLOGY AND PARAMETER STREAM FILE
 RDTITL> * INCLUDES WATER, IONS AND 2013 PROTEIN FF RELEASE
 RDTITL> * IONS UPDATED, JUNE 2018
 RDTITL> * NUCLEIC ACID/CARBOHYDRATE/LIPID UPDATE JANUARY 2017
 RDTITL> * JUNE 2018
 RDTITL> *
 Parameter: IN1 <- "" <empty>
  
 CHARMM>     
  
 CHARMM>    ioformat extended
 MISCOM> Expanded I/O format is used.
  
 CHARMM>     
  
 CHARMM>    !This file must be streamed prior to additional Drude FF toppar stream files
 CHARMM>    !and it includes parameters for the model compounds (toppar_drude_model*.str)
 CHARMM>     
  
 CHARMM>    !references
 CHARMM>    !
 CHARMM>    !Proteins
 CHARMM>    !Lopes, P.E.M., Huang, J., Shim, J., Luo, Y., Li, H., Roux, B., and
 CHARMM>    !MacKerell, A.D., Jr., "Polarizable Force Field for Peptides and
 CHARMM>    !Proteins based on the Classical Drude Oscillator," Journal of
 CHARMM>    !Chemical Theory and Computation, 9: 5430-5449, 2013 DOI:
 CHARMM>    !10.1021/ct400781b, NIHMS53671
 CHARMM>    !
 CHARMM>    !water
 CHARMM>    !SWM4-NDP, negative Drude (this will be the default model): Lamoureux,
 CHARMM>    !G., Harder, E., Vorobyov, I.V., Deng, Y., Roux, B. MacKerell, A.D.,
 CHARMM>    !Jr., A polarizable model of water for molecular dynamics simulations
 CHARMM>    !of biomolecules, Chemical Physics Letters, 2006, 418: 245-249.
 CHARMM>    !
 CHARMM>    !SWM6: Wenbo Yu, Pedro E. M. Lopes, Benoit Roux and Alexander
 CHARMM>    !D. MacKerell, Jr.  "Six-site Polarizable Model of Water Based on the
 CHARMM>    !Classical Drude Oscillator" Journal of Chemical Physics, 138: 034508,
 CHARMM>    !2013
 CHARMM>     
  
 CHARMM>    !atomic ions
 CHARMM>    !Yu, H., Whitfield, T.W., Harder, E., Lamoureux, G., Vorobyov, I.,
 CHARMM>    !Anisimov, V. M., MacKerell, A.D., Jr., and Roux, B. "Simulating
 CHARMM>    !Monovalent and Divalent Ions in Aqueous Solution Using a Drude
 CHARMM>    !Polarizable Force Field," Journal of Chemical Theory and Computation,
 CHARMM>    !6: 774-786, 2010
 CHARMM>    !
 CHARMM>    !Luo, Y., Jiang, W., Yu, H., MacKerell, A.D., Jr., and Roux, B.,
 CHARMM>    !"Simulation study of ion pairing in concentrated aqueous salt
 CHARMM>    !solutions with a polarizable force field," Faraday Discussions, 160,
 CHARMM>    !135-149, 2013, PMC3695446
 CHARMM>    !
 CHARMM>    !Lemkul, J.A. and MacKerell, A.D., Jr. "Balancing the Interactions of
 CHARMM>    !Mg2+ in Aqueous Solution and with Nucleic Acid Moieties For a Polarizable
 CHARMM>    !Force Field Based on the Classical Drude Oscillator Model," J. Phys. Chem B,
 CHARMM>    !120, 11436-11448, 2016, PMC5148688
 CHARMM>     
  
 CHARMM>    ! note use of D for second character to indicate Drude
 CHARMM>    ! polarizable FF (be careful of Cadmium: use CDM)
 CHARMM>     
  
 CHARMM>    ! Parameter labeling after !
 CHARMM>    ! RESName, generic compound name of model compound followed by additional comments
 CHARMM>    ! for example ! BENZ, benzene, based on crystal survey data
 CHARMM>     
  
 CHARMM>    !Formatting information
 CHARMM>    !RTF section: please use the following format for future residues, including the spacing
 CHARMM>    !(and please clean a few up of the residues not in this format if you so desire....)
 CHARMM>     
  
 CHARMM>    !RESI ALA           0.000
 CHARMM>    !ATOM N    ND2A2   -0.427  ALPHA -1.056  THOLE 0.711
 CHARMM>    !BOND A1     A2     A3     A4     A5     A6     A7     A8
 CHARMM>    !IMPR A1     A2     A3     A4
 CHARMM>    !CMAP A1     A2     A3     A4     A1     A2     A3     A4
 CHARMM>    !LONEPAIR relative A1       A2       A3      A4       distance 0.30 angle 91.00 dihe 180.00
 CHARMM>    !ANISOTROPY        A1       A2       A3      A4       A11 0.6968  A22 1.2194
 CHARMM>    !IC A1     A2     A3     A4       1.3474  124.31  180.00  114.26   0.9979
 CHARMM>     
  
 CHARMM>    !parameter section
 CHARMM>    !bond
 CHARMM>    !CD32E    OD30A    360.00      1.415 ! comment
 CHARMM>    !angles
 CHARMM>    !HDA1A    CD31A    CD31A     34.50    110.10 ! comment
 CHARMM>    !HDA1A    CD31A    CD31A     34.50    110.10   22.53   2.1790 ! comment
 CHARMM>    !dihedrals
 CHARMM>    !CD2O1A   ND2A2    CD31C    CD2O2A      0.000   3   180.00 ! comment
 CHARMM>    !impropers
 CHARMM>    !CD2O1A   CD31A    ND2A2    OD2C1A    120.000   0     0.00 ! comment
 CHARMM>    !nonbond (LJ)
 CHARMM>    !HDW      0.0   -0.0000     0.0000 ! comment
 CHARMM>    !nbfix
 CHARMM>    !CD30A   ODW    -0.00500	 4.04699 ! comment
 CHARMM>     
  
 CHARMM>    !ioformat extended
 CHARMM>     
  
 CHARMM>    read rtf card !append
 MAINIO> Residue topology file being read from unit  98.
 RDTITL> * TOPOLOGY FOR DRUDE WATER, IONS AND PROTEINS
 RDTITL> *

 DRUDES PARTICLES WILL BE GENERATED AUTOMATICALLY FOR ALL ATOMS WITH NON-ZERO ALPHA
 Thole-type dipole screening, Slater-Delta shape {S(u) = 1 - (1+u/2)*exp(-u)}, default radius =  1.300000
  
 CHARMM>     
  
 CHARMM>    read para card !append

          PARAMETER FILE BEING READ FROM UNIT 98
 RDTITL> * DRUDE POLARIZABLE FF PARAMETERS
 RDTITL> *

 PARRDR> WARNING: wild card for drude X       
  249    1  152  HDP1A     DRUD      500.0000    0.0000     11477
  250    2  152  HDP1B     DRUD      500.0000    0.0000     11478
  251    3  152  HDP1C     DRUD      500.0000    0.0000     11479
  252    4  152  HDA1A     DRUD      500.0000    0.0000     11480
  253    5  152  HDA1C     DRUD      500.0000    0.0000     11481
  254    6  152  HDA1R5    DRUD      500.0000    0.0000     11482
  255    7  152  HDA2A     DRUD      500.0000    0.0000     11483
  256    8  152  HDA2C     DRUD      500.0000    0.0000     11484
  257    9  152  HDA2E     DRUD      500.0000    0.0000     11485
  258   10  152  HDA2R5    DRUD      500.0000    0.0000     11486
  259   11  152  HDA3A     DRUD      500.0000    0.0000     11487
  260   12  152  HDA3B     DRUD      500.0000    0.0000     11488
  261   13  152  HDA3C     DRUD      500.0000    0.0000     11489
  262   14  152  HDR5A     DRUD      500.0000    0.0000     11490
  263   15  152  HDR5B     DRUD      500.0000    0.0000     11491
  264   16  152  HDR5C     DRUD      500.0000    0.0000     11492
  265   17  152  HDR5D     DRUD      500.0000    0.0000     11493
  266   18  152  HDR5E     DRUD      500.0000    0.0000     11494
  267   19  152  HDR6A     DRUD      500.0000    0.0000     11495
  268   20  152  HDR6B     DRUD      500.0000    0.0000     11496
  269   21  152  HDR6C     DRUD      500.0000    0.0000     11497
  270   22  152  HD2C1A    DRUD      500.0000    0.0000     11498
  271   23  152  HDW       DRUD      500.0000    0.0000     11499
  272   24  152  CD2C1A    DRUD      500.0000    0.0000     11500
  273   25  152  CD2O1A    DRUD      500.0000    0.0000     11501
  274   26  152  CD2O1C    DRUD      500.0000    0.0000     11502
  275   27  152  CD2O1D    DRUD      500.0000    0.0000     11503
  276   28  152  CD2O2A    DRUD      500.0000    0.0000     11504
  277   29  152  CD2O3A    DRUD      500.0000    0.0000     11505
  278   30  152  CD2O3B    DRUD      500.0000    0.0000     11506
  279   31  152  CD2O4A    DRUD      500.0000    0.0000     11507
  280   32  152  CD2N1A    DRUD      500.0000    0.0000     11508
  281   33  152  CD2R5A    DRUD      500.0000    0.0000     11509
  282   34  152  CD2R5B    DRUD      500.0000    0.0000     11510
  283   35  152  CD2R5C    DRUD      500.0000    0.0000     11511
  284   36  152  CD2R5D    DRUD      500.0000    0.0000     11512
  285   37  152  CD2R5E    DRUD      500.0000    0.0000     11513
  286   38  152  CD2R5F    DRUD      500.0000    0.0000     11514
  287   39  152  CD2R6A    DRUD      500.0000    0.0000     11515
  288   40  152  CD2R6B    DRUD      500.0000    0.0000     11516
  289   41  152  CD2R6C    DRUD      500.0000    0.0000     11517
  290   42  152  CD2R6D    DRUD      500.0000    0.0000     11518
  291   43  152  CD2R6F    DRUD      500.0000    0.0000     11519
  292   44  152  CD2R6H    DRUD      500.0000    0.0000     11520
  293   45  152  CD2R6J    DRUD      500.0000    0.0000     11521
  294   46  152  CD2R6I    DRUD      500.0000    0.0000     11522
  295   47  152  CD30A     DRUD      500.0000    0.0000     11523
  296   48  152  CD30FA    DRUD      500.0000    0.0000     11524
  297   49  152  CD31A     DRUD      500.0000    0.0000     11525
  298   50  152  CD31C     DRUD      500.0000    0.0000     11526
  299   51  152  CD31FA    DRUD      500.0000    0.0000     11527
  300   52  152  CD31FB    DRUD      500.0000    0.0000     11528
  301   53  152  CD31FC    DRUD      500.0000    0.0000     11529
  302   54  152  CD31G     DRUD      500.0000    0.0000     11530
  303   55  152  CD315A    DRUD      500.0000    0.0000     11531
  304   56  152  CD315B    DRUD      500.0000    0.0000     11532
  305   57  152  CD316A    DRUD      500.0000    0.0000     11533
  306   58  152  CD31HA    DRUD      500.0000    0.0000     11534
  307   59  152  CD31HB    DRUD      500.0000    0.0000     11535
  308   60  152  CD31HC    DRUD      500.0000    0.0000     11536
  309   61  152  CD32A     DRUD      500.0000    0.0000     11537
  310   62  152  CD32B     DRUD      500.0000    0.0000     11538
  311   63  152  CD32C     DRUD      500.0000    0.0000     11539
  312   64  152  CD32E     DRUD      500.0000    0.0000     11540
  313   65  152  CD32F     DRUD      500.0000    0.0000     11541
  314   66  152  CD325A    DRUD      500.0000    0.0000     11542
  315   67  152  CD325B    DRUD      500.0000    0.0000     11543
  316   68  152  CD326A    DRUD      500.0000    0.0000     11544
  317   69  152  CD326B    DRUD      500.0000    0.0000     11545
  318   70  152  CD33A     DRUD      500.0000    0.0000     11546
  319   71  152  CD33B     DRUD      500.0000    0.0000     11547
  320   72  152  CD33C     DRUD      500.0000    0.0000     11548
  321   73  152  CD33D     DRUD      500.0000    0.0000     11549
  322   74  152  CD33E     DRUD      500.0000    0.0000     11550
  323   75  152  ND2A1     DRUD      500.0000    0.0000     11551
  324   76  152  ND2A2     DRUD      500.0000    0.0000     11552
  325   77  152  ND2A3     DRUD      500.0000    0.0000     11553
  326   78  152  ND2B1     DRUD      500.0000    0.0000     11554
  327   79  152  ND2R5A    DRUD      500.0000    0.0000     11555
  328   80  152  ND2R5B    DRUD      500.0000    0.0000     11556
  329   81  152  ND2R5C    DRUD      500.0000    0.0000     11557
  330   82  152  ND2R5D    DRUD      500.0000    0.0000     11558
  331   83  152  ND2R5E    DRUD      500.0000    0.0000     11559
  332   84  152  ND2R5F    DRUD      500.0000    0.0000     11560
  333   85  152  ND2R6A    DRUD      500.0000    0.0000     11561
  334   86  152  ND2R6B    DRUD      500.0000    0.0000     11562
  335   87  152  ND2R6C    DRUD      500.0000    0.0000     11563
  336   88  152  ND2R6D    DRUD      500.0000    0.0000     11564
  337   89  152  ND2P1A    DRUD      500.0000    0.0000     11565
  338   90  152  ND3P2A    DRUD      500.0000    0.0000     11566
  339   91  152  ND3P3A    DRUD      500.0000    0.0000     11567
  340   92  152  ND3A2     DRUD      500.0000    0.0000     11568
  341   93  152  ND3A3     DRUD      500.0000    0.0000     11569
  342   94  152  OD2C1A    DRUD      500.0000    0.0000     11570
  343   95  152  OD2C1B    DRUD      500.0000    0.0000     11571
  344   96  152  OD2C1C    DRUD      500.0000    0.0000     11572
  345   97  152  OD2C1D    DRUD      500.0000    0.0000     11573
  346   98  152  OD2C2A    DRUD      500.0000    0.0000     11574
  347   99  152  OD2C2B    DRUD      500.0000    0.0000     11575
  348  100  152  OD2C2C    DRUD      500.0000    0.0000     11576
  349  101  152  OD2C3A    DRUD      500.0000    0.0000     11577
  350  102  152  OD2C3B    DRUD      500.0000    0.0000     11578
  351  103  152  OD30A     DRUD      500.0000    0.0000     11579
  352  104  152  OD30B     DRUD      500.0000    0.0000     11580
  353  105  152  OD30BN    DRUD      500.0000    0.0000     11581
  354  106  152  OD30BR    DRUD      500.0000    0.0000     11582
  355  107  152  OD30C     DRUD      500.0000    0.0000     11583
  356  108  152  OD30D     DRUD      500.0000    0.0000     11584
  357  109  152  OD30E     DRUD      500.0000    0.0000     11585
  358  110  152  OD30CL    DRUD      500.0000    0.0000     11586
  359  111  152  OD305A    DRUD      500.0000    0.0000     11587
  360  112  152  OD306A    DRUD      500.0000    0.0000     11588
  361  113  152  OD31A     DRUD      500.0000    0.0000     11589
  362  114  152  OD31B     DRUD      500.0000    0.0000     11590
  363  115  152  OD31C     DRUD      500.0000    0.0000     11591
  364  116  152  OD31D     DRUD      500.0000    0.0000     11592
  365  117  152  OD31E     DRUD      500.0000    0.0000     11593
  366  118  152  OD31F     DRUD      500.0000    0.0000     11594
  367  119  152  OD31G     DRUD      500.0000    0.0000     11595
  368  120  152  ODW       DRUD      500.0000    0.0000     11596
  369  121  152  ODW6      DRUD      500.0000    0.0000     11597
  370  122  152  PD1A      DRUD      500.0000    0.0000     11598
  371  123  152  PD1AN     DRUD      500.0000    0.0000     11599
  372  124  152  SD31A     DRUD      500.0000    0.0000     11600
  373  125  152  SD31B     DRUD      500.0000    0.0000     11601
  374  126  152  SD30A     DRUD      500.0000    0.0000     11602
  375  127  152  SD30B     DRUD      500.0000    0.0000     11603
  376  128  152  SD2C2A    DRUD      500.0000    0.0000     11604
  377  129  152  SD2C2B    DRUD      500.0000    0.0000     11605
  378  130  152  LID       DRUD      500.0000    0.0000     11606
  379  131  152  POTD      DRUD      500.0000    0.0000     11607
  380  132  152  SODD      DRUD      500.0000    0.0000     11608
  381  133  152  RBD       DRUD      500.0000    0.0000     11609
  382  134  152  CSD       DRUD      500.0000    0.0000     11610
  383  135  152  FAD       DRUD      500.0000    0.0000     11611
  384  136  152  CLAD      DRUD      500.0000    0.0000     11612
  385  137  152  BRAD      DRUD      500.0000    0.0000     11613
  386  138  152  IAD       DRUD      500.0000    0.0000     11614
  387  139  152  BAD       DRUD      500.0000    0.0000     11615
  388  140  152  CALD      DRUD      500.0000    0.0000     11616
  389  141  152  MAGD      DRUD      500.0000    0.0000     11617
  390  142  152  SRD       DRUD      500.0000    0.0000     11618
  391  143  152  ZND       DRUD      500.0000    0.0000     11619
  392  144  152  LPD       DRUD      500.0000    0.0000     11620
  393  145  152  LPDW      DRUD      500.0000    0.0000     11621
  394  146  152  LPDO1     DRUD      500.0000    0.0000     11622
  395  147  152  LPDNA1    DRUD      500.0000    0.0000     11623
  396  148  152  LPR       DRUD      500.0000    0.0000     11624
  397  149  152  XED       DRUD      500.0000    0.0000     11625
  398  150  152  NED       DRUD      500.0000    0.0000     11626
  399  151  152  DUM       DRUD      500.0000    0.0000     11627
  400  152  152  DRUD      DRUD      500.0000    0.0000     11628
  401  153  152  DOH2      DRUD      500.0000    0.0000     11780
  402  154  152  FDA1      DRUD      500.0000    0.0000     11933
  403  155  152  FDA3      DRUD      500.0000    0.0000     12087
  404  156  152  FDR1      DRUD      500.0000    0.0000     12242
  405  157  152  CLDA1     DRUD      500.0000    0.0000     12398
  406  158  152  CLDA3     DRUD      500.0000    0.0000     12555
  407  159  152  CLDR1     DRUD      500.0000    0.0000     12713
  408  160  152  BRDA1     DRUD      500.0000    0.0000     12872
  409  161  152  BRDR1     DRUD      500.0000    0.0000     13032
  410  162  152  IDA1      DRUD      500.0000    0.0000     13193
  411  163  152  IDR1      DRUD      500.0000    0.0000     13355
  412  164  152  DF2       DRUD      500.0000    0.0000     13518
  413  165  152  DCL2      DRUD      500.0000    0.0000     13682
  414  166  152  DCL3      DRUD      500.0000    0.0000     13847
  415  167  152  DBR2      DRUD      500.0000    0.0000     14013
  416  168  152  DI2       DRUD      500.0000    0.0000     14180

 PARRDR> WARNING: ATOMS IN BOND X        DRUD      500.00000   0.00000 DONT EXIST
      THOLE CUTOFF    5.000
      MAXNBTHOLE  -5000
 Pair-specific Thole:            1 ODW     BAD        1.4586900000000000              120         139
 Pair-specific Thole:            2 ODW     CALD       1.5087699999999999              120         140
 Pair-specific Thole:            3 ODW     MAGD       1.5156700000000001              120         141
 Pair-specific Thole:            4 ODW     SRD        1.2379199999999999              120         142
 Pair-specific Thole:            5 ODW     ZND        2.1477300000000001              120         143
 Pair-specific Thole:            6 SODD    OD2C1A     1.0400000000000000              132          94
 Pair-specific Thole:            7 SODD    OD2C2A    0.42999999999999999              132          98
 Pair-specific Thole:            8 SODD    OD31A      1.8200000000000001              132         113
 Pair-specific Thole:            9 SODD    OD31B      1.8200000000000001              132         114
 Pair-specific Thole:           10 SODD    OD31C      1.8200000000000001              132         115
 Pair-specific Thole:           11 SODD    OD31E      1.8200000000000001              132         117
 Pair-specific Thole:           12 SODD    OD31F      1.8200000000000001              132         118
 Pair-specific Thole:           13 SODD    OD31G      1.8200000000000001              132         119
 Pair-specific Thole:           14 POTD    OD2C1A     2.1899999999999999              131          94
 Pair-specific Thole:           15 POTD    OD2C2A    0.22000000000000000              131          98
 Pair-specific Thole:           16 MAGD    CLAD      0.66000000000000003              141         136
 Pair-specific Thole:           17 MAGD    ND2A2      1.4910000000000001              141          76
 Pair-specific Thole:           18 MAGD    ND2B1      1.3430000000000000              141          78
 Pair-specific Thole:           19 MAGD    ND2R5B     1.3839999999999999              141          80
 Pair-specific Thole:           20 MAGD    ND2R5E     1.3839999999999999              141          83
 Pair-specific Thole:           21 MAGD    ND2R6A     1.1730000000000000              141          85
 Pair-specific Thole:           22 MAGD    ND2R6B     1.1730000000000000              141          86
 Pair-specific Thole:           23 MAGD    ND2R6C     1.4910000000000001              141          87
 Pair-specific Thole:           24 MAGD    ND2R6D     1.4910000000000001              141          88
 Pair-specific Thole:           25 MAGD    OD2C1A     1.0760000000000001              141          94
 Pair-specific Thole:           26 MAGD    OD2C1B     1.1090000000000000              141          95
 Pair-specific Thole:           27 MAGD    OD2C2B     1.4490000000000001              141          99
 Pair-specific Thole:           28 MAGD    OD2C2C     1.4490000000000001              141         100
 Pair-specific Thole:           29 MAGD    OD30B      1.1510000000000000              141         104
 Pair-specific Thole:           30 MAGD    OD30BN     1.1510000000000000              141         105
 Pair-specific Thole:           31 MAGD    OD30BR     1.1510000000000000              141         106
 Pair-specific Thole:           32 MAGD    OD30D      1.1510000000000000              141         108
 Pair-specific Thole:           33 MAGD    OD31D      1.9500000000000000              141         116
 Pair-specific Thole:           34 CALD    OD2C1A     1.3200000000000001              140          94
 Pair-specific Thole:           35 CALD    OD2C1B     1.3200000000000001              140          95
 Pair-specific Thole:           36 CALD    OD31A      1.0500000000000000              140         113
 Pair-specific Thole:           37 CALD    OD31B      1.0500000000000000              140         114
 Pair-specific Thole:           38 CALD    OD31C      1.0500000000000000              140         115
 Pair-specific Thole:           39 CALD    OD31E      1.0500000000000000              140         117
 Pair-specific Thole:           40 CALD    OD31F      1.0500000000000000              140         118
 Pair-specific Thole:           41 CALD    OD31G      1.0500000000000000              140         119
 Pair-specific Thole:           42 BAD     OD2C1A     1.2000000000000000              139          94
 Pair-specific Thole:           43 ZND     OD2C1A     1.5000000000000000              143          94
 Pair-specific Thole:           44 CLAD    ND2A2      2.8599999999999999              136          76
 Pair-specific Thole:           45 CLAD    ND2R6C     2.8599999999999999              136          87
 Pair-specific Thole:           46 CD32C   OD2C2C     1.4500000000000000               63         100
 PARMIO> NONBOND, HBOND lists and IMAGE atoms cleared.
  
 CHARMM>     
  
 VCLOSE: Closing unit   98 with status "KEEP"

                    RETURNING TO INPUT STREAM    99
  
 CHARMM>    stream @toppar/toppar_drude_model_2013f.str
 Parameter: TOPPAR -> "../TOPPAR_2013F"
 VOPEN> Attempting to open::../toppar_2013f/toppar_drude_model_2013f.str::
 OPNLGU> Unit 98 opened for READONLY access to ../toppar_2013f/toppar_drude_model_2013f.str

                    INPUT STREAM SWITCHING TO UNIT    98
 RDTITL> * DRUDE TOPOLOGY AND PARAMETER STREAM FILE FOR SMALL MODEL COMPOUNDS
 RDTITL> *
 Parameter: IN1 <- "" <empty>
  
 CHARMM>     
  
 CHARMM>    !requires toppar_drude_master*.str
 CHARMM>     
  
 CHARMM>    !model compounds
 CHARMM>     
  
 CHARMM>    !references
 CHARMM>    !Alkanes
 CHARMM>    !Igor V. Vorobyov, Victor M. Anisimov and Alexander D. MacKerell,
 CHARMM>    !Jr. "Polarizable Empirical Force Field for Alkanes Based on the
 CHARMM>    !Classical Drude Oscillator Model," Journal of Physical Chemistry B,
 CHARMM>    !109: 18988-18999, 2005.
 CHARMM>    !
 CHARMM>    !Anisotropic polarizability model
 CHARMM>    !Harder, E., Anisimov, V.M., Vorobyov, I.V., Lopes, P.E., Noskov, S.,
 CHARMM>    !MacKerell, A.D., Jr.  and Roux, B. Atomic Level Anisotropy in the
 CHARMM>    !Electrostatic Modeling of Lone Pairs for a Polarizable Force Field
 CHARMM>    !based on the Classical Drude Oscillator, Journal of Chemical Theory
 CHARMM>    !and Computation, 2: 1587-1597, 2006
 CHARMM>    !
 CHARMM>    !Ethers
 CHARMM>    !
 CHARMM>    !Vorobyov, I.V., Anisimov, V.M., Greene, S., Venable, R.M., Moser, A.,
 CHARMM>    !Pastor, R.W. and MacKerell, A.D., Jr., Additive and Classical Drude
 CHARMM>    !Polarizable Force Fields for Linear and Cyclic Ethers, Journal of
 CHARMM>    !Chemical Theory and Computation, 3: 1120-1133, 2007.
 CHARMM>    !
 CHARMM>    !Baker, C. and MacKerell, Jr. A.D., “Polarizability Rescaling and
 CHARMM>    !atom-based Thole Scaling in the CHARMM Drude Polarizable Force Field
 CHARMM>    !for Ethers” Journal of Molecular Modeling, 16: 567-576, 2010,
 CHARMM>    !PMC2818097
 CHARMM>     
  
 CHARMM>    !Sulfur containing compounds
 CHARMM>    !Zhu, X. and MacKerell, A.D., Jr. “Polarizable Empirical Force Field
 CHARMM>    !for Sulfur-Containing Compounds Based on the Classical Drude
 CHARMM>    !Oscillator Model,” Journal of Computational Chemistry, 12: 2330-2341,
 CHARMM>    !2010. PMC2923574
 CHARMM>    !
 CHARMM>    !Alcohols
 CHARMM>    !Anisimov, V.M., Vorobyov, I.V., Roux, B., and MacKerell, A.D., Jr.
 CHARMM>    !Polarizable empirical force field for the primary and secondary
 CHARMM>    !alcohol series based on the classical Drude model. Journal of Chemical
 CHARMM>    !Theory and Computation, 3, 1927-1946, 2007.
 CHARMM>     
  
 CHARMM>    !Amides
 CHARMM>    !Harder, E., Anisimov, V.M., Whitfield, T., MacKerell, A.D., Jr., Roux,
 CHARMM>    !B. "Understanding the Dielectric Properties of Liquid Amides from a
 CHARMM>    !Polarizable Force Field," Journal of Physical Chemistry,
 CHARMM>    !112:3509-3521. 2008, PMID: 18302362
 CHARMM>    !
 CHARMM>    !Final amide model used on 2013 protein FF
 CHARMM>    !Lin, B., Lopes, P.E.M., Roux, B., and MacKerell, A.D., Jr.,
 CHARMM>    !“Kirkwood-Buff Analysis of Aqueous N-Methylacetamide and Acetamide
 CHARMM>    !Solutions Modeled by the CHARMM Additive and Drude Polarizable Force
 CHARMM>    !Fields,” Journal of Chemical Physics, 139: 084509, 2013, PMC3772949
 CHARMM>    !
 CHARMM>    !Aromatics
 CHARMM>    !Lopes, P., Lamoureux, G., Roux, B., MacKerell, A.D., Jr., "Polarizable
 CHARMM>    !Empirical Force Field for Aromatic Compounds Based on the Classical
 CHARMM>    !Drude Oscillator," Journal of Physical Chemistry, B. 111:2873-2885,
 CHARMM>    !2007
 CHARMM>    !
 CHARMM>    !Heterocycles
 CHARMM>    !Lopes, P.E.M., Lamoureux, G., MacKerell, A.D., Jr., “Polarizable
 CHARMM>    !Empirical Force Field for Nitrogen-containing Heteroaromatic Compounds
 CHARMM>    !Based on the Classical Drude Oscillator” Journal of Computational
 CHARMM>    !Chemistry, 30: 1821-1838, 2009, PMC251901
 CHARMM>    !
 CHARMM>    !Nucleic Acid Bases
 CHARMM>    !Baker, C.M., Anisimov, V.M., and MacKerell, A.D., Jr., “Development of
 CHARMM>    !CHARMM Polarizable Force Field for Nucleic Acid Bases Based on the
 CHARMM>    !Classical Drude Oscillator Model,” Journal of Physical Chemistry,
 CHARMM>    !B. 115; 580–596, 2011, PMC3166616
 CHARMM>    !
 CHARMM>    !Halogenated benzenes and ethanes
 CHARMM>    !Lin, F-Y. and MacKerell, A.D., Jr., “Polarizable Empirical Force Field
 CHARMM>    !for Halogen-Containing Compounds Based on the Classical Drude
 CHARMM>    !Oscillator," Journal of Chemical Theory and Computation, 2018, 14 (2),
 CHARMM>    !1083-1098
 CHARMM>    !
 CHARMM>    !Updated Molecular ions are not put here. The parameters here are part
 CHARMM>    !of Drude2013. Updated version can be reached at
 CHARMM>    !Lin, F-Y., Lopes, P.E.M., Harder, E., Roux, B., and
 CHARMM>    !MacKerell, A.D., Jr.,“Polarizable Force Field for Molecular Ions based
 CHARMM>    !on the Classical Drude Oscillator," Journal of Chemical Information
 CHARMM>    !and Modeling, 2018, 58 (5), 993–1004.
 CHARMM>     
  
 CHARMM>    read rtf card append
 MAINIO> Residue topology file being read from unit  98.
 RDTITL> * TOPOLOGY FOR DRUDE MODEL COMPOUNDS
 RDTITL> *

 DRUDES PARTICLES WILL BE GENERATED AUTOMATICALLY FOR ALL ATOMS WITH NON-ZERO ALPHA
 Thole-type dipole screening, Slater-Delta shape {S(u) = 1 - (1+u/2)*exp(-u)}, default radius =  1.300000
  
 CHARMM>     
  
 CHARMM>    read para card append

          PARAMETER FILE BEING READ FROM UNIT 98
 RDTITL> * DRUDE POLARIZABLE FF PARAMETERS
 RDTITL> *
 PARMIO> NONBOND, HBOND lists and IMAGE atoms cleared.
  
 VCLOSE: Closing unit   98 with status "KEEP"

                    RETURNING TO INPUT STREAM    99
  
 CHARMM>    stream @toppar/toppar_drude_carbohydrate_2018a.str
 Parameter: TOPPAR -> "../TOPPAR_2013F"
 VOPEN> Attempting to open::../toppar_2013f/toppar_drude_carbohydrate_2018a.str::
 OPNLGU> Unit 98 opened for READONLY access to ../toppar_2013f/toppar_drude_carbohydrate_2018a.str

                    INPUT STREAM SWITCHING TO UNIT    98
 RDTITL> * $ID: TOPPAR_DRUDE_CARBOHYDRATE.STR 25 2015-07-24 16:15:55Z ALEX $
 RDTITL> * DRUDE TOPOLOGY AND PARAMETER STREAM FILE FOR CARBOHYDRATES
 RDTITL> *
 Parameter: IN1 <- "" <empty>
  
 CHARMM>     
  
 CHARMM>    !requires toppar_drude_master*.str
 CHARMM>     
  
 CHARMM>    !carbohydrate references
 CHARMM>    !
 CHARMM>    !glycosidic linkages/disaccharides
 CHARMM>    !
 CHARMM>    !Aytenfisu, A.H., Yang, M., and MacKerell, A.D., Jr.,
 CHARMM>    !"CHARMM Drude Polarizable Force Field for Glycosidic Linkages
 CHARMM>    !Involving Pyranoses and Furanoses," Submitted for publication
 CHARMM>    !
 CHARMM>    !hexopyranoses
 CHARMM>    !
 CHARMM>    !Yang, M., Aytenfisu, A.H., and MacKerell, A.D., Jr.,
 CHARMM>    !"Proper Balance of Solvent-Solute and Solute-Solute Interactions in
 CHARMM>    !the Treatment of the Diffusion of Glucose using the Drude Polarizable
 CHARMM>    !Force Field," Submitted for publication
 CHARMM>    !
 CHARMM>    !Patel, D.S., He, X., and MacKerell, A.D., Jr.,
 CHARMM>    !“Polarizable Empirical Force Field for Hexopyranose Monosaccharides
 CHARMM>    !based on the Classical Drude Oscillator,” Journal of Physical
 CHARMM>    !Chemistry B., ASAP article, 2014, 10.1021/jp412696m, NIHMSID #566721
 CHARMM>    !
 CHARMM>    !polyalcohols
 CHARMM>    !
 CHARMM>    !He, X., Lopes, P.E.M., and MacKerell, A.D., Jr., “Polarizable
 CHARMM>    !Empirical Force Field for Acyclic Poly-Alcohols Based on the Classical
 CHARMM>    !Drude Oscillator,” Biopolymers, 99: 724-738 2013, DOI:
 CHARMM>    !10.1002/bip.22286
 CHARMM>    !
 CHARMM>    !furanoses
 CHARMM>    !
 CHARMM>    !Jana, M. and MacKerell, A.D., Jr., “CHARMM Drude Polarizable Force
 CHARMM>    !Field for Aldopentofuranoses and Methyl-aldopentofuranosides,” Journal
 CHARMM>    !of Physical Chemistry B, 119: 7846-7859, 2015, doi:
 CHARMM>    !10.1021/acs.jpcb.5b01767, PMC4483154
 CHARMM>    !
 CHARMM>     
  
 CHARMM>    read rtf card append
 MAINIO> Residue topology file being read from unit  98.
 RDTITL> * DRUDE CARBOHYDRATES
 RDTITL> *

 DRUDES PARTICLES WILL BE GENERATED AUTOMATICALLY FOR ALL ATOMS WITH NON-ZERO ALPHA
 Thole-type dipole screening, Slater-Delta shape {S(u) = 1 - (1+u/2)*exp(-u)}, default radius =  1.300000
  
 CHARMM>     
  
 CHARMM>    read para card append

          PARAMETER FILE BEING READ FROM UNIT 98
 RDTITL> * DRUDE POLARIZABLE FF PARAMETERS
 RDTITL> *
 PARMIO> NONBOND, HBOND lists and IMAGE atoms cleared.
  
 CHARMM>     
  
 VCLOSE: Closing unit   98 with status "KEEP"

                    RETURNING TO INPUT STREAM    99
  
 CHARMM>    stream @toppar/toppar_drude_nucleic_acid_2017c.str
 Parameter: TOPPAR -> "../TOPPAR_2013F"
 VOPEN> Attempting to open::../toppar_2013f/toppar_drude_nucleic_acid_2017c.str::
 OPNLGU> Unit 98 opened for READONLY access to ../toppar_2013f/toppar_drude_nucleic_acid_2017c.str

                    INPUT STREAM SWITCHING TO UNIT    98
 RDTITL> * DRUDE TOPOLOGY AND PARAMETER STREAM FILE
 RDTITL> * NUCLEIC ACIDS
 RDTITL> *
 Parameter: IN1 <- "" <empty>
  
 CHARMM>     
  
 CHARMM>    !requires toppar_drude_master*.str
 CHARMM>     
  
 CHARMM>    !nucleic acids
 CHARMM>     
  
 CHARMM>    !references
 CHARMM>    !
 CHARMM>    !DNA
 CHARMM>    !Lemkul, J.A. and MacKerell, A.D., Jr., "Polarizable Force Field for
 CHARMM>    !DNA Based on the Classical Drude Oscillator: I. Refinement using
 CHARMM>    !Quantum Mechanical Base Stacking and Conformational Energetics,"
 CHARMM>    !J. Chem. Theory Comput., 13; 2053-2071, 2017, DOI: 10.1021/acs.jctc.7b00067
 CHARMM>    !
 CHARMM>    !Lemkul, J.A. and MacKerell, A.D., Jr., "Polarizable Force Field for
 CHARMM>    !DNA Based on the Classical Drude Oscillator: II. Microsecond Molecular
 CHARMM>    !Dynamics Simulations of Duplex DNA," J. Chem. Theory Comput.,
 CHARMM>    !13; 2072-2085, 2017, DOI: 10.1021/acs.jctc.7b00068
 CHARMM>    !
 CHARMM>    !Savelyev, A. and MacKerell, A.D., Jr., "All-Atom Polarizable Force
 CHARMM>    !Field for DNA Based on the Classical Drude Oscillator Model," Journal
 CHARMM>    !of Computational Chemistry, 35; 1219-1239, 2014, DOI: 10.1002/jcc.23611,
 CHARMM>    !NIHMSID #585697
 CHARMM>    !
 CHARMM>    !RNA
 CHARMM>    !Lemkul, J.A. and MacKerell, A.D., Jr., "Polarizable Force Field for
 CHARMM>    !RNA Based on the Classical Drude Oscillator," J. Comput. Chem.,
 CHARMM>    !In Press, 2018, DOI: 10.1002/jcc.25709, NIHMSID #990779
 CHARMM>    !
 CHARMM>    !Nucleic Acid Bases
 CHARMM>    !Baker, C.M., Anisimov, V.M., and MacKerell, A.D., Jr., "Development of
 CHARMM>    !CHARMM Polarizable Force Field for Nucleic Acid Bases Based on the
 CHARMM>    !Classical Drude Oscillator Model," Journal of Physical Chemistry B,
 CHARMM>    !115; 580-596, 2011, PMC3166616
 CHARMM>    !
 CHARMM>     
  
 CHARMM>    read rtf card append
 MAINIO> Residue topology file being read from unit  98.
 RDTITL> * TOPOLOGY FOR DRUDE NUCLEIC ACIDS
 RDTITL> *

 DRUDES PARTICLES WILL BE GENERATED AUTOMATICALLY FOR ALL ATOMS WITH NON-ZERO ALPHA
 Thole-type dipole screening, Slater-Delta shape {S(u) = 1 - (1+u/2)*exp(-u)}, default radius =  1.300000
  
 CHARMM>     
  
 CHARMM>    read para card append

          PARAMETER FILE BEING READ FROM UNIT 98
 RDTITL> * DRUDE POLARIZABLE FF PARAMETERS
 RDTITL> *
 PARMIO> NONBOND, HBOND lists and IMAGE atoms cleared.
  
 VCLOSE: Closing unit   98 with status "KEEP"

                    RETURNING TO INPUT STREAM    99
  
 CHARMM>    stream @toppar/toppar_22u.str
 Parameter: TOPPAR -> "../TOPPAR_2013F"
 VOPEN> Attempting to open::../toppar_2013f/toppar_22u.str::
 OPNLGU> Unit 98 opened for READONLY access to ../toppar_2013f/toppar_22u.str

                    INPUT STREAM SWITCHING TO UNIT    98
 RDTITL> * DRUDE TOPPAR STREAM FILE FOR HALOGENATED COMPOUNDS - SIMULATION
 RDTITL> * AUG7, 2018
 RDTITL> *
 Parameter: IN1 <- "" <empty>
  
 CHARMM>     
  
 CHARMM>    !! Need to include other parameters:
 CHARMM>    !! toppar_drude_master_protein_2013*.str
 CHARMM>    !! toppar_drude_halogen_*.str
 CHARMM>    !! toppar_drude_carbohydrate_2013e.str
 CHARMM>    !! toppar_drude_model_2013e.str
 CHARMM>    !! toppar_drude_nucleic_acid_2017a.str
 CHARMM>     
  
 CHARMM>    !ioformat extended
 CHARMM>     
  
 CHARMM>    read rtf card append
 MAINIO> Residue topology file being read from unit  98.
 RDTITL> * TOPOLOGY FOR DRUDE MODEL COMPOUNDS
 RDTITL> *

 DRUDES PARTICLES WILL BE GENERATED AUTOMATICALLY FOR ALL ATOMS WITH NON-ZERO ALPHA
 Thole-type dipole screening, Slater-Delta shape {S(u) = 1 - (1+u/2)*exp(-u)}, default radius =  1.300000
  
 CHARMM>     
  
 CHARMM>    read para card append

          PARAMETER FILE BEING READ FROM UNIT 98
 RDTITL> * FOR HALOGENATED LIGAND
 RDTITL> *
 PARMIO> NONBOND, HBOND lists and IMAGE atoms cleared.
  
 CHARMM>    RETURN
 VCLOSE: Closing unit   98 with status "KEEP"

                    RETURNING TO INPUT STREAM    99
  
 VCLOSE: Closing unit   99 with status "KEEP"

                    RETURNING TO INPUT STREAM     5
  
 CHARMM>     
  
 CHARMM>    !Read PSF and Coordinates
 CHARMM>    open read unit 10 card name step3_crys_complex.psf
 VOPEN> Attempting to open::step3_crys_complex.psf::
 OPNLGU> Unit 10 opened for READONLY access to step3_crys_complex.psf
  
 CHARMM>    read psf  unit 10 card
 MAINIO> Protein structure file being read from unit  10.
 PSFRD2> Reading PSF in the expanded format.
 TITLE>  * GENERATED BY CHARMM-GUI (HTTP://WWW.CHARMM-GUI.ORG) V1.8 ON APR, 19. 2017. JOB
 TITLE>  * SEPARATING OUT SEGMENTS FROM ADDITIVE CRD, WRITING INDIVIDUAL
 TITLE>  * CRD FILES AND GENERATING CORRESPONDING DRUDE INPUTS
 TITLE>  *  DATE:     4/26/19     15: 8:29      CREATED BY USER: fylin
 TITLE>  *
 PSFSUM> PSF modified: NONBOND lists and IMAGE atoms cleared.
 PSFSUM> Summary of the structure file counters :
         Number of segments      =        4   Number of residues   =      291
         Number of atoms         =     7954   Number of groups     =      859
         Number of bonds         =     8014   Number of angles     =     8610
         Number of dihedrals     =    12650   Number of impropers  =      691
         Number of cross-terms   =      284
         Number of HB acceptors  =      429   Number of HB donors  =      524
         Number of NB exclusions =        0   Total charge =    8.00000
         Number of Drudes        =     2364
         Number of true-bonds    =     8014   Number of zero-bonds =        0
         Number of aniso. terms  =      447   Number of lone-pairs =      889
  
 CHARMM>     
  
 CHARMM>    stream step4_solvator.str
 VOPEN> Attempting to open::step4_solvator.str::
 OPNLGU> Unit 99 opened for READONLY access to step4_solvator.str

                    INPUT STREAM SWITCHING TO UNIT    99
 RDTITL> READ SEQUENCE SWM4 12080
 RDTITL> No title read.
 Parameter: IN1 <- "" <empty>
  
 CHARMM>     READ SEQUENCE SWM4 12080
  
 CHARMM>     GENERATE SOLV SETUP NOANGLE NODIHEDRAL DRUDE DMASS 0.4
 Drude polarizability will be setup for SEGID: SOLV    mass of Drudes particles =    0.4000
 NO PATCHING WILL BE DONE ON THE FIRST RESIDUE
 NO PATCHING WILL BE DONE ON THE LAST  RESIDUE

 MKDRUDE generate list and setup for drude polarizability

 All okay for  12080 added Drude particles 

 GENPSF> Segment   5 has been generated. Its identifier is SOLV.
 PSFSUM> PSF modified: NONBOND lists and IMAGE atoms cleared.
 PSFSUM> Summary of the structure file counters :
         Number of segments      =        5   Number of residues   =    12371
         Number of atoms         =    68354   Number of groups     =    12939
         Number of bonds         =    68414   Number of angles     =    20690
         Number of dihedrals     =    12650   Number of impropers  =      691
         Number of cross-terms   =      284
         Number of HB acceptors  =    12509   Number of HB donors  =      524
         Number of NB exclusions =        0   Total charge =    8.00000
         Number of Drudes        =    14444
         Number of true-bonds    =    68414   Number of zero-bonds =        0
         Number of aniso. terms  =      447   Number of lone-pairs =    12969
  
 CHARMM>     SET NPOS = 0
 Parameter: NPOS <- "0"
  
 CHARMM>     SET NNEG = 8
 Parameter: NNEG <- "8"
  
 CHARMM>     SET POSID = SOD
 Parameter: POSID <- "SOD"
  
 CHARMM>     SET NEGID = CLA
 Parameter: NEGID <- "CLA"
  
 CHARMM>     IF NPOS .GT. 0 THEN
 Comparing "0" and "0".
 IF test evaluated as false.  Skip to ELSE or ENDIF
  
 CHARMM>     IF NNEG .GT. 0 THEN
 Comparing "8" and "0".
 IF test evaluated as true.  Performing command
  
 CHARMM>      READ SEQUENCE CLA 8
  
 CHARMM>      GENERATE CLA WARN DRUDE DMASS 0.4
 Drude polarizability will be setup for SEGID: CLA     mass of Drudes particles =    0.4000
 NO PATCHING WILL BE DONE ON THE FIRST RESIDUE
 NO PATCHING WILL BE DONE ON THE LAST  RESIDUE

 MKDRUDE generate list and setup for drude polarizability

 All okay for      8 added Drude particles 

 GENPSF> Segment   6 has been generated. Its identifier is CLA.
 PSFSUM> PSF modified: NONBOND lists and IMAGE atoms cleared.
 PSFSUM> Summary of the structure file counters :
         Number of segments      =        6   Number of residues   =    12379
         Number of atoms         =    68370   Number of groups     =    12947
         Number of bonds         =    68422   Number of angles     =    20690
         Number of dihedrals     =    12650   Number of impropers  =      691
         Number of cross-terms   =      284
         Number of HB acceptors  =    12509   Number of HB donors  =      524
         Number of NB exclusions =        0   Total charge =    0.00000
         Number of Drudes        =    14452
         Number of true-bonds    =    68422   Number of zero-bonds =        0
         Number of aniso. terms  =      447   Number of lone-pairs =    12969
  
 CHARMM>     ENDIF
  
 VCLOSE: Closing unit   99 with status "KEEP"

                    RETURNING TO INPUT STREAM     5
  
 CHARMM>     
  
 CHARMM>    open read unit 10 card name step4_solvator.crd
 OPNLGU> Unit already open. The old file will be closed first.
 VCLOSE: Closing unit   10 with status "KEEP"
 VOPEN> Attempting to open::step4_solvator.crd::
 OPNLGU> Unit 10 opened for READONLY access to step4_solvator.crd
  
 CHARMM>    read coor unit 10 card
          SPATIAL COORDINATES BEING READ FROM UNIT 10
 TITLE> * GENERATED BY CHARMM-GUI (HTTP://WWW.CHARMM-GUI.ORG) V1.8 ON APR, 20. 2017. JOB
 TITLE> * SOLVATE PROTEIN IN WATER BOX
 TITLE> *  DATE:     4/26/19     15:12:53      CREATED BY USER: FYLIN
 TITLE> *
  
 CHARMM>     
  
 CHARMM>    coor sdrude
  
 CHARMM>    coor shake
 SELECTED COORDINATES CONSTRAINED IN THE MAIN SET.

  
 CHARMM>     
  
 CHARMM>    !! drude minimization (skip if necessary)
 CHARMM>    !cons harm force 1000000.0 sele .not. type D* end
 CHARMM>    !mini SD nstep 200
 CHARMM>    !cons harm force 0.0 sele .not. type D* end
 CHARMM>     
  
 CHARMM>    !
 CHARMM>    ! Setup PBC (Periodic Boundary Condition)
 CHARMM>    !
 CHARMM>    stream step4.1_waterbox.prm
 VOPEN> Attempting to open::step4.1_waterbox.prm::
 OPNLGU> Unit 99 opened for READONLY access to step4.1_waterbox.prm

                    INPUT STREAM SWITCHING TO UNIT    99
 RDTITL> SET BOXTYPE  = RECT
 RDTITL> No title read.
 Parameter: IN1 <- "" <empty>
  
 CHARMM>     SET BOXTYPE  = RECT
 Parameter: BOXTYPE <- "RECT"
  
 CHARMM>     SET XTLTYPE  = ORTHORHOMBIC
 Parameter: XTLTYPE <- "ORTHORHOMBIC"
  
 CHARMM>     SET A = 76
 Parameter: A <- "76"
  
 CHARMM>     SET B = 75
 Parameter: B <- "75"
  
 CHARMM>     SET C = 76
 Parameter: C <- "76"
  
 CHARMM>     SET ALPHA = 90.0
 Parameter: ALPHA <- "90.0"
  
 CHARMM>     SET BETA  = 90.0
 Parameter: BETA <- "90.0"
  
 CHARMM>     SET GAMMA = 90.0
 Parameter: GAMMA <- "90.0"
  
 CHARMM>     SET XCEN = 0
 Parameter: XCEN <- "0"
  
 CHARMM>     SET YCEN = 0
 Parameter: YCEN <- "0"
  
 CHARMM>     SET ZCEN = 0
 Parameter: ZCEN <- "0"
  
 VCLOSE: Closing unit   99 with status "KEEP"

                    RETURNING TO INPUT STREAM     5
  
 CHARMM>    COOR CONVERT ALIGNED SYMMETRIC @A @B @C @alpha @beta @gamma
 Parameter: A -> "76"
 Parameter: B -> "75"
 Parameter: C -> "76"
 Parameter: ALPHA -> "90.0"
 Parameter: BETA -> "90.0"
 Parameter: GAMMA -> "90.0"
  
 CHARMM>    open read unit 10 card name crystal_image.str
 OPNLGU> Unit already open. The old file will be closed first.
 VCLOSE: Closing unit   10 with status "KEEP"
 VOPEN> Attempting to open::crystal_image.str::
 OPNLGU> Unit 10 opened for READONLY access to crystal_image.str
  
 CHARMM>    CRYSTAL DEFINE @XTLtype @A @B @C @alpha @beta @gamma
 Parameter: XTLTYPE -> "ORTHORHOMBIC"
 Parameter: A -> "76"
 Parameter: B -> "75"
 Parameter: C -> "76"
 Parameter: ALPHA -> "90.0"
 Parameter: BETA -> "90.0"
 Parameter: GAMMA -> "90.0"
 Crystal Parameters : Crystal Type = ORTH
           A     =   76.00000 B    =   75.00000 C     =   76.00000
           Alpha =   90.00000 Beta =   90.00000 Gamma =   90.00000
  
 CHARMM>    CRYSTAL READ UNIT 10 CARD
 CRYSTAL FILE BEING READ FROM UNIT    10
 TITLE> * GENERATED BY CHARMM-GUI (HTTP://WWW.CHARMM-GUI.ORG) V1.8 ON APR, 26. 2017. JOBID=1493217679
 TITLE> * STREAM FILE FOR CRYSTAL SYMMETRY OPERATION
 TITLE> *
 TITLE>  * GENERATED BY CHARMM-GUI (HTTP://WWW.CHARMM-GUI.ORG) V1.8 ON APR, 26. 2017. JOB
 TITLE>  * STREAM FILE FOR CRYSTAL SYMMETRY OPERATION
 TITLE>  *
                     THERE ARE NO ROTATIONS FOR THIS TRANSFORMATION SET
    26 Transformations have been processed.

  
 CHARMM>     
  
 CHARMM>    !crystal build noper 0 cutoff 16.0
 CHARMM>    !Image centering by residue
 CHARMM>    IMAGE BYRESID XCEN @xcen YCEN @ycen ZCEN @zcen sele resname SWM4 end
 Parameter: XCEN -> "0"
 Parameter: YCEN -> "0"
 Parameter: ZCEN -> "0"
 SELRPN>  60400 atoms have been selected out of  68370
 IMAGE CENTERING ON FOR SOME ATOMS
  
 CHARMM>    IMAGE BYRESID XCEN @xcen YCEN @ycen ZCEN @zcen sele ( segid @posid .or. segid @negid ) end
 Parameter: XCEN -> "0"
 Parameter: YCEN -> "0"
 Parameter: ZCEN -> "0"
 Parameter: POSID -> "SOD"
 Parameter: NEGID -> "CLA"
 SELRPN>     16 atoms have been selected out of  68370
 IMAGE CENTERING ON FOR SOME ATOMS
  
 CHARMM>     
  
 CHARMM>    !
 CHARMM>    ! Nonbonded Options
 CHARMM>    !
 CHARMM>     
  
 CHARMM>    !system "python checkfft.py ?XTLA ?XTLB ?XTLC > checkfft.str"
 CHARMM>    !stream checkfft.str
 CHARMM>     
  
 CHARMM>     
  
 CHARMM>    !
 CHARMM>    ! Nonbonded Options
 CHARMM>    !
 CHARMM>    set 3 16.0  ! cutim
 Parameter: 3 <- "16.0"
  
 CHARMM>    set 4 16.0  ! cutnb
 Parameter: 4 <- "16.0"
  
 CHARMM>    set 5 10.0  ! ctonnb
 Parameter: 5 <- "10.0"
  
 CHARMM>    set 6 12.0  ! ctofnb
 Parameter: 6 <- "12.0"
  
 CHARMM>    set 7 switch
 Parameter: 7 <- "SWITCH"
  
 CHARMM>    set 8 atom
 Parameter: 8 <- "ATOM"
  
 CHARMM>    set 9 vatom
 Parameter: 9 <- "VATOM"
  
 CHARMM>    set 10 vswitch
 Parameter: 10 <- "VSWITCH"
  
 CHARMM>    set kap 0.34 ! epsilon for the PME
 Parameter: KAP <- "0.34"
  
 CHARMM>    set ord 6    ! spline order for PME
 Parameter: ORD <- "6"
  
 CHARMM>    ! fftx dimensions should correspond to 1 A or less; must
 CHARMM>    ! be power of 2, 3 or 5
 CHARMM>    set fftx 64
 Parameter: FFTX <- "64"
  
 CHARMM>    set ffty 64
 Parameter: FFTY <- "64"
  
 CHARMM>    set fftz 64
 Parameter: FFTZ <- "64"
  
 CHARMM>    update inbfrq -1 imgfrq -1 ihbfrq 0 -
 CHARMM>    ewald pmewald kappa @kap fftx @fftx ffty @ffty fftz @fftz order @ord lrc -
 CHARMM>    @7 @8 @9 @10 cutimg @3 cutnb @4 ctofnb @6 ctonnb @5
 Parameter: KAP -> "0.34"
 Parameter: FFTX -> "64"
 Parameter: FFTY -> "64"
 Parameter: FFTZ -> "64"
 Parameter: ORD -> "6"
 Parameter: 7 -> "SWITCH"
 Parameter: 8 -> "ATOM"
 Parameter: 9 -> "VATOM"
 Parameter: 10 -> "VSWITCH"
 Parameter: 3 -> "16.0"
 Parameter: 4 -> "16.0"
 Parameter: 6 -> "12.0"
 Parameter: 5 -> "10.0"

 SELECTED IMAGES ATOMS BEING CENTERED ABOUT  0.000000  0.000000  0.000000

 <MKIMAT2>: updating the image atom lists and remapping
 Transformation   Atoms  Groups  Residues  Min-Distance
    1  C001 has     250      50      50        3.22
    2  C002 has    2142     429     429        0.25
    3  C003 has     280      56      56        0.25
    4  C004 has    2080     416     416        1.05
    5  C005 has   15004    2993    2991        0.00
    6  C006 has    2410     482     482        0.25
    7  C007 has    2175     435     435        0.00
    8  C008 has   14582    2897    2890        0.00
    9  C009 has    2195     439     439        0.00
   10  C010 has   15153    3017    3006        0.00
   12  C012 has     220      44      44        1.07
   13  C013 has    2120     424     424        0.61
   14  C014 has     265      53      53        1.84
 Total of    127246 atoms and     24682 groups and     24094 residues were included

 <PME> Total heap storage needed =     3018815
 Fill Ewald table: Number of points=     10000 EWXmax=    4.250000
 fill erfc table: linear inter has rms error = 0.979220D-08 maximum error = 0.218740D-07
 fill erfc table: cubic spline has rms error = 0.360331D-11 maximum error = 0.108438D-10

 NONBOND OPTION FLAGS: 
     ELEC     VDW      ATOMs    CDIElec  SWITch   VATOm    VSWItch 
     BYGRoup  NOEXtnd  EWALd   
 CUTNB  = 16.000 CTEXNB =999.000 CTONNB = 10.000 CTOFNB = 12.000
 CGONNB =  0.000 CGOFNB = 10.000
 WMIN   =  1.500 WRNMXD =  0.500 E14FAC =  1.000 EPS    =  1.000
 NBXMOD =      5
 PME EWALD OPTIONS: KAPPA  =  0.340  QCOR =  0.000  Bspline order = 6
 FFTX=  64  FFTY=  64  FFTZ=  64
                Using Pub FFT
                Real-to-Complex FFT
 There are        0 atom  pairs and        0 atom  exclusions.
 There are        0 group pairs and        0 group exclusions.
 <MAKINB> with mode   5 found 168272 exclusions and  35889 interactions(1-4)
 <MAKGRP> found   1883 group exclusions.
 <MAKGRP> found      0 image group exclusions.
 Generating nonbond list with Exclusion mode = 5
 Allocate space for   5000 Thole shielding pairs 
 == PRIMARY == SPACE FOR 29326156 ATOM PAIRS AND        0 GROUP PAIRS
 == PRIMARY == SPACE FOR 43989252 ATOM PAIRS AND        0 GROUP PAIRS
 == PRIMARY == SPACE FOR 65983900 ATOM PAIRS AND        0 GROUP PAIRS
 == PRIMARY == SPACE FOR 98975872 ATOM PAIRS AND        0 GROUP PAIRS

 General atom nonbond list generation found:
 72000507 ATOM PAIRS WERE FOUND FOR ATOM LIST
       10 SPECIFIC THOLE SHIELDING PAIRS FOUND 
  1204931 GROUP PAIRS REQUIRED ATOM SEARCHES

 SPACE FOR 62023514 ATOM PAIRS AND        0 GROUP PAIRS

 Image nonbond list generation found:
 20402209 ATOM PAIRS WERE FOUND FOR ATOM LIST
        0 ATOM PAIRS WERE FOUND FOR ATOM SELF LIST
   520582 GROUP PAIRS REQUIRED ATOM SEARCHES

  
 CHARMM>     
  
 CHARMM>    energy

 SELECTED IMAGES ATOMS BEING CENTERED ABOUT  0.000000  0.000000  0.000000

 <MKIMAT2>: updating the image atom lists and remapping
 Transformation   Atoms  Groups  Residues  Min-Distance
    1  C001 has     250      50      50        3.22
    2  C002 has    2142     429     429        0.25
    3  C003 has     280      56      56        0.25
    4  C004 has    2080     416     416        1.05
    5  C005 has   15004    2993    2991        0.00
    6  C006 has    2410     482     482        0.25
    7  C007 has    2175     435     435        0.00
    8  C008 has   14582    2897    2890        0.00
    9  C009 has    2195     439     439        0.00
   10  C010 has   15153    3017    3006        0.00
   12  C012 has     220      44      44        1.07
   13  C013 has    2120     424     424        0.61
   14  C014 has     265      53      53        1.84
 Total of    127246 atoms and     24682 groups and     24094 residues were included

 <MAKGRP> found      0 image group exclusions.

 NONBOND OPTION FLAGS: 
     ELEC     VDW      ATOMs    CDIElec  SWITch   VATOm    VSWItch 
     BYGRoup  NOEXtnd  EWALd   
 CUTNB  = 16.000 CTEXNB =999.000 CTONNB = 10.000 CTOFNB = 12.000
 CGONNB =  0.000 CGOFNB = 10.000
 WMIN   =  1.500 WRNMXD =  0.500 E14FAC =  1.000 EPS    =  1.000
 NBXMOD =      5
 PME EWALD OPTIONS: KAPPA  =  0.340  QCOR =  0.000  Bspline order = 6
 FFTX=  64  FFTY=  64  FFTZ=  64
                Using Pub FFT
                Real-to-Complex FFT
 There are 72000507 atom  pairs and   204161 atom  exclusions.
 There are        0 group pairs and     1883 group exclusions.
 Generating nonbond list with Exclusion mode = 5
 == PRIMARY == SPACE FOR 98975872 ATOM PAIRS AND        0 GROUP PAIRS

 General atom nonbond list generation found:
 72000507 ATOM PAIRS WERE FOUND FOR ATOM LIST
       10 SPECIFIC THOLE SHIELDING PAIRS FOUND 
  1204931 GROUP PAIRS REQUIRED ATOM SEARCHES

 SPACE FOR 62023514 ATOM PAIRS AND        0 GROUP PAIRS

 Image nonbond list generation found:
 20402209 ATOM PAIRS WERE FOUND FOR ATOM LIST
        0 ATOM PAIRS WERE FOUND FOR ATOM SELF LIST
   520582 GROUP PAIRS REQUIRED ATOM SEARCHES

ENER ENR:  Eval#     ENERgy      Delta-E         GRMS
ENER INTERN:          BONDs       ANGLes       UREY-b    DIHEdrals    IMPRopers
ENER CROSS:           CMAPs        PMF1D        PMF2D        PRIMO
ENER EXTERN:        VDWaals         ELEC       HBONds          ASP         USER
ENER IMAGES:        IMNBvdw       IMELec       IMHBnd       RXNField    EXTElec
ENER EWALD:          EWKSum       EWSElf       EWEXcl       EWQCor       EWUTil
ENER LRCor:            EVDW         VIRI   
 ----------       ---------    ---------    ---------    ---------    ---------
ENER>        0  0.10986E+12  0.00000E+00  0.62770E+09
ENER INTERN>     2939.21154   4410.29758   1614.40784   4560.61585      9.78434
ENER CROSS>      -990.52539      0.00000      0.00000      0.00000
ENER EXTERN>    27785.88648 -99053.32245      0.00000      0.00000      0.00000
ENER IMAGES>    0.10986E+12  0.25021E+05  0.00000E+00  0.00000E+00  0.00000E+00
ENER EWALD>       4275.0765-7158147.3597 7138985.6290       0.0000       0.0000
ENER LRCor>      -430.24980   -860.39619
 ----------       ---------    ---------    ---------    ---------    ---------
  
 CHARMM>     
  
 CHARMM>    !
 CHARMM>    ! cons fix all heavy atoms except generated water molecules and
 CHARMM>    ! short minimization
 CHARMM>    !
 CHARMM>     
  
 CHARMM>     
  
 CHARMM>    cons fix sele .not. ( hydrogen .or. segid SOLV .or. segid @posid .or. segid @negid ) end
 Parameter: POSID -> "SOD"
 Parameter: NEGID -> "CLA"
 SELRPN>   3253 atoms have been selected out of  68370
  
 CHARMM>    cons harm force 0.1 sele segid @posid .or. segid @negid end
 Parameter: POSID -> "SOD"
 Parameter: NEGID -> "CLA"
 SELRPN>     16 atoms have been selected out of  68370
 CSTRAN: Harmonic Restraints
          ABSOlute type as set number  1.  Number of selected atoms:     16
          Reference coordinates set to main coordinates.
          Mass weighting will NOT be used for new restraints.
          The force constant of       0.10000 will be used.
          An exponent of  2 will be used.
          The XYZ scale factors are:       1.00000       1.00000       1.00000
          A total of     16 atoms are restrained.
  
 CHARMM>     
  
 CHARMM>    mini SD   nstep 50 nprint 5

 SELECTED IMAGES ATOMS BEING CENTERED ABOUT  0.000000  0.000000  0.000000

 <MKIMAT2>: updating the image atom lists and remapping
 Transformation   Atoms  Groups  Residues  Min-Distance
    1  C001 has     250      50      50        3.22
    2  C002 has    2142     429     429        0.25
    3  C003 has     280      56      56        0.25
    4  C004 has    2080     416     416        1.05
    5  C005 has   15004    2993    2991        0.00
    6  C006 has    2410     482     482        0.25
    7  C007 has    2175     435     435        0.00
    8  C008 has   14582    2897    2890        0.00
    9  C009 has    2195     439     439        0.00
   10  C010 has   15153    3017    3006        0.00
   12  C012 has     220      44      44        1.07
   13  C013 has    2120     424     424        0.61
   14  C014 has     265      53      53        1.84
 Total of    127246 atoms and     24682 groups and     24094 residues were included

 <MAKGRP> found      0 image group exclusions.

 NONBOND OPTION FLAGS: 
     ELEC     VDW      ATOMs    CDIElec  SWITch   VATOm    VSWItch 
     BYGRoup  NOEXtnd  EWALd   
 CUTNB  = 16.000 CTEXNB =999.000 CTONNB = 10.000 CTOFNB = 12.000
 CGONNB =  0.000 CGOFNB = 10.000
 WMIN   =  1.500 WRNMXD =  0.500 E14FAC =  1.000 EPS    =  1.000
 NBXMOD =      5
 PME EWALD OPTIONS: KAPPA  =  0.340  QCOR =  0.000  Bspline order = 6
 FFTX=  64  FFTY=  64  FFTZ=  64
                Using Pub FFT
                Real-to-Complex FFT
 There are 72000507 atom  pairs and   204161 atom  exclusions.
 There are        0 group pairs and     1883 group exclusions.
 Generating nonbond list with Exclusion mode = 5
 == PRIMARY == SPACE FOR 98975872 ATOM PAIRS AND        0 GROUP PAIRS

 General atom nonbond list generation found:
 71421586 ATOM PAIRS WERE FOUND FOR ATOM LIST
  1204931 GROUP PAIRS REQUIRED ATOM SEARCHES

 SPACE FOR 62023514 ATOM PAIRS AND        0 GROUP PAIRS

 Image nonbond list generation found:
 20402209 ATOM PAIRS WERE FOUND FOR ATOM LIST
        0 ATOM PAIRS WERE FOUND FOR ATOM SELF LIST
   520582 GROUP PAIRS REQUIRED ATOM SEARCHES



 STEEPD> An energy minimization has been requested.

 NSTEP  =           50   NPRINT =            5
 STEP   =    0.0200000   TOLFUN =    0.0000000
 TOLGRD =    0.0000000   TOLSTP =    0.0000000

MINI MIN: Cycle      ENERgy      Delta-E         GRMS    Step-size
MINI INTERN:          BONDs       ANGLes       UREY-b    DIHEdrals    IMPRopers
MINI EXTERN:        VDWaals         ELEC       HBONds          ASP         USER
MINI IMAGES:        IMNBvdw       IMELec       IMHBnd       RXNField    EXTElec
MINI EWALD:          EWKSum       EWSElf       EWEXcl       EWQCor       EWUTil
MINI LRCor:            EVDW         VIRI   
 ----------       ---------    ---------    ---------    ---------    ---------
MINI>        0  0.10986E+12  0.44320E+06  0.64153E+09  0.20000E-01
MINI INTERN>      276.98674    754.33288     22.94047    884.01294      0.00000
MINI EXTERN>    27082.23568-530945.22964      0.00000      0.00000      0.00000
MINI IMAGES>    0.10986E+12  0.25021E+05  0.00000E+00  0.00000E+00  0.00000E+00
MINI EWALD>       4275.0765-7158147.3597 7138985.6290       0.0000       0.0000
MINI LRCor>      -430.24980   -860.39619
 ----------       ---------    ---------    ---------    ---------    ---------
MINI>        5 -0.38257E+06  0.10986E+12  0.27928E+03  0.20736E-01
MINI INTERN>   142681.12165   7501.38367     22.47888    882.64717      0.00214
MINI EXTERN>    63818.90543-544352.28365      0.00000      0.00000      0.00000
MINI IMAGES>     7099.72045 -42980.79584      0.00000      0.00000      0.00000
MINI EWALD>       4504.1152-7158147.3597 7136830.0481       0.0000       0.0000
MINI CONSTR>        0.02122      0.00000      0.00000      0.00000      0.00000
MINI LRCor>      -430.24980   -860.39619
 ----------       ---------    ---------    ---------    ---------    ---------
MINI>       10-481211.45336  98641.20821    303.94025      0.00373
MINI INTERN>    82398.12353   4997.33711     22.41659    881.88276      0.00527
MINI EXTERN>    32116.40876-551205.98222      0.00000      0.00000      0.00000
MINI IMAGES>    20174.93309 -52212.80383      0.00000      0.00000      0.00000
MINI EWALD>       4074.2622-7158147.3597 7136119.5487       0.0000       0.0000
MINI CONSTR>        0.02422      0.00000      0.00000      0.00000      0.00000
MINI LRCor>      -430.24980   -860.39619
 ----------       ---------    ---------    ---------    ---------    ---------
MINI>       15-465869.50364 -15341.94972    286.02955      0.00161
MINI INTERN>    79063.61199   4904.05414     22.41362    881.75260      0.00596
MINI EXTERN>    31799.41867-552351.75597      0.00000      0.00000      0.00000
MINI IMAGES>    21896.80520 -33501.48139      0.00000      0.00000      0.00000
MINI EWALD>       3988.8838-7158147.3597 7136004.3725       0.0000       0.0000
MINI CONSTR>        0.02470      0.00000      0.00000      0.00000      0.00000
MINI LRCor>      -430.24980   -860.39619
 ----------       ---------    ---------    ---------    ---------    ---------
MINI>       20-473055.17332   7185.66968    301.20236      0.00029
MINI INTERN>    78018.00633   4888.29858     22.41299    881.70542      0.00622
MINI EXTERN>    31711.53290-552732.25479      0.00000      0.00000      0.00000
MINI IMAGES>    21150.18206 -38342.61238      0.00000      0.00000      0.00000
MINI EWALD>       3959.0708-7158147.3597 7135966.0632       0.0000       0.0000
MINI CONSTR>        0.02488      0.00000      0.00000      0.00000      0.00000
MINI LRCor>      -430.24980   -860.39619
 ----------       ---------    ---------    ---------    ---------    ---------
MINI>       25-482023.99118   8968.81786    836.96745      0.00013
MINI INTERN>    77973.94488   4883.54288     22.41293    881.70038      0.00625
MINI EXTERN>    31704.24977-552771.36359      0.00000      0.00000      0.00000
MINI IMAGES>    21053.85223 -47114.04342      0.00000      0.00000      0.00000
MINI EWALD>       3957.2421-7158147.3597 7135962.0490       0.0000       0.0000
MINI CONSTR>        0.02490      0.00000      0.00000      0.00000      0.00000
MINI LRCor>      -430.24980   -860.39619
 ----------       ---------    ---------    ---------    ---------    ---------
MINI>       30-487719.61104   5695.61986   1401.06420      0.00005
MINI INTERN>    77937.06976   4882.75549     22.41293    881.69964      0.00625
MINI EXTERN>    31703.38577-552777.81899      0.00000      0.00000      0.00000
MINI IMAGES>    21035.41350 -52745.18259      0.00000      0.00000      0.00000
MINI EWALD>       3956.5955-7158147.3597 7135961.6364       0.0000       0.0000
MINI CONSTR>        0.02490      0.00000      0.00000      0.00000      0.00000
MINI LRCor>      -430.24980   -860.39619
 ----------       ---------    ---------    ---------    ---------    ---------
MINI>       35-588538.61549 100819.00444 126173.46423      0.00002
MINI INTERN>    77919.63305   4883.03859     22.41292    881.69946      0.00625
MINI EXTERN>    31703.27332-552779.05386      0.00000      0.00000      0.00000
MINI IMAGES>    21005.08534-153515.02058      0.00000      0.00000      0.00000
MINI EWALD>       3956.3243-7158147.3597 7135961.5704       0.0000       0.0000
MINI CONSTR>        0.02490      0.00000      0.00000      0.00000      0.00000
MINI LRCor>      -430.24980   -860.39619
 ----------       ---------    ---------    ---------    ---------    ---------
MINI>       40-664706.32947  76167.71399 321773.30393      0.00001
MINI INTERN>    77915.87783   4882.96216     22.41292    881.69946      0.00625
MINI EXTERN>    31703.21491-552779.36572      0.00000      0.00000      0.00000
MINI IMAGES>    21015.00521-229688.40233      0.00000      0.00000      0.00000
MINI EWALD>       3956.2584-7158147.3597 7135961.5861       0.0000       0.0000
MINI CONSTR>        0.02490      0.00000      0.00000      0.00000      0.00000
MINI LRCor>      -430.24980   -860.39619
 ----------       ---------    ---------    ---------    ---------    ---------
MINI>       45-654907.64217  -9798.68730 273739.20768      0.00000
MINI INTERN>    77914.09386   4882.99844     22.41292    881.69946      0.00625
MINI EXTERN>    31703.21791-552779.39192      0.00000      0.00000      0.00000
MINI IMAGES>    21013.95884-219886.87949      0.00000      0.00000      0.00000
MINI EWALD>       3956.2329-7158147.3597 7135961.5933       0.0000       0.0000
MINI CONSTR>        0.02490      0.00000      0.00000      0.00000      0.00000
MINI LRCor>      -430.24980   -860.39619
 ----------       ---------    ---------    ---------    ---------    ---------
MINI>       50 -869609.8242  214702.1820 1535602.8503       0.0000
MINI INTERN>    77915.38663   4882.98078     22.41292    881.69946      0.00625
MINI EXTERN>    31703.21815-552779.36495      0.00000      0.00000      0.00000
MINI IMAGES>    21013.88069-434590.29839      0.00000      0.00000      0.00000
MINI EWALD>       3956.2518-7158147.3597 7135961.5871       0.0000       0.0000
MINI CONSTR>        0.02490      0.00000      0.00000      0.00000      0.00000
MINI LRCor>      -430.24980   -860.39619
 ----------       ---------    ---------    ---------    ---------    ---------

 STEEPD> Minimization exiting with number of steps limit (        50) exceeded.

STPD MIN: Cycle      ENERgy      Delta-E         GRMS    Step-size
STPD INTERN:          BONDs       ANGLes       UREY-b    DIHEdrals    IMPRopers
STPD EXTERN:        VDWaals         ELEC       HBONds          ASP         USER
STPD IMAGES:        IMNBvdw       IMELec       IMHBnd       RXNField    EXTElec
STPD EWALD:          EWKSum       EWSElf       EWEXcl       EWQCor       EWUTil
STPD CONSTR:       HARMonic    CDIHedral          CIC     RESDistance       NOE
STPD LRCor:            EVDW         VIRI   
 ----------       ---------    ---------    ---------    ---------    ---------
STPD>       50 -869609.8242  214702.1820 1535602.8503       0.0000
STPD INTERN>    77915.38663   4882.98078     22.41292    881.69946      0.00625
STPD EXTERN>    31703.21815-552779.36495      0.00000      0.00000      0.00000
STPD IMAGES>    21013.88069-434590.29839      0.00000      0.00000      0.00000
STPD EWALD>       3956.2518-7158147.3597 7135961.5871       0.0000       0.0000
STPD CONSTR>        0.02490      0.00000      0.00000      0.00000      0.00000
STPD LRCor>      -430.24980   -860.39619
 ----------       ---------    ---------    ---------    ---------    ---------
  
 CHARMM>    mini ABNR nstep 50 nprint 5

 SELECTED IMAGES ATOMS BEING CENTERED ABOUT  0.000000  0.000000  0.000000
 RESIDUE  471 OPERATED ON BY TRANSFORMATION C022
 RESIDUE 1327 OPERATED ON BY TRANSFORMATION C022
 RESIDUE 1638 OPERATED ON BY TRANSFORMATION C016
 RESIDUE 1660 OPERATED ON BY TRANSFORMATION C016
 RESIDUE 2091 OPERATED ON BY TRANSFORMATION C016
 RESIDUE 2140 OPERATED ON BY TRANSFORMATION C022
 RESIDUE 2722 OPERATED ON BY TRANSFORMATION C016
 RESIDUE 2988 OPERATED ON BY TRANSFORMATION C022
 RESIDUE 3146 OPERATED ON BY TRANSFORMATION C016
 RESIDUE 3816 OPERATED ON BY TRANSFORMATION C022
 RESIDUE 4624 OPERATED ON BY TRANSFORMATION C022
 RESIDUE 5147 OPERATED ON BY TRANSFORMATION C022
 RESIDUE 5670 OPERATED ON BY TRANSFORMATION C022
 RESIDUE 6473 OPERATED ON BY TRANSFORMATION C022
 RESIDUE 7274 OPERATED ON BY TRANSFORMATION C022
 RESIDUE 7751 OPERATED ON BY TRANSFORMATION C022
 RESIDUE 8255 OPERATED ON BY TRANSFORMATION C022
 RESIDUE 9055 OPERATED ON BY TRANSFORMATION C022
 RESIDUE 9911 OPERATED ON BY TRANSFORMATION C022
 RESIDUE10741 OPERATED ON BY TRANSFORMATION C022
 RESIDUE11587 OPERATED ON BY TRANSFORMATION C022
 RESIDUE12252 OPERATED ON BY TRANSFORMATION C005
 RESIDUE12260 OPERATED ON BY TRANSFORMATION C005
 RESIDUE12268 OPERATED ON BY TRANSFORMATION C005
 RESIDUE12284 OPERATED ON BY TRANSFORMATION C005
 RESIDUE12292 OPERATED ON BY TRANSFORMATION C005
 RESIDUE12300 OPERATED ON BY TRANSFORMATION C005
 RESIDUE12316 OPERATED ON BY TRANSFORMATION C005
 RESIDUE12324 OPERATED ON BY TRANSFORMATION C005
 RESIDUE12340 OPERATED ON BY TRANSFORMATION C005
 RESIDUE12348 OPERATED ON BY TRANSFORMATION C005
 RESIDUE12356 OPERATED ON BY TRANSFORMATION C005
 RESIDUE12364 OPERATED ON BY TRANSFORMATION C005

 <MKIMAT2>: updating the image atom lists and remapping
 Transformation   Atoms  Groups  Residues  Min-Distance
    1  C001 has     245      49      49        3.37
    2  C002 has    2152     431     431        0.62
    3  C003 has     275      55      55        0.62
    4  C004 has    2090     418     418        0.67
    5  C005 has   15001    2994    2993        0.00
    6  C006 has    2395     479     479        0.00
    7  C007 has    2160     432     432        0.30
    8  C008 has   14347    2859    2853        0.00
    9  C009 has    2215     443     443        0.62
   10  C010 has   15153    3017    3006        0.00
   12  C012 has     220      44      44        0.56
   13  C013 has    2170     434     434        0.56
   14  C014 has     275      55      55        1.88
 Total of    127068 atoms and     24657 groups and     24071 residues were included

 <MAKGRP> found      0 image group exclusions.

 NONBOND OPTION FLAGS: 
     ELEC     VDW      ATOMs    CDIElec  SWITch   VATOm    VSWItch 
     BYGRoup  NOEXtnd  EWALd   
 CUTNB  = 16.000 CTEXNB =999.000 CTONNB = 10.000 CTOFNB = 12.000
 CGONNB =  0.000 CGOFNB = 10.000
 WMIN   =  1.500 WRNMXD =  0.500 E14FAC =  1.000 EPS    =  1.000
 NBXMOD =      5
 PME EWALD OPTIONS: KAPPA  =  0.340  QCOR =  0.000  Bspline order = 6
 FFTX=  64  FFTY=  64  FFTZ=  64
                Using Pub FFT
                Real-to-Complex FFT
 There are 71421586 atom  pairs and   204161 atom  exclusions.
 There are        0 group pairs and     1883 group exclusions.
 Generating nonbond list with Exclusion mode = 5
 == PRIMARY == SPACE FOR 98975872 ATOM PAIRS AND        0 GROUP PAIRS

 General atom nonbond list generation found:
 71474589 ATOM PAIRS WERE FOUND FOR ATOM LIST
  1220883 GROUP PAIRS REQUIRED ATOM SEARCHES

 SPACE FOR 62023514 ATOM PAIRS AND        0 GROUP PAIRS

 Image nonbond list generation found:
 20348773 ATOM PAIRS WERE FOUND FOR ATOM LIST
        0 ATOM PAIRS WERE FOUND FOR ATOM SELF LIST
   528444 GROUP PAIRS REQUIRED ATOM SEARCHES



 ABNER> An energy minimization has been requested.

 EIGRNG =    0.0005000   MINDIM =            5
 NPRINT =            5   NSTEP  =           50
 PSTRCT =    0.0000000   SDSTP  =    0.0200000
 STPLIM =    1.0000000   STRICT =    0.1000000
 TOLFUN =    0.0000000   TOLGRD =    0.0000000
 TOLITR =          100   TOLSTP =    0.0000000
 FMEM   =    0.0000000
MINI MIN: Cycle      ENERgy      Delta-E         GRMS    Step-size
MINI INTERN:          BONDs       ANGLes       UREY-b    DIHEdrals    IMPRopers
MINI EXTERN:        VDWaals         ELEC       HBONds          ASP         USER
MINI IMAGES:        IMNBvdw       IMELec       IMHBnd       RXNField    EXTElec
MINI EWALD:          EWKSum       EWSElf       EWEXcl       EWQCor       EWUTil
MINI CONSTR:       HARMonic    CDIHedral          CIC     RESDistance       NOE
MINI LRCor:            EVDW         VIRI   
 ----------       ---------    ---------    ---------    ---------    ---------
MINI>        0 -2027447.786  1157837.962 26084588.139        0.000
MINI INTERN>    77914.90868   4882.98760     22.41292    881.69946      0.00625
MINI EXTERN>    39561.55193-553366.90385      0.00000      0.00000      0.00000
MINI IMAGES>     13155.5474-1591840.2459       0.0000       0.0000       0.0000
MINI EWALD>       3956.2449-7158147.3597 7135961.5893       0.0000       0.0000
MINI CONSTR>        0.02490      0.00000      0.00000      0.00000      0.00000
MINI LRCor>      -430.24980   -860.39619
 ----------       ---------    ---------    ---------    ---------    ---------
MINI>        5 -538306.5228-1489141.2632   50587.2860       0.0100
MINI INTERN>    77923.40522   4882.67745     22.41292    881.69916      0.00625
MINI EXTERN>    39557.54935-553502.70761      0.00000      0.00000      0.00000
MINI IMAGES>    13144.67731-102556.24623      0.00000      0.00000      0.00000
MINI EWALD>       3956.2872-7158147.3597 7135961.3008       0.0000       0.0000
MINI CONSTR>        0.02490      0.00000      0.00000      0.00000      0.00000
MINI LRCor>      -430.24980   -860.39619
 ----------       ---------    ---------    ---------    ---------    ---------
MINI>       10-702322.17567 164015.65284 462953.68542      0.00125
MINI INTERN>    77915.70288   4882.97627     22.41292    881.69946      0.00625
MINI EXTERN>    39561.55193-553366.88809      0.00000      0.00000      0.00000
MINI IMAGES>    13155.54661-266715.44128      0.00000      0.00000      0.00000
MINI EWALD>       3956.2564-7158147.3597 7135961.5856       0.0000       0.0000
MINI CONSTR>        0.02490      0.00000      0.00000      0.00000      0.00000
MINI LRCor>      -430.24980   -860.39619
 ----------       ---------    ---------    ---------    ---------    ---------
MINI>       15-638537.41618 -63784.75949 166057.91751      0.00403
MINI INTERN>    77916.88024   4883.01436     22.41292    881.69945      0.00625
MINI EXTERN>    39561.53609-553368.00740      0.00000      0.00000      0.00000
MINI IMAGES>    13150.62562-202925.85145      0.00000      0.00000      0.00000
MINI EWALD>       3956.2770-7158147.3597 7135961.5754       0.0000       0.0000
MINI CONSTR>        0.02490      0.00000      0.00000      0.00000      0.00000
MINI LRCor>      -430.24980   -860.39619
 ----------       ---------    ---------    ---------    ---------    ---------
MINI>       20 -1668543.472  1030006.056 15274637.877        0.000
MINI INTERN>    77914.88006   4882.98801     22.41292    881.69946      0.00625
MINI EXTERN>    39561.55193-553366.90445      0.00000      0.00000      0.00000
MINI IMAGES>     13155.5473-1232935.9025       0.0000       0.0000       0.0000
MINI EWALD>       3956.2444-7158147.3597 7135961.5895       0.0000       0.0000
MINI CONSTR>        0.02490      0.00000      0.00000      0.00000      0.00000
MINI LRCor>      -430.24980   -860.39619
 ----------       ---------    ---------    ---------    ---------    ---------
MINI>       25  -4438126.41   2769582.94 172888047.95         0.00
MINI INTERN>    77915.01523   4882.99494     22.41292    881.69945      0.00625
MINI EXTERN>    39561.54695-553367.16421      0.00000      0.00000      0.00000
MINI IMAGES>     13154.7259-4002517.8981       0.0000       0.0000       0.0000
MINI EWALD>       3956.2469-7158147.3597 7135961.5879       0.0000       0.0000
MINI CONSTR>        0.02490      0.00000      0.00000      0.00000      0.00000
MINI LRCor>      -430.24980   -860.39619
 ----------       ---------    ---------    ---------    ---------    ---------
MINI>       30  -5118607.02    680480.61 238216427.60         0.00
MINI INTERN>    77915.03283   4882.98582     22.41292    881.69946      0.00625
MINI EXTERN>    39561.55193-553366.90137      0.00000      0.00000      0.00000
MINI IMAGES>     13155.5473-4682999.6030       0.0000       0.0000       0.0000
MINI EWALD>       3956.2467-7158147.3597 7135961.5887       0.0000       0.0000
MINI CONSTR>        0.02490      0.00000      0.00000      0.00000      0.00000
MINI LRCor>      -430.24980   -860.39619
 ----------       ---------    ---------    ---------    ---------    ---------
MINI>       35 -2648573.935 -2470033.083 51580727.890        0.000
MINI INTERN>    77914.97596   4882.98453     22.41292    881.69946      0.00625
MINI EXTERN>    39561.55175-553366.91123      0.00000      0.00000      0.00000
MINI IMAGES>     13155.5174-2212966.4219       0.0000       0.0000       0.0000
MINI EWALD>       3956.2458-7158147.3597 7135961.5891       0.0000       0.0000
MINI CONSTR>        0.02490      0.00000      0.00000      0.00000      0.00000
MINI LRCor>      -430.24980   -860.39619
 ----------       ---------    ---------    ---------    ---------    ---------
MINI>       40  -32264693.7   29616119.7 3184031112.7          0.0
MINI INTERN>    77915.00069   4882.98628     22.41292    881.69946      0.00625
MINI EXTERN>    39561.55193-553366.90202      0.00000      0.00000      0.00000
MINI IMAGES>      13155.547-31829086.226        0.000        0.000        0.000
MINI EWALD>       3956.2462-7158147.3597 7135961.5889       0.0000       0.0000
MINI CONSTR>        0.02490      0.00000      0.00000      0.00000      0.00000
MINI LRCor>      -430.24980   -860.39619
 ----------       ---------    ---------    ---------    ---------    ---------
MINI>       45  -19036553.5  -13228140.2 3835493778.7          0.0
MINI INTERN>    77915.00697   4882.98618     22.41292    881.69946      0.00625
MINI EXTERN>    39561.55191-553366.90325      0.00000      0.00000      0.00000
MINI IMAGES>      13155.544-18600946.042        0.000        0.000        0.000
MINI EWALD>       3956.2463-7158147.3597 7135961.5889       0.0000       0.0000
MINI CONSTR>        0.02490      0.00000      0.00000      0.00000      0.00000
MINI LRCor>      -430.24980   -860.39619
 ----------       ---------    ---------    ---------    ---------    ---------
MINI>       50  -10157970.7   -8878582.8 1041322766.9          0.0
MINI INTERN>    77915.00697   4882.98683     22.41292    881.69946      0.00625
MINI EXTERN>    39561.55181-553366.90878      0.00000      0.00000      0.00000
MINI IMAGES>     13155.5274-9722363.2323       0.0000       0.0000       0.0000
MINI EWALD>       3956.2463-7158147.3597 7135961.5888       0.0000       0.0000
MINI CONSTR>        0.02490      0.00000      0.00000      0.00000      0.00000
MINI LRCor>      -430.24980   -860.39619
 ----------       ---------    ---------    ---------    ---------    ---------

 ABNER> Minimization exiting with number of steps limit (   50) exceeded.

ABNR MIN: Cycle      ENERgy      Delta-E         GRMS    Step-size
ABNR INTERN:          BONDs       ANGLes       UREY-b    DIHEdrals    IMPRopers
ABNR EXTERN:        VDWaals         ELEC       HBONds          ASP         USER
ABNR IMAGES:        IMNBvdw       IMELec       IMHBnd       RXNField    EXTElec
ABNR EWALD:          EWKSum       EWSElf       EWEXcl       EWQCor       EWUTil
ABNR CONSTR:       HARMonic    CDIHedral          CIC     RESDistance       NOE
ABNR LRCor:            EVDW         VIRI   
 ----------       ---------    ---------    ---------    ---------    ---------
ABNR>       50  -10157970.7   -8878582.8 1041322766.9          0.0
ABNR INTERN>    77915.00697   4882.98683     22.41292    881.69946      0.00625
ABNR EXTERN>    39561.55181-553366.90878      0.00000      0.00000      0.00000
ABNR IMAGES>     13155.5274-9722363.2323       0.0000       0.0000       0.0000
ABNR EWALD>       3956.2463-7158147.3597 7135961.5888       0.0000       0.0000
ABNR CONSTR>        0.02490      0.00000      0.00000      0.00000      0.00000
ABNR LRCor>      -430.24980   -860.39619
 ----------       ---------    ---------    ---------    ---------    ---------
  
 CHARMM>     
  
 CHARMM>    cons fix sele none end
 SELRPN>      0 atoms have been selected out of  68370
  
 CHARMM>     
  
 CHARMM>    !
 CHARMM>    ! Write coordinates and system information
 CHARMM>    !
 CHARMM>     
  
 CHARMM>    open write unit 10 card name step5_pbcsetup.psf
 OPNLGU> Unit already open. The old file will be closed first.
 VCLOSE: Closing unit   10 with status "KEEP"
 VOPEN> Attempting to open::step5_pbcsetup.psf::
 OPNLGU> Unit 10 opened for WRITE access to step5_pbcsetup.psf
  
 CHARMM>    write  psf unit 10 card
 RDTITL>  
 RDTITL> No title read.
  
 CHARMM>     
  
 CHARMM>    open write unit 10 card name step5_pbcsetup.pdb
 OPNLGU> Unit already open. The old file will be closed first.
 VCLOSE: Closing unit   10 with status "KEEP"
 VOPEN> Attempting to open::step5_pbcsetup.pdb::
 OPNLGU> Unit 10 opened for WRITE access to step5_pbcsetup.pdb
  
 CHARMM>    write coor unit 10 pdb
 RDTITL>  
 RDTITL> No title read.
  Write CHARMM-pdb format
  
 CHARMM>     
  
 CHARMM>    open write unit 10 card name step5_pbcsetup.crd
 OPNLGU> Unit already open. The old file will be closed first.
 VCLOSE: Closing unit   10 with status "KEEP"
 VOPEN> Attempting to open::step5_pbcsetup.crd::
 OPNLGU> Unit 10 opened for WRITE access to step5_pbcsetup.crd
  
 CHARMM>    write coor unit 10 card
 RDTITL>  
 RDTITL> No title read.
 VCLOSE: Closing unit   10 with status "KEEP"
  
 CHARMM>     
  
 CHARMM>    open  write unit 90 card name step5_pbcsetup.str
 VOPEN> Attempting to open::step5_pbcsetup.str::
 OPNLGU> Unit 90 opened for WRITE access to step5_pbcsetup.str
  
 CHARMM>    write title unit 90
 RDTITL> * SET XTLTYPE  = ORTHORHOMBIC
 RDTITL> * SET A = 76
 RDTITL> * SET B = 75
 RDTITL> * SET C = 76
 RDTITL> * SET ALPHA = 90.0
 RDTITL> * SET BETA  = 90.0
 RDTITL> * SET GAMMA = 90.0
 RDTITL> * SET FFTX     = 64
 RDTITL> * SET FFTY     = 64
 RDTITL> * SET FFTZ     = 64
 RDTITL> * SET POSID = SOD
 RDTITL> * SET NEGID = CLA
 RDTITL> * SET XCEN = 0
 RDTITL> * SET YCEN = 0
 RDTITL> * SET ZCEN = 0
 RDTITL> *
  
 CHARMM>     
  
 CHARMM>     
  
 CHARMM>    stop
 VCLOSE: Closing unit   90 with status "KEEP"

      $$$$$$  New timer profile Local node$$$$$

   Shake time                      0.20 Other:            0.00
      Heuristic check                 0.00 Other:            0.00
   List time                       9.61 Other:            9.61
            Direct Ewald time             346.72 Other:            0.00
               Fill charge grid                8.02 Other:            0.00
               Scalar sum                      1.49 Other:            0.00
               Grad sum                        7.57 Other:            0.00
               FFT                             1.45 Other:            0.00
            Recip Ewald time               18.55 Other:            0.02
         Ewald time                    365.28 Other:            0.00
      Nonbond force                 367.39 Other:            2.11
         Bond energy                     0.32 Other:            0.00
         Angle energy                    0.22 Other:            0.00
         Dihedral energy                 0.21 Other:            0.00
         Restraints energy               0.00 Other:            0.00
      INTRNL energy                   0.89 Other:            0.15
      Comm energy                     0.00 Other:            0.00
      Comm force                      0.00 Other:            0.00
   Energy time                   369.04 Other:            0.76
 Total time                    433.53 Other:           54.67

         $$$$$$  Average   profile $$$$$

   Shake time                      0.20 Other:            0.00
      Heuristic check                 0.00 Other:            0.00
   List time                       9.61 Other:            9.61
            Direct Ewald time             346.72 Other:            0.00
               Fill charge grid                8.02 Other:            0.00
               Scalar sum                      1.49 Other:            0.00
               Grad sum                        7.57 Other:            0.00
               FFT                             1.45 Other:            0.00
            Recip Ewald time               18.55 Other:            0.02
         Ewald time                    365.28 Other:            0.00
      Nonbond force                 367.39 Other:            2.11
         Bond energy                     0.32 Other:            0.00
         Angle energy                    0.22 Other:            0.00
         Dihedral energy                 0.21 Other:            0.00
         Restraints energy               0.00 Other:            0.00
      INTRNL energy                   0.89 Other:            0.15
      Comm energy                     0.00 Other:            0.00
      Comm force                      0.00 Other:            0.00
   Energy time                   369.04 Other:            0.76
 Total time                    433.53 Other:           54.67

                    NORMAL TERMINATION BY NORMAL STOP
                    MOST SEVERE WARNING WAS AT LEVEL  1

                    $$$$$ JOB ACCOUNTING INFORMATION $$$$$
                     ELAPSED TIME:     7.23  MINUTES 
                         CPU TIME:     7.22  MINUTES 
